[ DEBUG ][ 2022-07-04 00:40:21,719 ][ base ] ==> Exception while resolving variable 'name' in template 'unknown'.
Traceback (most recent call last):
  File "/home/ymane/.local/lib/python3.8/site-packages/django/core/handlers/exception.py", line 34, in inner
    response = get_response(request)
  File "/home/ymane/.local/lib/python3.8/site-packages/django/core/handlers/base.py", line 100, in _get_response
    resolver_match = resolver.resolve(request.path_info)
  File "/home/ymane/.local/lib/python3.8/site-packages/django/urls/resolvers.py", line 575, in resolve
    raise Resolver404({'tried': tried, 'path': new_path})
django.urls.exceptions.Resolver404: {'tried': [[<URLResolver <URLPattern list> (admin:admin) 'admin-back-office/'>], [<URLResolver <module 'django.conf.urls.i18n' from '/home/ymane/.local/lib/python3.8/site-packages/django/conf/urls/i18n.py'> (None:None) 'i18n/'>], [<URLResolver <module 'session_security.urls' from '/home/ymane/Téléchargements/projet_complet_easytrans_et_git/EASYTRANS/session_security/urls.py'> (None:None) 'session_security/'>], [<URLResolver <module 'oauth.urls.base' from '/home/ymane/Téléchargements/projet_complet_easytrans_et_git/EASYTRANS/oauth/urls/base.py'> (None:None) 'oauth/'>], [<URLResolver <module 'sentry.urls.base' from '/home/ymane/Téléchargements/projet_complet_easytrans_et_git/EASYTRANS/sentry/urls/base.py'> (None:None) 'sentry/'>], [<URLResolver <module 'website.urls.base' from '/home/ymane/Téléchargements/projet_complet_easytrans_et_git/EASYTRANS/website/urls/base.py'> (None:None) ''>, <URLResolver <module 'website.urls.frontspace' from '/home/ymane/Téléchargements/projet_complet_easytrans_et_git/EASYTRANS/website/urls/frontspace.py'> (None:None) '^'>, <URLPattern '' [name='frontspace']>], [<URLResolver <module 'website.urls.base' from '/home/ymane/Téléchargements/projet_complet_easytrans_et_git/EASYTRANS/website/urls/base.py'> (None:None) ''>, <URLResolver <module 'website.urls.frontspace' from '/home/ymane/Téléchargements/projet_complet_easytrans_et_git/EASYTRANS/website/urls/frontspace.py'> (None:None) '^'>, <URLPattern 'ajax/load-lieu_depart/' [name='ajax_load_lieu_depart']>], [<URLResolver <module 'website.urls.base' from '/home/ymane/Téléchargements/projet_complet_easytrans_et_git/EASYTRANS/website/urls/base.py'> (None:None) ''>, <URLResolver <module 'website.urls.frontspace' from '/home/ymane/Téléchargements/projet_complet_easytrans_et_git/EASYTRANS/website/urls/frontspace.py'> (None:None) '^'>, <URLPattern 'ajax/load-destination/' [name='ajax_load_destination']>], [<URLResolver <module 'website.urls.base' from '/home/ymane/Téléchargements/projet_complet_easytrans_et_git/EASYTRANS/website/urls/base.py'> (None:None) ''>, <URLResolver <module 'website.urls.frontspace' from '/home/ymane/Téléchargements/projet_complet_easytrans_et_git/EASYTRANS/website/urls/frontspace.py'> (None:None) '^'>, <URLPattern '^media/(?P<path>.*)$'>], [<URLResolver <module 'website.urls.base' from '/home/ymane/Téléchargements/projet_complet_easytrans_et_git/EASYTRANS/website/urls/base.py'> (None:None) ''>, <URLResolver <module 'website.urls.frontspace' from '/home/ymane/Téléchargements/projet_complet_easytrans_et_git/EASYTRANS/website/urls/frontspace.py'> (None:None) '^'>, <URLPattern '^static/(?P<path>.*)$'>], [<URLResolver <module 'website.urls.base' from '/home/ymane/Téléchargements/projet_complet_easytrans_et_git/EASYTRANS/website/urls/base.py'> (None:None) ''>, <URLResolver <module 'website.urls.waiting_page' from '/home/ymane/Téléchargements/projet_complet_easytrans_et_git/EASYTRANS/website/urls/waiting_page.py'> (None:None) 'wait/'>], [<URLResolver <module 'website.urls.base' from '/home/ymane/Téléchargements/projet_complet_easytrans_et_git/EASYTRANS/website/urls/base.py'> (None:None) ''>, <URLResolver <module 'website.urls.payement_state' from '/home/ymane/Téléchargements/projet_complet_easytrans_et_git/EASYTRANS/website/urls/payement_state.py'> (None:None) 'payement_state/'>, <URLPattern 'success/' [name='success']>], [<URLResolver <module 'website.urls.base' from '/home/ymane/Téléchargements/projet_complet_easytrans_et_git/EASYTRANS/website/urls/base.py'> (None:None) ''>, <URLResolver <module 'website.urls.payement_state' from '/home/ymane/Téléchargements/projet_complet_easytrans_et_git/EASYTRANS/website/urls/payement_state.py'> (None:None) 'payement_state/'>, <URLPattern 'failled/' [name='failled']>], [<URLResolver <module 'website.urls.base' from '/home/ymane/Téléchargements/projet_complet_easytrans_et_git/EASYTRANS/website/urls/base.py'> (None:None) ''>, <URLResolver <module 'website.urls.payement_state' from '/home/ymane/Téléchargements/projet_complet_easytrans_et_git/EASYTRANS/website/urls/payement_state.py'> (None:None) 'payement_state/'>, <URLPattern 'notification'>], [<URLResolver <module 'website.urls.base' from '/home/ymane/Téléchargements/projet_complet_easytrans_et_git/EASYTRANS/website/urls/base.py'> (None:None) ''>, <URLResolver <module 'website.urls.payement_state' from '/home/ymane/Téléchargements/projet_complet_easytrans_et_git/EASYTRANS/website/urls/payement_state.py'> (None:None) 'payement_state/'>, <URLPattern '^media/(?P<path>.*)$'>], [<URLResolver <module 'website.urls.base' from '/home/ymane/Téléchargements/projet_complet_easytrans_et_git/EASYTRANS/website/urls/base.py'> (None:None) ''>, <URLResolver <module 'website.urls.payement_state' from '/home/ymane/Téléchargements/projet_complet_easytrans_et_git/EASYTRANS/website/urls/payement_state.py'> (None:None) 'payement_state/'>, <URLPattern '^static/(?P<path>.*)$'>], [<URLResolver <module 'website.urls.base' from '/home/ymane/Téléchargements/projet_complet_easytrans_et_git/EASYTRANS/website/urls/base.py'> (None:None) ''>, <URLResolver <module 'website.urls.userspace' from '/home/ymane/Téléchargements/projet_complet_easytrans_et_git/EASYTRANS/website/urls/userspace.py'> (None:None) 'back-office/'>], [<URLResolver <module 'website.urls.base' from '/home/ymane/Téléchargements/projet_complet_easytrans_et_git/EASYTRANS/website/urls/base.py'> (None:None) ''>, <URLPattern '^media/(?P<path>.*)$'>], [<URLResolver <URLPattern list> (ninja:api-1.0.0) 'api-ninja/'>], [<URLPattern '^media/(?P<path>.*)$'>], [<URLPattern '^static/(?P<path>.*)$'>]], 'path': 'payement_state/notification/'}

During handling of the above exception, another exception occurred:

Traceback (most recent call last):
  File "/home/ymane/.local/lib/python3.8/site-packages/django/template/base.py", line 828, in _resolve_lookup
    current = current[bit]
TypeError: 'URLResolver' object is not subscriptable

During handling of the above exception, another exception occurred:

Traceback (most recent call last):
  File "/home/ymane/.local/lib/python3.8/site-packages/django/template/base.py", line 836, in _resolve_lookup
    current = getattr(current, bit)
AttributeError: 'URLResolver' object has no attribute 'name'

During handling of the above exception, another exception occurred:

Traceback (most recent call last):
  File "/home/ymane/.local/lib/python3.8/site-packages/django/template/base.py", line 842, in _resolve_lookup
    current = current[int(bit)]
ValueError: invalid literal for int() with base 10: 'name'

During handling of the above exception, another exception occurred:

Traceback (most recent call last):
  File "/home/ymane/.local/lib/python3.8/site-packages/django/template/base.py", line 847, in _resolve_lookup
    raise VariableDoesNotExist("Failed lookup for key "
django.template.base.VariableDoesNotExist: Failed lookup for key [name] in <URLResolver <URLPattern list> (admin:admin) 'admin-back-office/'>
[ DEBUG ][ 2022-07-04 00:40:21,725 ][ base ] ==> Exception while resolving variable 'name' in template 'unknown'.
Traceback (most recent call last):
  File "/home/ymane/.local/lib/python3.8/site-packages/django/core/handlers/exception.py", line 34, in inner
    response = get_response(request)
  File "/home/ymane/.local/lib/python3.8/site-packages/django/core/handlers/base.py", line 100, in _get_response
    resolver_match = resolver.resolve(request.path_info)
  File "/home/ymane/.local/lib/python3.8/site-packages/django/urls/resolvers.py", line 575, in resolve
    raise Resolver404({'tried': tried, 'path': new_path})
django.urls.exceptions.Resolver404: {'tried': [[<URLResolver <URLPattern list> (admin:admin) 'admin-back-office/'>], [<URLResolver <module 'django.conf.urls.i18n' from '/home/ymane/.local/lib/python3.8/site-packages/django/conf/urls/i18n.py'> (None:None) 'i18n/'>], [<URLResolver <module 'session_security.urls' from '/home/ymane/Téléchargements/projet_complet_easytrans_et_git/EASYTRANS/session_security/urls.py'> (None:None) 'session_security/'>], [<URLResolver <module 'oauth.urls.base' from '/home/ymane/Téléchargements/projet_complet_easytrans_et_git/EASYTRANS/oauth/urls/base.py'> (None:None) 'oauth/'>], [<URLResolver <module 'sentry.urls.base' from '/home/ymane/Téléchargements/projet_complet_easytrans_et_git/EASYTRANS/sentry/urls/base.py'> (None:None) 'sentry/'>], [<URLResolver <module 'website.urls.base' from '/home/ymane/Téléchargements/projet_complet_easytrans_et_git/EASYTRANS/website/urls/base.py'> (None:None) ''>, <URLResolver <module 'website.urls.frontspace' from '/home/ymane/Téléchargements/projet_complet_easytrans_et_git/EASYTRANS/website/urls/frontspace.py'> (None:None) '^'>, <URLPattern '' [name='frontspace']>], [<URLResolver <module 'website.urls.base' from '/home/ymane/Téléchargements/projet_complet_easytrans_et_git/EASYTRANS/website/urls/base.py'> (None:None) ''>, <URLResolver <module 'website.urls.frontspace' from '/home/ymane/Téléchargements/projet_complet_easytrans_et_git/EASYTRANS/website/urls/frontspace.py'> (None:None) '^'>, <URLPattern 'ajax/load-lieu_depart/' [name='ajax_load_lieu_depart']>], [<URLResolver <module 'website.urls.base' from '/home/ymane/Téléchargements/projet_complet_easytrans_et_git/EASYTRANS/website/urls/base.py'> (None:None) ''>, <URLResolver <module 'website.urls.frontspace' from '/home/ymane/Téléchargements/projet_complet_easytrans_et_git/EASYTRANS/website/urls/frontspace.py'> (None:None) '^'>, <URLPattern 'ajax/load-destination/' [name='ajax_load_destination']>], [<URLResolver <module 'website.urls.base' from '/home/ymane/Téléchargements/projet_complet_easytrans_et_git/EASYTRANS/website/urls/base.py'> (None:None) ''>, <URLResolver <module 'website.urls.frontspace' from '/home/ymane/Téléchargements/projet_complet_easytrans_et_git/EASYTRANS/website/urls/frontspace.py'> (None:None) '^'>, <URLPattern '^media/(?P<path>.*)$'>], [<URLResolver <module 'website.urls.base' from '/home/ymane/Téléchargements/projet_complet_easytrans_et_git/EASYTRANS/website/urls/base.py'> (None:None) ''>, <URLResolver <module 'website.urls.frontspace' from '/home/ymane/Téléchargements/projet_complet_easytrans_et_git/EASYTRANS/website/urls/frontspace.py'> (None:None) '^'>, <URLPattern '^static/(?P<path>.*)$'>], [<URLResolver <module 'website.urls.base' from '/home/ymane/Téléchargements/projet_complet_easytrans_et_git/EASYTRANS/website/urls/base.py'> (None:None) ''>, <URLResolver <module 'website.urls.waiting_page' from '/home/ymane/Téléchargements/projet_complet_easytrans_et_git/EASYTRANS/website/urls/waiting_page.py'> (None:None) 'wait/'>], [<URLResolver <module 'website.urls.base' from '/home/ymane/Téléchargements/projet_complet_easytrans_et_git/EASYTRANS/website/urls/base.py'> (None:None) ''>, <URLResolver <module 'website.urls.payement_state' from '/home/ymane/Téléchargements/projet_complet_easytrans_et_git/EASYTRANS/website/urls/payement_state.py'> (None:None) 'payement_state/'>, <URLPattern 'success/' [name='success']>], [<URLResolver <module 'website.urls.base' from '/home/ymane/Téléchargements/projet_complet_easytrans_et_git/EASYTRANS/website/urls/base.py'> (None:None) ''>, <URLResolver <module 'website.urls.payement_state' from '/home/ymane/Téléchargements/projet_complet_easytrans_et_git/EASYTRANS/website/urls/payement_state.py'> (None:None) 'payement_state/'>, <URLPattern 'failled/' [name='failled']>], [<URLResolver <module 'website.urls.base' from '/home/ymane/Téléchargements/projet_complet_easytrans_et_git/EASYTRANS/website/urls/base.py'> (None:None) ''>, <URLResolver <module 'website.urls.payement_state' from '/home/ymane/Téléchargements/projet_complet_easytrans_et_git/EASYTRANS/website/urls/payement_state.py'> (None:None) 'payement_state/'>, <URLPattern 'notification'>], [<URLResolver <module 'website.urls.base' from '/home/ymane/Téléchargements/projet_complet_easytrans_et_git/EASYTRANS/website/urls/base.py'> (None:None) ''>, <URLResolver <module 'website.urls.payement_state' from '/home/ymane/Téléchargements/projet_complet_easytrans_et_git/EASYTRANS/website/urls/payement_state.py'> (None:None) 'payement_state/'>, <URLPattern '^media/(?P<path>.*)$'>], [<URLResolver <module 'website.urls.base' from '/home/ymane/Téléchargements/projet_complet_easytrans_et_git/EASYTRANS/website/urls/base.py'> (None:None) ''>, <URLResolver <module 'website.urls.payement_state' from '/home/ymane/Téléchargements/projet_complet_easytrans_et_git/EASYTRANS/website/urls/payement_state.py'> (None:None) 'payement_state/'>, <URLPattern '^static/(?P<path>.*)$'>], [<URLResolver <module 'website.urls.base' from '/home/ymane/Téléchargements/projet_complet_easytrans_et_git/EASYTRANS/website/urls/base.py'> (None:None) ''>, <URLResolver <module 'website.urls.userspace' from '/home/ymane/Téléchargements/projet_complet_easytrans_et_git/EASYTRANS/website/urls/userspace.py'> (None:None) 'back-office/'>], [<URLResolver <module 'website.urls.base' from '/home/ymane/Téléchargements/projet_complet_easytrans_et_git/EASYTRANS/website/urls/base.py'> (None:None) ''>, <URLPattern '^media/(?P<path>.*)$'>], [<URLResolver <URLPattern list> (ninja:api-1.0.0) 'api-ninja/'>], [<URLPattern '^media/(?P<path>.*)$'>], [<URLPattern '^static/(?P<path>.*)$'>]], 'path': 'payement_state/notification/'}

During handling of the above exception, another exception occurred:

Traceback (most recent call last):
  File "/home/ymane/.local/lib/python3.8/site-packages/django/template/base.py", line 828, in _resolve_lookup
    current = current[bit]
TypeError: 'URLResolver' object is not subscriptable

During handling of the above exception, another exception occurred:

Traceback (most recent call last):
  File "/home/ymane/.local/lib/python3.8/site-packages/django/template/base.py", line 836, in _resolve_lookup
    current = getattr(current, bit)
AttributeError: 'URLResolver' object has no attribute 'name'

During handling of the above exception, another exception occurred:

Traceback (most recent call last):
  File "/home/ymane/.local/lib/python3.8/site-packages/django/template/base.py", line 842, in _resolve_lookup
    current = current[int(bit)]
ValueError: invalid literal for int() with base 10: 'name'

During handling of the above exception, another exception occurred:

Traceback (most recent call last):
  File "/home/ymane/.local/lib/python3.8/site-packages/django/template/base.py", line 847, in _resolve_lookup
    raise VariableDoesNotExist("Failed lookup for key "
django.template.base.VariableDoesNotExist: Failed lookup for key [name] in <URLResolver <module 'django.conf.urls.i18n' from '/home/ymane/.local/lib/python3.8/site-packages/django/conf/urls/i18n.py'> (None:None) 'i18n/'>
[ DEBUG ][ 2022-07-04 00:40:21,728 ][ base ] ==> Exception while resolving variable 'name' in template 'unknown'.
Traceback (most recent call last):
  File "/home/ymane/.local/lib/python3.8/site-packages/django/core/handlers/exception.py", line 34, in inner
    response = get_response(request)
  File "/home/ymane/.local/lib/python3.8/site-packages/django/core/handlers/base.py", line 100, in _get_response
    resolver_match = resolver.resolve(request.path_info)
  File "/home/ymane/.local/lib/python3.8/site-packages/django/urls/resolvers.py", line 575, in resolve
    raise Resolver404({'tried': tried, 'path': new_path})
django.urls.exceptions.Resolver404: {'tried': [[<URLResolver <URLPattern list> (admin:admin) 'admin-back-office/'>], [<URLResolver <module 'django.conf.urls.i18n' from '/home/ymane/.local/lib/python3.8/site-packages/django/conf/urls/i18n.py'> (None:None) 'i18n/'>], [<URLResolver <module 'session_security.urls' from '/home/ymane/Téléchargements/projet_complet_easytrans_et_git/EASYTRANS/session_security/urls.py'> (None:None) 'session_security/'>], [<URLResolver <module 'oauth.urls.base' from '/home/ymane/Téléchargements/projet_complet_easytrans_et_git/EASYTRANS/oauth/urls/base.py'> (None:None) 'oauth/'>], [<URLResolver <module 'sentry.urls.base' from '/home/ymane/Téléchargements/projet_complet_easytrans_et_git/EASYTRANS/sentry/urls/base.py'> (None:None) 'sentry/'>], [<URLResolver <module 'website.urls.base' from '/home/ymane/Téléchargements/projet_complet_easytrans_et_git/EASYTRANS/website/urls/base.py'> (None:None) ''>, <URLResolver <module 'website.urls.frontspace' from '/home/ymane/Téléchargements/projet_complet_easytrans_et_git/EASYTRANS/website/urls/frontspace.py'> (None:None) '^'>, <URLPattern '' [name='frontspace']>], [<URLResolver <module 'website.urls.base' from '/home/ymane/Téléchargements/projet_complet_easytrans_et_git/EASYTRANS/website/urls/base.py'> (None:None) ''>, <URLResolver <module 'website.urls.frontspace' from '/home/ymane/Téléchargements/projet_complet_easytrans_et_git/EASYTRANS/website/urls/frontspace.py'> (None:None) '^'>, <URLPattern 'ajax/load-lieu_depart/' [name='ajax_load_lieu_depart']>], [<URLResolver <module 'website.urls.base' from '/home/ymane/Téléchargements/projet_complet_easytrans_et_git/EASYTRANS/website/urls/base.py'> (None:None) ''>, <URLResolver <module 'website.urls.frontspace' from '/home/ymane/Téléchargements/projet_complet_easytrans_et_git/EASYTRANS/website/urls/frontspace.py'> (None:None) '^'>, <URLPattern 'ajax/load-destination/' [name='ajax_load_destination']>], [<URLResolver <module 'website.urls.base' from '/home/ymane/Téléchargements/projet_complet_easytrans_et_git/EASYTRANS/website/urls/base.py'> (None:None) ''>, <URLResolver <module 'website.urls.frontspace' from '/home/ymane/Téléchargements/projet_complet_easytrans_et_git/EASYTRANS/website/urls/frontspace.py'> (None:None) '^'>, <URLPattern '^media/(?P<path>.*)$'>], [<URLResolver <module 'website.urls.base' from '/home/ymane/Téléchargements/projet_complet_easytrans_et_git/EASYTRANS/website/urls/base.py'> (None:None) ''>, <URLResolver <module 'website.urls.frontspace' from '/home/ymane/Téléchargements/projet_complet_easytrans_et_git/EASYTRANS/website/urls/frontspace.py'> (None:None) '^'>, <URLPattern '^static/(?P<path>.*)$'>], [<URLResolver <module 'website.urls.base' from '/home/ymane/Téléchargements/projet_complet_easytrans_et_git/EASYTRANS/website/urls/base.py'> (None:None) ''>, <URLResolver <module 'website.urls.waiting_page' from '/home/ymane/Téléchargements/projet_complet_easytrans_et_git/EASYTRANS/website/urls/waiting_page.py'> (None:None) 'wait/'>], [<URLResolver <module 'website.urls.base' from '/home/ymane/Téléchargements/projet_complet_easytrans_et_git/EASYTRANS/website/urls/base.py'> (None:None) ''>, <URLResolver <module 'website.urls.payement_state' from '/home/ymane/Téléchargements/projet_complet_easytrans_et_git/EASYTRANS/website/urls/payement_state.py'> (None:None) 'payement_state/'>, <URLPattern 'success/' [name='success']>], [<URLResolver <module 'website.urls.base' from '/home/ymane/Téléchargements/projet_complet_easytrans_et_git/EASYTRANS/website/urls/base.py'> (None:None) ''>, <URLResolver <module 'website.urls.payement_state' from '/home/ymane/Téléchargements/projet_complet_easytrans_et_git/EASYTRANS/website/urls/payement_state.py'> (None:None) 'payement_state/'>, <URLPattern 'failled/' [name='failled']>], [<URLResolver <module 'website.urls.base' from '/home/ymane/Téléchargements/projet_complet_easytrans_et_git/EASYTRANS/website/urls/base.py'> (None:None) ''>, <URLResolver <module 'website.urls.payement_state' from '/home/ymane/Téléchargements/projet_complet_easytrans_et_git/EASYTRANS/website/urls/payement_state.py'> (None:None) 'payement_state/'>, <URLPattern 'notification'>], [<URLResolver <module 'website.urls.base' from '/home/ymane/Téléchargements/projet_complet_easytrans_et_git/EASYTRANS/website/urls/base.py'> (None:None) ''>, <URLResolver <module 'website.urls.payement_state' from '/home/ymane/Téléchargements/projet_complet_easytrans_et_git/EASYTRANS/website/urls/payement_state.py'> (None:None) 'payement_state/'>, <URLPattern '^media/(?P<path>.*)$'>], [<URLResolver <module 'website.urls.base' from '/home/ymane/Téléchargements/projet_complet_easytrans_et_git/EASYTRANS/website/urls/base.py'> (None:None) ''>, <URLResolver <module 'website.urls.payement_state' from '/home/ymane/Téléchargements/projet_complet_easytrans_et_git/EASYTRANS/website/urls/payement_state.py'> (None:None) 'payement_state/'>, <URLPattern '^static/(?P<path>.*)$'>], [<URLResolver <module 'website.urls.base' from '/home/ymane/Téléchargements/projet_complet_easytrans_et_git/EASYTRANS/website/urls/base.py'> (None:None) ''>, <URLResolver <module 'website.urls.userspace' from '/home/ymane/Téléchargements/projet_complet_easytrans_et_git/EASYTRANS/website/urls/userspace.py'> (None:None) 'back-office/'>], [<URLResolver <module 'website.urls.base' from '/home/ymane/Téléchargements/projet_complet_easytrans_et_git/EASYTRANS/website/urls/base.py'> (None:None) ''>, <URLPattern '^media/(?P<path>.*)$'>], [<URLResolver <URLPattern list> (ninja:api-1.0.0) 'api-ninja/'>], [<URLPattern '^media/(?P<path>.*)$'>], [<URLPattern '^static/(?P<path>.*)$'>]], 'path': 'payement_state/notification/'}

During handling of the above exception, another exception occurred:

Traceback (most recent call last):
  File "/home/ymane/.local/lib/python3.8/site-packages/django/template/base.py", line 828, in _resolve_lookup
    current = current[bit]
TypeError: 'URLResolver' object is not subscriptable

During handling of the above exception, another exception occurred:

Traceback (most recent call last):
  File "/home/ymane/.local/lib/python3.8/site-packages/django/template/base.py", line 836, in _resolve_lookup
    current = getattr(current, bit)
AttributeError: 'URLResolver' object has no attribute 'name'

During handling of the above exception, another exception occurred:

Traceback (most recent call last):
  File "/home/ymane/.local/lib/python3.8/site-packages/django/template/base.py", line 842, in _resolve_lookup
    current = current[int(bit)]
ValueError: invalid literal for int() with base 10: 'name'

During handling of the above exception, another exception occurred:

Traceback (most recent call last):
  File "/home/ymane/.local/lib/python3.8/site-packages/django/template/base.py", line 847, in _resolve_lookup
    raise VariableDoesNotExist("Failed lookup for key "
django.template.base.VariableDoesNotExist: Failed lookup for key [name] in <URLResolver <module 'session_security.urls' from '/home/ymane/Téléchargements/projet_complet_easytrans_et_git/EASYTRANS/session_security/urls.py'> (None:None) 'session_security/'>
[ DEBUG ][ 2022-07-04 00:40:21,731 ][ base ] ==> Exception while resolving variable 'name' in template 'unknown'.
Traceback (most recent call last):
  File "/home/ymane/.local/lib/python3.8/site-packages/django/core/handlers/exception.py", line 34, in inner
    response = get_response(request)
  File "/home/ymane/.local/lib/python3.8/site-packages/django/core/handlers/base.py", line 100, in _get_response
    resolver_match = resolver.resolve(request.path_info)
  File "/home/ymane/.local/lib/python3.8/site-packages/django/urls/resolvers.py", line 575, in resolve
    raise Resolver404({'tried': tried, 'path': new_path})
django.urls.exceptions.Resolver404: {'tried': [[<URLResolver <URLPattern list> (admin:admin) 'admin-back-office/'>], [<URLResolver <module 'django.conf.urls.i18n' from '/home/ymane/.local/lib/python3.8/site-packages/django/conf/urls/i18n.py'> (None:None) 'i18n/'>], [<URLResolver <module 'session_security.urls' from '/home/ymane/Téléchargements/projet_complet_easytrans_et_git/EASYTRANS/session_security/urls.py'> (None:None) 'session_security/'>], [<URLResolver <module 'oauth.urls.base' from '/home/ymane/Téléchargements/projet_complet_easytrans_et_git/EASYTRANS/oauth/urls/base.py'> (None:None) 'oauth/'>], [<URLResolver <module 'sentry.urls.base' from '/home/ymane/Téléchargements/projet_complet_easytrans_et_git/EASYTRANS/sentry/urls/base.py'> (None:None) 'sentry/'>], [<URLResolver <module 'website.urls.base' from '/home/ymane/Téléchargements/projet_complet_easytrans_et_git/EASYTRANS/website/urls/base.py'> (None:None) ''>, <URLResolver <module 'website.urls.frontspace' from '/home/ymane/Téléchargements/projet_complet_easytrans_et_git/EASYTRANS/website/urls/frontspace.py'> (None:None) '^'>, <URLPattern '' [name='frontspace']>], [<URLResolver <module 'website.urls.base' from '/home/ymane/Téléchargements/projet_complet_easytrans_et_git/EASYTRANS/website/urls/base.py'> (None:None) ''>, <URLResolver <module 'website.urls.frontspace' from '/home/ymane/Téléchargements/projet_complet_easytrans_et_git/EASYTRANS/website/urls/frontspace.py'> (None:None) '^'>, <URLPattern 'ajax/load-lieu_depart/' [name='ajax_load_lieu_depart']>], [<URLResolver <module 'website.urls.base' from '/home/ymane/Téléchargements/projet_complet_easytrans_et_git/EASYTRANS/website/urls/base.py'> (None:None) ''>, <URLResolver <module 'website.urls.frontspace' from '/home/ymane/Téléchargements/projet_complet_easytrans_et_git/EASYTRANS/website/urls/frontspace.py'> (None:None) '^'>, <URLPattern 'ajax/load-destination/' [name='ajax_load_destination']>], [<URLResolver <module 'website.urls.base' from '/home/ymane/Téléchargements/projet_complet_easytrans_et_git/EASYTRANS/website/urls/base.py'> (None:None) ''>, <URLResolver <module 'website.urls.frontspace' from '/home/ymane/Téléchargements/projet_complet_easytrans_et_git/EASYTRANS/website/urls/frontspace.py'> (None:None) '^'>, <URLPattern '^media/(?P<path>.*)$'>], [<URLResolver <module 'website.urls.base' from '/home/ymane/Téléchargements/projet_complet_easytrans_et_git/EASYTRANS/website/urls/base.py'> (None:None) ''>, <URLResolver <module 'website.urls.frontspace' from '/home/ymane/Téléchargements/projet_complet_easytrans_et_git/EASYTRANS/website/urls/frontspace.py'> (None:None) '^'>, <URLPattern '^static/(?P<path>.*)$'>], [<URLResolver <module 'website.urls.base' from '/home/ymane/Téléchargements/projet_complet_easytrans_et_git/EASYTRANS/website/urls/base.py'> (None:None) ''>, <URLResolver <module 'website.urls.waiting_page' from '/home/ymane/Téléchargements/projet_complet_easytrans_et_git/EASYTRANS/website/urls/waiting_page.py'> (None:None) 'wait/'>], [<URLResolver <module 'website.urls.base' from '/home/ymane/Téléchargements/projet_complet_easytrans_et_git/EASYTRANS/website/urls/base.py'> (None:None) ''>, <URLResolver <module 'website.urls.payement_state' from '/home/ymane/Téléchargements/projet_complet_easytrans_et_git/EASYTRANS/website/urls/payement_state.py'> (None:None) 'payement_state/'>, <URLPattern 'success/' [name='success']>], [<URLResolver <module 'website.urls.base' from '/home/ymane/Téléchargements/projet_complet_easytrans_et_git/EASYTRANS/website/urls/base.py'> (None:None) ''>, <URLResolver <module 'website.urls.payement_state' from '/home/ymane/Téléchargements/projet_complet_easytrans_et_git/EASYTRANS/website/urls/payement_state.py'> (None:None) 'payement_state/'>, <URLPattern 'failled/' [name='failled']>], [<URLResolver <module 'website.urls.base' from '/home/ymane/Téléchargements/projet_complet_easytrans_et_git/EASYTRANS/website/urls/base.py'> (None:None) ''>, <URLResolver <module 'website.urls.payement_state' from '/home/ymane/Téléchargements/projet_complet_easytrans_et_git/EASYTRANS/website/urls/payement_state.py'> (None:None) 'payement_state/'>, <URLPattern 'notification'>], [<URLResolver <module 'website.urls.base' from '/home/ymane/Téléchargements/projet_complet_easytrans_et_git/EASYTRANS/website/urls/base.py'> (None:None) ''>, <URLResolver <module 'website.urls.payement_state' from '/home/ymane/Téléchargements/projet_complet_easytrans_et_git/EASYTRANS/website/urls/payement_state.py'> (None:None) 'payement_state/'>, <URLPattern '^media/(?P<path>.*)$'>], [<URLResolver <module 'website.urls.base' from '/home/ymane/Téléchargements/projet_complet_easytrans_et_git/EASYTRANS/website/urls/base.py'> (None:None) ''>, <URLResolver <module 'website.urls.payement_state' from '/home/ymane/Téléchargements/projet_complet_easytrans_et_git/EASYTRANS/website/urls/payement_state.py'> (None:None) 'payement_state/'>, <URLPattern '^static/(?P<path>.*)$'>], [<URLResolver <module 'website.urls.base' from '/home/ymane/Téléchargements/projet_complet_easytrans_et_git/EASYTRANS/website/urls/base.py'> (None:None) ''>, <URLResolver <module 'website.urls.userspace' from '/home/ymane/Téléchargements/projet_complet_easytrans_et_git/EASYTRANS/website/urls/userspace.py'> (None:None) 'back-office/'>], [<URLResolver <module 'website.urls.base' from '/home/ymane/Téléchargements/projet_complet_easytrans_et_git/EASYTRANS/website/urls/base.py'> (None:None) ''>, <URLPattern '^media/(?P<path>.*)$'>], [<URLResolver <URLPattern list> (ninja:api-1.0.0) 'api-ninja/'>], [<URLPattern '^media/(?P<path>.*)$'>], [<URLPattern '^static/(?P<path>.*)$'>]], 'path': 'payement_state/notification/'}

During handling of the above exception, another exception occurred:

Traceback (most recent call last):
  File "/home/ymane/.local/lib/python3.8/site-packages/django/template/base.py", line 828, in _resolve_lookup
    current = current[bit]
TypeError: 'URLResolver' object is not subscriptable

During handling of the above exception, another exception occurred:

Traceback (most recent call last):
  File "/home/ymane/.local/lib/python3.8/site-packages/django/template/base.py", line 836, in _resolve_lookup
    current = getattr(current, bit)
AttributeError: 'URLResolver' object has no attribute 'name'

During handling of the above exception, another exception occurred:

Traceback (most recent call last):
  File "/home/ymane/.local/lib/python3.8/site-packages/django/template/base.py", line 842, in _resolve_lookup
    current = current[int(bit)]
ValueError: invalid literal for int() with base 10: 'name'

During handling of the above exception, another exception occurred:

Traceback (most recent call last):
  File "/home/ymane/.local/lib/python3.8/site-packages/django/template/base.py", line 847, in _resolve_lookup
    raise VariableDoesNotExist("Failed lookup for key "
django.template.base.VariableDoesNotExist: Failed lookup for key [name] in <URLResolver <module 'oauth.urls.base' from '/home/ymane/Téléchargements/projet_complet_easytrans_et_git/EASYTRANS/oauth/urls/base.py'> (None:None) 'oauth/'>
[ DEBUG ][ 2022-07-04 00:40:21,734 ][ base ] ==> Exception while resolving variable 'name' in template 'unknown'.
Traceback (most recent call last):
  File "/home/ymane/.local/lib/python3.8/site-packages/django/core/handlers/exception.py", line 34, in inner
    response = get_response(request)
  File "/home/ymane/.local/lib/python3.8/site-packages/django/core/handlers/base.py", line 100, in _get_response
    resolver_match = resolver.resolve(request.path_info)
  File "/home/ymane/.local/lib/python3.8/site-packages/django/urls/resolvers.py", line 575, in resolve
    raise Resolver404({'tried': tried, 'path': new_path})
django.urls.exceptions.Resolver404: {'tried': [[<URLResolver <URLPattern list> (admin:admin) 'admin-back-office/'>], [<URLResolver <module 'django.conf.urls.i18n' from '/home/ymane/.local/lib/python3.8/site-packages/django/conf/urls/i18n.py'> (None:None) 'i18n/'>], [<URLResolver <module 'session_security.urls' from '/home/ymane/Téléchargements/projet_complet_easytrans_et_git/EASYTRANS/session_security/urls.py'> (None:None) 'session_security/'>], [<URLResolver <module 'oauth.urls.base' from '/home/ymane/Téléchargements/projet_complet_easytrans_et_git/EASYTRANS/oauth/urls/base.py'> (None:None) 'oauth/'>], [<URLResolver <module 'sentry.urls.base' from '/home/ymane/Téléchargements/projet_complet_easytrans_et_git/EASYTRANS/sentry/urls/base.py'> (None:None) 'sentry/'>], [<URLResolver <module 'website.urls.base' from '/home/ymane/Téléchargements/projet_complet_easytrans_et_git/EASYTRANS/website/urls/base.py'> (None:None) ''>, <URLResolver <module 'website.urls.frontspace' from '/home/ymane/Téléchargements/projet_complet_easytrans_et_git/EASYTRANS/website/urls/frontspace.py'> (None:None) '^'>, <URLPattern '' [name='frontspace']>], [<URLResolver <module 'website.urls.base' from '/home/ymane/Téléchargements/projet_complet_easytrans_et_git/EASYTRANS/website/urls/base.py'> (None:None) ''>, <URLResolver <module 'website.urls.frontspace' from '/home/ymane/Téléchargements/projet_complet_easytrans_et_git/EASYTRANS/website/urls/frontspace.py'> (None:None) '^'>, <URLPattern 'ajax/load-lieu_depart/' [name='ajax_load_lieu_depart']>], [<URLResolver <module 'website.urls.base' from '/home/ymane/Téléchargements/projet_complet_easytrans_et_git/EASYTRANS/website/urls/base.py'> (None:None) ''>, <URLResolver <module 'website.urls.frontspace' from '/home/ymane/Téléchargements/projet_complet_easytrans_et_git/EASYTRANS/website/urls/frontspace.py'> (None:None) '^'>, <URLPattern 'ajax/load-destination/' [name='ajax_load_destination']>], [<URLResolver <module 'website.urls.base' from '/home/ymane/Téléchargements/projet_complet_easytrans_et_git/EASYTRANS/website/urls/base.py'> (None:None) ''>, <URLResolver <module 'website.urls.frontspace' from '/home/ymane/Téléchargements/projet_complet_easytrans_et_git/EASYTRANS/website/urls/frontspace.py'> (None:None) '^'>, <URLPattern '^media/(?P<path>.*)$'>], [<URLResolver <module 'website.urls.base' from '/home/ymane/Téléchargements/projet_complet_easytrans_et_git/EASYTRANS/website/urls/base.py'> (None:None) ''>, <URLResolver <module 'website.urls.frontspace' from '/home/ymane/Téléchargements/projet_complet_easytrans_et_git/EASYTRANS/website/urls/frontspace.py'> (None:None) '^'>, <URLPattern '^static/(?P<path>.*)$'>], [<URLResolver <module 'website.urls.base' from '/home/ymane/Téléchargements/projet_complet_easytrans_et_git/EASYTRANS/website/urls/base.py'> (None:None) ''>, <URLResolver <module 'website.urls.waiting_page' from '/home/ymane/Téléchargements/projet_complet_easytrans_et_git/EASYTRANS/website/urls/waiting_page.py'> (None:None) 'wait/'>], [<URLResolver <module 'website.urls.base' from '/home/ymane/Téléchargements/projet_complet_easytrans_et_git/EASYTRANS/website/urls/base.py'> (None:None) ''>, <URLResolver <module 'website.urls.payement_state' from '/home/ymane/Téléchargements/projet_complet_easytrans_et_git/EASYTRANS/website/urls/payement_state.py'> (None:None) 'payement_state/'>, <URLPattern 'success/' [name='success']>], [<URLResolver <module 'website.urls.base' from '/home/ymane/Téléchargements/projet_complet_easytrans_et_git/EASYTRANS/website/urls/base.py'> (None:None) ''>, <URLResolver <module 'website.urls.payement_state' from '/home/ymane/Téléchargements/projet_complet_easytrans_et_git/EASYTRANS/website/urls/payement_state.py'> (None:None) 'payement_state/'>, <URLPattern 'failled/' [name='failled']>], [<URLResolver <module 'website.urls.base' from '/home/ymane/Téléchargements/projet_complet_easytrans_et_git/EASYTRANS/website/urls/base.py'> (None:None) ''>, <URLResolver <module 'website.urls.payement_state' from '/home/ymane/Téléchargements/projet_complet_easytrans_et_git/EASYTRANS/website/urls/payement_state.py'> (None:None) 'payement_state/'>, <URLPattern 'notification'>], [<URLResolver <module 'website.urls.base' from '/home/ymane/Téléchargements/projet_complet_easytrans_et_git/EASYTRANS/website/urls/base.py'> (None:None) ''>, <URLResolver <module 'website.urls.payement_state' from '/home/ymane/Téléchargements/projet_complet_easytrans_et_git/EASYTRANS/website/urls/payement_state.py'> (None:None) 'payement_state/'>, <URLPattern '^media/(?P<path>.*)$'>], [<URLResolver <module 'website.urls.base' from '/home/ymane/Téléchargements/projet_complet_easytrans_et_git/EASYTRANS/website/urls/base.py'> (None:None) ''>, <URLResolver <module 'website.urls.payement_state' from '/home/ymane/Téléchargements/projet_complet_easytrans_et_git/EASYTRANS/website/urls/payement_state.py'> (None:None) 'payement_state/'>, <URLPattern '^static/(?P<path>.*)$'>], [<URLResolver <module 'website.urls.base' from '/home/ymane/Téléchargements/projet_complet_easytrans_et_git/EASYTRANS/website/urls/base.py'> (None:None) ''>, <URLResolver <module 'website.urls.userspace' from '/home/ymane/Téléchargements/projet_complet_easytrans_et_git/EASYTRANS/website/urls/userspace.py'> (None:None) 'back-office/'>], [<URLResolver <module 'website.urls.base' from '/home/ymane/Téléchargements/projet_complet_easytrans_et_git/EASYTRANS/website/urls/base.py'> (None:None) ''>, <URLPattern '^media/(?P<path>.*)$'>], [<URLResolver <URLPattern list> (ninja:api-1.0.0) 'api-ninja/'>], [<URLPattern '^media/(?P<path>.*)$'>], [<URLPattern '^static/(?P<path>.*)$'>]], 'path': 'payement_state/notification/'}

During handling of the above exception, another exception occurred:

Traceback (most recent call last):
  File "/home/ymane/.local/lib/python3.8/site-packages/django/template/base.py", line 828, in _resolve_lookup
    current = current[bit]
TypeError: 'URLResolver' object is not subscriptable

During handling of the above exception, another exception occurred:

Traceback (most recent call last):
  File "/home/ymane/.local/lib/python3.8/site-packages/django/template/base.py", line 836, in _resolve_lookup
    current = getattr(current, bit)
AttributeError: 'URLResolver' object has no attribute 'name'

During handling of the above exception, another exception occurred:

Traceback (most recent call last):
  File "/home/ymane/.local/lib/python3.8/site-packages/django/template/base.py", line 842, in _resolve_lookup
    current = current[int(bit)]
ValueError: invalid literal for int() with base 10: 'name'

During handling of the above exception, another exception occurred:

Traceback (most recent call last):
  File "/home/ymane/.local/lib/python3.8/site-packages/django/template/base.py", line 847, in _resolve_lookup
    raise VariableDoesNotExist("Failed lookup for key "
django.template.base.VariableDoesNotExist: Failed lookup for key [name] in <URLResolver <module 'sentry.urls.base' from '/home/ymane/Téléchargements/projet_complet_easytrans_et_git/EASYTRANS/sentry/urls/base.py'> (None:None) 'sentry/'>
[ DEBUG ][ 2022-07-04 00:40:21,739 ][ base ] ==> Exception while resolving variable 'name' in template 'unknown'.
Traceback (most recent call last):
  File "/home/ymane/.local/lib/python3.8/site-packages/django/core/handlers/exception.py", line 34, in inner
    response = get_response(request)
  File "/home/ymane/.local/lib/python3.8/site-packages/django/core/handlers/base.py", line 100, in _get_response
    resolver_match = resolver.resolve(request.path_info)
  File "/home/ymane/.local/lib/python3.8/site-packages/django/urls/resolvers.py", line 575, in resolve
    raise Resolver404({'tried': tried, 'path': new_path})
django.urls.exceptions.Resolver404: {'tried': [[<URLResolver <URLPattern list> (admin:admin) 'admin-back-office/'>], [<URLResolver <module 'django.conf.urls.i18n' from '/home/ymane/.local/lib/python3.8/site-packages/django/conf/urls/i18n.py'> (None:None) 'i18n/'>], [<URLResolver <module 'session_security.urls' from '/home/ymane/Téléchargements/projet_complet_easytrans_et_git/EASYTRANS/session_security/urls.py'> (None:None) 'session_security/'>], [<URLResolver <module 'oauth.urls.base' from '/home/ymane/Téléchargements/projet_complet_easytrans_et_git/EASYTRANS/oauth/urls/base.py'> (None:None) 'oauth/'>], [<URLResolver <module 'sentry.urls.base' from '/home/ymane/Téléchargements/projet_complet_easytrans_et_git/EASYTRANS/sentry/urls/base.py'> (None:None) 'sentry/'>], [<URLResolver <module 'website.urls.base' from '/home/ymane/Téléchargements/projet_complet_easytrans_et_git/EASYTRANS/website/urls/base.py'> (None:None) ''>, <URLResolver <module 'website.urls.frontspace' from '/home/ymane/Téléchargements/projet_complet_easytrans_et_git/EASYTRANS/website/urls/frontspace.py'> (None:None) '^'>, <URLPattern '' [name='frontspace']>], [<URLResolver <module 'website.urls.base' from '/home/ymane/Téléchargements/projet_complet_easytrans_et_git/EASYTRANS/website/urls/base.py'> (None:None) ''>, <URLResolver <module 'website.urls.frontspace' from '/home/ymane/Téléchargements/projet_complet_easytrans_et_git/EASYTRANS/website/urls/frontspace.py'> (None:None) '^'>, <URLPattern 'ajax/load-lieu_depart/' [name='ajax_load_lieu_depart']>], [<URLResolver <module 'website.urls.base' from '/home/ymane/Téléchargements/projet_complet_easytrans_et_git/EASYTRANS/website/urls/base.py'> (None:None) ''>, <URLResolver <module 'website.urls.frontspace' from '/home/ymane/Téléchargements/projet_complet_easytrans_et_git/EASYTRANS/website/urls/frontspace.py'> (None:None) '^'>, <URLPattern 'ajax/load-destination/' [name='ajax_load_destination']>], [<URLResolver <module 'website.urls.base' from '/home/ymane/Téléchargements/projet_complet_easytrans_et_git/EASYTRANS/website/urls/base.py'> (None:None) ''>, <URLResolver <module 'website.urls.frontspace' from '/home/ymane/Téléchargements/projet_complet_easytrans_et_git/EASYTRANS/website/urls/frontspace.py'> (None:None) '^'>, <URLPattern '^media/(?P<path>.*)$'>], [<URLResolver <module 'website.urls.base' from '/home/ymane/Téléchargements/projet_complet_easytrans_et_git/EASYTRANS/website/urls/base.py'> (None:None) ''>, <URLResolver <module 'website.urls.frontspace' from '/home/ymane/Téléchargements/projet_complet_easytrans_et_git/EASYTRANS/website/urls/frontspace.py'> (None:None) '^'>, <URLPattern '^static/(?P<path>.*)$'>], [<URLResolver <module 'website.urls.base' from '/home/ymane/Téléchargements/projet_complet_easytrans_et_git/EASYTRANS/website/urls/base.py'> (None:None) ''>, <URLResolver <module 'website.urls.waiting_page' from '/home/ymane/Téléchargements/projet_complet_easytrans_et_git/EASYTRANS/website/urls/waiting_page.py'> (None:None) 'wait/'>], [<URLResolver <module 'website.urls.base' from '/home/ymane/Téléchargements/projet_complet_easytrans_et_git/EASYTRANS/website/urls/base.py'> (None:None) ''>, <URLResolver <module 'website.urls.payement_state' from '/home/ymane/Téléchargements/projet_complet_easytrans_et_git/EASYTRANS/website/urls/payement_state.py'> (None:None) 'payement_state/'>, <URLPattern 'success/' [name='success']>], [<URLResolver <module 'website.urls.base' from '/home/ymane/Téléchargements/projet_complet_easytrans_et_git/EASYTRANS/website/urls/base.py'> (None:None) ''>, <URLResolver <module 'website.urls.payement_state' from '/home/ymane/Téléchargements/projet_complet_easytrans_et_git/EASYTRANS/website/urls/payement_state.py'> (None:None) 'payement_state/'>, <URLPattern 'failled/' [name='failled']>], [<URLResolver <module 'website.urls.base' from '/home/ymane/Téléchargements/projet_complet_easytrans_et_git/EASYTRANS/website/urls/base.py'> (None:None) ''>, <URLResolver <module 'website.urls.payement_state' from '/home/ymane/Téléchargements/projet_complet_easytrans_et_git/EASYTRANS/website/urls/payement_state.py'> (None:None) 'payement_state/'>, <URLPattern 'notification'>], [<URLResolver <module 'website.urls.base' from '/home/ymane/Téléchargements/projet_complet_easytrans_et_git/EASYTRANS/website/urls/base.py'> (None:None) ''>, <URLResolver <module 'website.urls.payement_state' from '/home/ymane/Téléchargements/projet_complet_easytrans_et_git/EASYTRANS/website/urls/payement_state.py'> (None:None) 'payement_state/'>, <URLPattern '^media/(?P<path>.*)$'>], [<URLResolver <module 'website.urls.base' from '/home/ymane/Téléchargements/projet_complet_easytrans_et_git/EASYTRANS/website/urls/base.py'> (None:None) ''>, <URLResolver <module 'website.urls.payement_state' from '/home/ymane/Téléchargements/projet_complet_easytrans_et_git/EASYTRANS/website/urls/payement_state.py'> (None:None) 'payement_state/'>, <URLPattern '^static/(?P<path>.*)$'>], [<URLResolver <module 'website.urls.base' from '/home/ymane/Téléchargements/projet_complet_easytrans_et_git/EASYTRANS/website/urls/base.py'> (None:None) ''>, <URLResolver <module 'website.urls.userspace' from '/home/ymane/Téléchargements/projet_complet_easytrans_et_git/EASYTRANS/website/urls/userspace.py'> (None:None) 'back-office/'>], [<URLResolver <module 'website.urls.base' from '/home/ymane/Téléchargements/projet_complet_easytrans_et_git/EASYTRANS/website/urls/base.py'> (None:None) ''>, <URLPattern '^media/(?P<path>.*)$'>], [<URLResolver <URLPattern list> (ninja:api-1.0.0) 'api-ninja/'>], [<URLPattern '^media/(?P<path>.*)$'>], [<URLPattern '^static/(?P<path>.*)$'>]], 'path': 'payement_state/notification/'}

During handling of the above exception, another exception occurred:

Traceback (most recent call last):
  File "/home/ymane/.local/lib/python3.8/site-packages/django/template/base.py", line 828, in _resolve_lookup
    current = current[bit]
TypeError: 'URLResolver' object is not subscriptable

During handling of the above exception, another exception occurred:

Traceback (most recent call last):
  File "/home/ymane/.local/lib/python3.8/site-packages/django/template/base.py", line 836, in _resolve_lookup
    current = getattr(current, bit)
AttributeError: 'URLResolver' object has no attribute 'name'

During handling of the above exception, another exception occurred:

Traceback (most recent call last):
  File "/home/ymane/.local/lib/python3.8/site-packages/django/template/base.py", line 842, in _resolve_lookup
    current = current[int(bit)]
ValueError: invalid literal for int() with base 10: 'name'

During handling of the above exception, another exception occurred:

Traceback (most recent call last):
  File "/home/ymane/.local/lib/python3.8/site-packages/django/template/base.py", line 847, in _resolve_lookup
    raise VariableDoesNotExist("Failed lookup for key "
django.template.base.VariableDoesNotExist: Failed lookup for key [name] in <URLResolver <module 'website.urls.waiting_page' from '/home/ymane/Téléchargements/projet_complet_easytrans_et_git/EASYTRANS/website/urls/waiting_page.py'> (None:None) 'wait/'>
[ DEBUG ][ 2022-07-04 00:40:21,743 ][ base ] ==> Exception while resolving variable 'name' in template 'unknown'.
Traceback (most recent call last):
  File "/home/ymane/.local/lib/python3.8/site-packages/django/core/handlers/exception.py", line 34, in inner
    response = get_response(request)
  File "/home/ymane/.local/lib/python3.8/site-packages/django/core/handlers/base.py", line 100, in _get_response
    resolver_match = resolver.resolve(request.path_info)
  File "/home/ymane/.local/lib/python3.8/site-packages/django/urls/resolvers.py", line 575, in resolve
    raise Resolver404({'tried': tried, 'path': new_path})
django.urls.exceptions.Resolver404: {'tried': [[<URLResolver <URLPattern list> (admin:admin) 'admin-back-office/'>], [<URLResolver <module 'django.conf.urls.i18n' from '/home/ymane/.local/lib/python3.8/site-packages/django/conf/urls/i18n.py'> (None:None) 'i18n/'>], [<URLResolver <module 'session_security.urls' from '/home/ymane/Téléchargements/projet_complet_easytrans_et_git/EASYTRANS/session_security/urls.py'> (None:None) 'session_security/'>], [<URLResolver <module 'oauth.urls.base' from '/home/ymane/Téléchargements/projet_complet_easytrans_et_git/EASYTRANS/oauth/urls/base.py'> (None:None) 'oauth/'>], [<URLResolver <module 'sentry.urls.base' from '/home/ymane/Téléchargements/projet_complet_easytrans_et_git/EASYTRANS/sentry/urls/base.py'> (None:None) 'sentry/'>], [<URLResolver <module 'website.urls.base' from '/home/ymane/Téléchargements/projet_complet_easytrans_et_git/EASYTRANS/website/urls/base.py'> (None:None) ''>, <URLResolver <module 'website.urls.frontspace' from '/home/ymane/Téléchargements/projet_complet_easytrans_et_git/EASYTRANS/website/urls/frontspace.py'> (None:None) '^'>, <URLPattern '' [name='frontspace']>], [<URLResolver <module 'website.urls.base' from '/home/ymane/Téléchargements/projet_complet_easytrans_et_git/EASYTRANS/website/urls/base.py'> (None:None) ''>, <URLResolver <module 'website.urls.frontspace' from '/home/ymane/Téléchargements/projet_complet_easytrans_et_git/EASYTRANS/website/urls/frontspace.py'> (None:None) '^'>, <URLPattern 'ajax/load-lieu_depart/' [name='ajax_load_lieu_depart']>], [<URLResolver <module 'website.urls.base' from '/home/ymane/Téléchargements/projet_complet_easytrans_et_git/EASYTRANS/website/urls/base.py'> (None:None) ''>, <URLResolver <module 'website.urls.frontspace' from '/home/ymane/Téléchargements/projet_complet_easytrans_et_git/EASYTRANS/website/urls/frontspace.py'> (None:None) '^'>, <URLPattern 'ajax/load-destination/' [name='ajax_load_destination']>], [<URLResolver <module 'website.urls.base' from '/home/ymane/Téléchargements/projet_complet_easytrans_et_git/EASYTRANS/website/urls/base.py'> (None:None) ''>, <URLResolver <module 'website.urls.frontspace' from '/home/ymane/Téléchargements/projet_complet_easytrans_et_git/EASYTRANS/website/urls/frontspace.py'> (None:None) '^'>, <URLPattern '^media/(?P<path>.*)$'>], [<URLResolver <module 'website.urls.base' from '/home/ymane/Téléchargements/projet_complet_easytrans_et_git/EASYTRANS/website/urls/base.py'> (None:None) ''>, <URLResolver <module 'website.urls.frontspace' from '/home/ymane/Téléchargements/projet_complet_easytrans_et_git/EASYTRANS/website/urls/frontspace.py'> (None:None) '^'>, <URLPattern '^static/(?P<path>.*)$'>], [<URLResolver <module 'website.urls.base' from '/home/ymane/Téléchargements/projet_complet_easytrans_et_git/EASYTRANS/website/urls/base.py'> (None:None) ''>, <URLResolver <module 'website.urls.waiting_page' from '/home/ymane/Téléchargements/projet_complet_easytrans_et_git/EASYTRANS/website/urls/waiting_page.py'> (None:None) 'wait/'>], [<URLResolver <module 'website.urls.base' from '/home/ymane/Téléchargements/projet_complet_easytrans_et_git/EASYTRANS/website/urls/base.py'> (None:None) ''>, <URLResolver <module 'website.urls.payement_state' from '/home/ymane/Téléchargements/projet_complet_easytrans_et_git/EASYTRANS/website/urls/payement_state.py'> (None:None) 'payement_state/'>, <URLPattern 'success/' [name='success']>], [<URLResolver <module 'website.urls.base' from '/home/ymane/Téléchargements/projet_complet_easytrans_et_git/EASYTRANS/website/urls/base.py'> (None:None) ''>, <URLResolver <module 'website.urls.payement_state' from '/home/ymane/Téléchargements/projet_complet_easytrans_et_git/EASYTRANS/website/urls/payement_state.py'> (None:None) 'payement_state/'>, <URLPattern 'failled/' [name='failled']>], [<URLResolver <module 'website.urls.base' from '/home/ymane/Téléchargements/projet_complet_easytrans_et_git/EASYTRANS/website/urls/base.py'> (None:None) ''>, <URLResolver <module 'website.urls.payement_state' from '/home/ymane/Téléchargements/projet_complet_easytrans_et_git/EASYTRANS/website/urls/payement_state.py'> (None:None) 'payement_state/'>, <URLPattern 'notification'>], [<URLResolver <module 'website.urls.base' from '/home/ymane/Téléchargements/projet_complet_easytrans_et_git/EASYTRANS/website/urls/base.py'> (None:None) ''>, <URLResolver <module 'website.urls.payement_state' from '/home/ymane/Téléchargements/projet_complet_easytrans_et_git/EASYTRANS/website/urls/payement_state.py'> (None:None) 'payement_state/'>, <URLPattern '^media/(?P<path>.*)$'>], [<URLResolver <module 'website.urls.base' from '/home/ymane/Téléchargements/projet_complet_easytrans_et_git/EASYTRANS/website/urls/base.py'> (None:None) ''>, <URLResolver <module 'website.urls.payement_state' from '/home/ymane/Téléchargements/projet_complet_easytrans_et_git/EASYTRANS/website/urls/payement_state.py'> (None:None) 'payement_state/'>, <URLPattern '^static/(?P<path>.*)$'>], [<URLResolver <module 'website.urls.base' from '/home/ymane/Téléchargements/projet_complet_easytrans_et_git/EASYTRANS/website/urls/base.py'> (None:None) ''>, <URLResolver <module 'website.urls.userspace' from '/home/ymane/Téléchargements/projet_complet_easytrans_et_git/EASYTRANS/website/urls/userspace.py'> (None:None) 'back-office/'>], [<URLResolver <module 'website.urls.base' from '/home/ymane/Téléchargements/projet_complet_easytrans_et_git/EASYTRANS/website/urls/base.py'> (None:None) ''>, <URLPattern '^media/(?P<path>.*)$'>], [<URLResolver <URLPattern list> (ninja:api-1.0.0) 'api-ninja/'>], [<URLPattern '^media/(?P<path>.*)$'>], [<URLPattern '^static/(?P<path>.*)$'>]], 'path': 'payement_state/notification/'}

During handling of the above exception, another exception occurred:

Traceback (most recent call last):
  File "/home/ymane/.local/lib/python3.8/site-packages/django/template/base.py", line 828, in _resolve_lookup
    current = current[bit]
TypeError: 'URLResolver' object is not subscriptable

During handling of the above exception, another exception occurred:

Traceback (most recent call last):
  File "/home/ymane/.local/lib/python3.8/site-packages/django/template/base.py", line 836, in _resolve_lookup
    current = getattr(current, bit)
AttributeError: 'URLResolver' object has no attribute 'name'

During handling of the above exception, another exception occurred:

Traceback (most recent call last):
  File "/home/ymane/.local/lib/python3.8/site-packages/django/template/base.py", line 842, in _resolve_lookup
    current = current[int(bit)]
ValueError: invalid literal for int() with base 10: 'name'

During handling of the above exception, another exception occurred:

Traceback (most recent call last):
  File "/home/ymane/.local/lib/python3.8/site-packages/django/template/base.py", line 847, in _resolve_lookup
    raise VariableDoesNotExist("Failed lookup for key "
django.template.base.VariableDoesNotExist: Failed lookup for key [name] in <URLResolver <module 'website.urls.userspace' from '/home/ymane/Téléchargements/projet_complet_easytrans_et_git/EASYTRANS/website/urls/userspace.py'> (None:None) 'back-office/'>
[ DEBUG ][ 2022-07-04 00:40:21,746 ][ base ] ==> Exception while resolving variable 'name' in template 'unknown'.
Traceback (most recent call last):
  File "/home/ymane/.local/lib/python3.8/site-packages/django/core/handlers/exception.py", line 34, in inner
    response = get_response(request)
  File "/home/ymane/.local/lib/python3.8/site-packages/django/core/handlers/base.py", line 100, in _get_response
    resolver_match = resolver.resolve(request.path_info)
  File "/home/ymane/.local/lib/python3.8/site-packages/django/urls/resolvers.py", line 575, in resolve
    raise Resolver404({'tried': tried, 'path': new_path})
django.urls.exceptions.Resolver404: {'tried': [[<URLResolver <URLPattern list> (admin:admin) 'admin-back-office/'>], [<URLResolver <module 'django.conf.urls.i18n' from '/home/ymane/.local/lib/python3.8/site-packages/django/conf/urls/i18n.py'> (None:None) 'i18n/'>], [<URLResolver <module 'session_security.urls' from '/home/ymane/Téléchargements/projet_complet_easytrans_et_git/EASYTRANS/session_security/urls.py'> (None:None) 'session_security/'>], [<URLResolver <module 'oauth.urls.base' from '/home/ymane/Téléchargements/projet_complet_easytrans_et_git/EASYTRANS/oauth/urls/base.py'> (None:None) 'oauth/'>], [<URLResolver <module 'sentry.urls.base' from '/home/ymane/Téléchargements/projet_complet_easytrans_et_git/EASYTRANS/sentry/urls/base.py'> (None:None) 'sentry/'>], [<URLResolver <module 'website.urls.base' from '/home/ymane/Téléchargements/projet_complet_easytrans_et_git/EASYTRANS/website/urls/base.py'> (None:None) ''>, <URLResolver <module 'website.urls.frontspace' from '/home/ymane/Téléchargements/projet_complet_easytrans_et_git/EASYTRANS/website/urls/frontspace.py'> (None:None) '^'>, <URLPattern '' [name='frontspace']>], [<URLResolver <module 'website.urls.base' from '/home/ymane/Téléchargements/projet_complet_easytrans_et_git/EASYTRANS/website/urls/base.py'> (None:None) ''>, <URLResolver <module 'website.urls.frontspace' from '/home/ymane/Téléchargements/projet_complet_easytrans_et_git/EASYTRANS/website/urls/frontspace.py'> (None:None) '^'>, <URLPattern 'ajax/load-lieu_depart/' [name='ajax_load_lieu_depart']>], [<URLResolver <module 'website.urls.base' from '/home/ymane/Téléchargements/projet_complet_easytrans_et_git/EASYTRANS/website/urls/base.py'> (None:None) ''>, <URLResolver <module 'website.urls.frontspace' from '/home/ymane/Téléchargements/projet_complet_easytrans_et_git/EASYTRANS/website/urls/frontspace.py'> (None:None) '^'>, <URLPattern 'ajax/load-destination/' [name='ajax_load_destination']>], [<URLResolver <module 'website.urls.base' from '/home/ymane/Téléchargements/projet_complet_easytrans_et_git/EASYTRANS/website/urls/base.py'> (None:None) ''>, <URLResolver <module 'website.urls.frontspace' from '/home/ymane/Téléchargements/projet_complet_easytrans_et_git/EASYTRANS/website/urls/frontspace.py'> (None:None) '^'>, <URLPattern '^media/(?P<path>.*)$'>], [<URLResolver <module 'website.urls.base' from '/home/ymane/Téléchargements/projet_complet_easytrans_et_git/EASYTRANS/website/urls/base.py'> (None:None) ''>, <URLResolver <module 'website.urls.frontspace' from '/home/ymane/Téléchargements/projet_complet_easytrans_et_git/EASYTRANS/website/urls/frontspace.py'> (None:None) '^'>, <URLPattern '^static/(?P<path>.*)$'>], [<URLResolver <module 'website.urls.base' from '/home/ymane/Téléchargements/projet_complet_easytrans_et_git/EASYTRANS/website/urls/base.py'> (None:None) ''>, <URLResolver <module 'website.urls.waiting_page' from '/home/ymane/Téléchargements/projet_complet_easytrans_et_git/EASYTRANS/website/urls/waiting_page.py'> (None:None) 'wait/'>], [<URLResolver <module 'website.urls.base' from '/home/ymane/Téléchargements/projet_complet_easytrans_et_git/EASYTRANS/website/urls/base.py'> (None:None) ''>, <URLResolver <module 'website.urls.payement_state' from '/home/ymane/Téléchargements/projet_complet_easytrans_et_git/EASYTRANS/website/urls/payement_state.py'> (None:None) 'payement_state/'>, <URLPattern 'success/' [name='success']>], [<URLResolver <module 'website.urls.base' from '/home/ymane/Téléchargements/projet_complet_easytrans_et_git/EASYTRANS/website/urls/base.py'> (None:None) ''>, <URLResolver <module 'website.urls.payement_state' from '/home/ymane/Téléchargements/projet_complet_easytrans_et_git/EASYTRANS/website/urls/payement_state.py'> (None:None) 'payement_state/'>, <URLPattern 'failled/' [name='failled']>], [<URLResolver <module 'website.urls.base' from '/home/ymane/Téléchargements/projet_complet_easytrans_et_git/EASYTRANS/website/urls/base.py'> (None:None) ''>, <URLResolver <module 'website.urls.payement_state' from '/home/ymane/Téléchargements/projet_complet_easytrans_et_git/EASYTRANS/website/urls/payement_state.py'> (None:None) 'payement_state/'>, <URLPattern 'notification'>], [<URLResolver <module 'website.urls.base' from '/home/ymane/Téléchargements/projet_complet_easytrans_et_git/EASYTRANS/website/urls/base.py'> (None:None) ''>, <URLResolver <module 'website.urls.payement_state' from '/home/ymane/Téléchargements/projet_complet_easytrans_et_git/EASYTRANS/website/urls/payement_state.py'> (None:None) 'payement_state/'>, <URLPattern '^media/(?P<path>.*)$'>], [<URLResolver <module 'website.urls.base' from '/home/ymane/Téléchargements/projet_complet_easytrans_et_git/EASYTRANS/website/urls/base.py'> (None:None) ''>, <URLResolver <module 'website.urls.payement_state' from '/home/ymane/Téléchargements/projet_complet_easytrans_et_git/EASYTRANS/website/urls/payement_state.py'> (None:None) 'payement_state/'>, <URLPattern '^static/(?P<path>.*)$'>], [<URLResolver <module 'website.urls.base' from '/home/ymane/Téléchargements/projet_complet_easytrans_et_git/EASYTRANS/website/urls/base.py'> (None:None) ''>, <URLResolver <module 'website.urls.userspace' from '/home/ymane/Téléchargements/projet_complet_easytrans_et_git/EASYTRANS/website/urls/userspace.py'> (None:None) 'back-office/'>], [<URLResolver <module 'website.urls.base' from '/home/ymane/Téléchargements/projet_complet_easytrans_et_git/EASYTRANS/website/urls/base.py'> (None:None) ''>, <URLPattern '^media/(?P<path>.*)$'>], [<URLResolver <URLPattern list> (ninja:api-1.0.0) 'api-ninja/'>], [<URLPattern '^media/(?P<path>.*)$'>], [<URLPattern '^static/(?P<path>.*)$'>]], 'path': 'payement_state/notification/'}

During handling of the above exception, another exception occurred:

Traceback (most recent call last):
  File "/home/ymane/.local/lib/python3.8/site-packages/django/template/base.py", line 828, in _resolve_lookup
    current = current[bit]
TypeError: 'URLResolver' object is not subscriptable

During handling of the above exception, another exception occurred:

Traceback (most recent call last):
  File "/home/ymane/.local/lib/python3.8/site-packages/django/template/base.py", line 836, in _resolve_lookup
    current = getattr(current, bit)
AttributeError: 'URLResolver' object has no attribute 'name'

During handling of the above exception, another exception occurred:

Traceback (most recent call last):
  File "/home/ymane/.local/lib/python3.8/site-packages/django/template/base.py", line 842, in _resolve_lookup
    current = current[int(bit)]
ValueError: invalid literal for int() with base 10: 'name'

During handling of the above exception, another exception occurred:

Traceback (most recent call last):
  File "/home/ymane/.local/lib/python3.8/site-packages/django/template/base.py", line 847, in _resolve_lookup
    raise VariableDoesNotExist("Failed lookup for key "
django.template.base.VariableDoesNotExist: Failed lookup for key [name] in <URLResolver <URLPattern list> (ninja:api-1.0.0) 'api-ninja/'>
[ DEBUG ][ 2022-07-04 00:40:24,554 ][ base ] ==> Exception while resolving variable 'name' in template 'unknown'.
Traceback (most recent call last):
  File "/home/ymane/.local/lib/python3.8/site-packages/django/core/handlers/exception.py", line 34, in inner
    response = get_response(request)
  File "/home/ymane/.local/lib/python3.8/site-packages/django/core/handlers/base.py", line 100, in _get_response
    resolver_match = resolver.resolve(request.path_info)
  File "/home/ymane/.local/lib/python3.8/site-packages/django/urls/resolvers.py", line 575, in resolve
    raise Resolver404({'tried': tried, 'path': new_path})
django.urls.exceptions.Resolver404: {'tried': [[<URLResolver <URLPattern list> (admin:admin) 'admin-back-office/'>], [<URLResolver <module 'django.conf.urls.i18n' from '/home/ymane/.local/lib/python3.8/site-packages/django/conf/urls/i18n.py'> (None:None) 'i18n/'>], [<URLResolver <module 'session_security.urls' from '/home/ymane/Téléchargements/projet_complet_easytrans_et_git/EASYTRANS/session_security/urls.py'> (None:None) 'session_security/'>], [<URLResolver <module 'oauth.urls.base' from '/home/ymane/Téléchargements/projet_complet_easytrans_et_git/EASYTRANS/oauth/urls/base.py'> (None:None) 'oauth/'>], [<URLResolver <module 'sentry.urls.base' from '/home/ymane/Téléchargements/projet_complet_easytrans_et_git/EASYTRANS/sentry/urls/base.py'> (None:None) 'sentry/'>], [<URLResolver <module 'website.urls.base' from '/home/ymane/Téléchargements/projet_complet_easytrans_et_git/EASYTRANS/website/urls/base.py'> (None:None) ''>, <URLResolver <module 'website.urls.frontspace' from '/home/ymane/Téléchargements/projet_complet_easytrans_et_git/EASYTRANS/website/urls/frontspace.py'> (None:None) '^'>, <URLPattern '' [name='frontspace']>], [<URLResolver <module 'website.urls.base' from '/home/ymane/Téléchargements/projet_complet_easytrans_et_git/EASYTRANS/website/urls/base.py'> (None:None) ''>, <URLResolver <module 'website.urls.frontspace' from '/home/ymane/Téléchargements/projet_complet_easytrans_et_git/EASYTRANS/website/urls/frontspace.py'> (None:None) '^'>, <URLPattern 'ajax/load-lieu_depart/' [name='ajax_load_lieu_depart']>], [<URLResolver <module 'website.urls.base' from '/home/ymane/Téléchargements/projet_complet_easytrans_et_git/EASYTRANS/website/urls/base.py'> (None:None) ''>, <URLResolver <module 'website.urls.frontspace' from '/home/ymane/Téléchargements/projet_complet_easytrans_et_git/EASYTRANS/website/urls/frontspace.py'> (None:None) '^'>, <URLPattern 'ajax/load-destination/' [name='ajax_load_destination']>], [<URLResolver <module 'website.urls.base' from '/home/ymane/Téléchargements/projet_complet_easytrans_et_git/EASYTRANS/website/urls/base.py'> (None:None) ''>, <URLResolver <module 'website.urls.frontspace' from '/home/ymane/Téléchargements/projet_complet_easytrans_et_git/EASYTRANS/website/urls/frontspace.py'> (None:None) '^'>, <URLPattern '^media/(?P<path>.*)$'>], [<URLResolver <module 'website.urls.base' from '/home/ymane/Téléchargements/projet_complet_easytrans_et_git/EASYTRANS/website/urls/base.py'> (None:None) ''>, <URLResolver <module 'website.urls.frontspace' from '/home/ymane/Téléchargements/projet_complet_easytrans_et_git/EASYTRANS/website/urls/frontspace.py'> (None:None) '^'>, <URLPattern '^static/(?P<path>.*)$'>], [<URLResolver <module 'website.urls.base' from '/home/ymane/Téléchargements/projet_complet_easytrans_et_git/EASYTRANS/website/urls/base.py'> (None:None) ''>, <URLResolver <module 'website.urls.waiting_page' from '/home/ymane/Téléchargements/projet_complet_easytrans_et_git/EASYTRANS/website/urls/waiting_page.py'> (None:None) 'wait/'>], [<URLResolver <module 'website.urls.base' from '/home/ymane/Téléchargements/projet_complet_easytrans_et_git/EASYTRANS/website/urls/base.py'> (None:None) ''>, <URLResolver <module 'website.urls.payement_state' from '/home/ymane/Téléchargements/projet_complet_easytrans_et_git/EASYTRANS/website/urls/payement_state.py'> (None:None) 'payement_state/'>, <URLPattern 'success/' [name='success']>], [<URLResolver <module 'website.urls.base' from '/home/ymane/Téléchargements/projet_complet_easytrans_et_git/EASYTRANS/website/urls/base.py'> (None:None) ''>, <URLResolver <module 'website.urls.payement_state' from '/home/ymane/Téléchargements/projet_complet_easytrans_et_git/EASYTRANS/website/urls/payement_state.py'> (None:None) 'payement_state/'>, <URLPattern 'failled/' [name='failled']>], [<URLResolver <module 'website.urls.base' from '/home/ymane/Téléchargements/projet_complet_easytrans_et_git/EASYTRANS/website/urls/base.py'> (None:None) ''>, <URLResolver <module 'website.urls.payement_state' from '/home/ymane/Téléchargements/projet_complet_easytrans_et_git/EASYTRANS/website/urls/payement_state.py'> (None:None) 'payement_state/'>, <URLPattern 'notification'>], [<URLResolver <module 'website.urls.base' from '/home/ymane/Téléchargements/projet_complet_easytrans_et_git/EASYTRANS/website/urls/base.py'> (None:None) ''>, <URLResolver <module 'website.urls.payement_state' from '/home/ymane/Téléchargements/projet_complet_easytrans_et_git/EASYTRANS/website/urls/payement_state.py'> (None:None) 'payement_state/'>, <URLPattern '^media/(?P<path>.*)$'>], [<URLResolver <module 'website.urls.base' from '/home/ymane/Téléchargements/projet_complet_easytrans_et_git/EASYTRANS/website/urls/base.py'> (None:None) ''>, <URLResolver <module 'website.urls.payement_state' from '/home/ymane/Téléchargements/projet_complet_easytrans_et_git/EASYTRANS/website/urls/payement_state.py'> (None:None) 'payement_state/'>, <URLPattern '^static/(?P<path>.*)$'>], [<URLResolver <module 'website.urls.base' from '/home/ymane/Téléchargements/projet_complet_easytrans_et_git/EASYTRANS/website/urls/base.py'> (None:None) ''>, <URLResolver <module 'website.urls.userspace' from '/home/ymane/Téléchargements/projet_complet_easytrans_et_git/EASYTRANS/website/urls/userspace.py'> (None:None) 'back-office/'>], [<URLResolver <module 'website.urls.base' from '/home/ymane/Téléchargements/projet_complet_easytrans_et_git/EASYTRANS/website/urls/base.py'> (None:None) ''>, <URLPattern '^media/(?P<path>.*)$'>], [<URLResolver <URLPattern list> (ninja:api-1.0.0) 'api-ninja/'>], [<URLPattern '^media/(?P<path>.*)$'>], [<URLPattern '^static/(?P<path>.*)$'>]], 'path': 'payement_state/notification/'}

During handling of the above exception, another exception occurred:

Traceback (most recent call last):
  File "/home/ymane/.local/lib/python3.8/site-packages/django/template/base.py", line 828, in _resolve_lookup
    current = current[bit]
TypeError: 'URLResolver' object is not subscriptable

During handling of the above exception, another exception occurred:

Traceback (most recent call last):
  File "/home/ymane/.local/lib/python3.8/site-packages/django/template/base.py", line 836, in _resolve_lookup
    current = getattr(current, bit)
AttributeError: 'URLResolver' object has no attribute 'name'

During handling of the above exception, another exception occurred:

Traceback (most recent call last):
  File "/home/ymane/.local/lib/python3.8/site-packages/django/template/base.py", line 842, in _resolve_lookup
    current = current[int(bit)]
ValueError: invalid literal for int() with base 10: 'name'

During handling of the above exception, another exception occurred:

Traceback (most recent call last):
  File "/home/ymane/.local/lib/python3.8/site-packages/django/template/base.py", line 847, in _resolve_lookup
    raise VariableDoesNotExist("Failed lookup for key "
django.template.base.VariableDoesNotExist: Failed lookup for key [name] in <URLResolver <URLPattern list> (admin:admin) 'admin-back-office/'>
[ DEBUG ][ 2022-07-04 00:40:24,556 ][ base ] ==> Exception while resolving variable 'name' in template 'unknown'.
Traceback (most recent call last):
  File "/home/ymane/.local/lib/python3.8/site-packages/django/core/handlers/exception.py", line 34, in inner
    response = get_response(request)
  File "/home/ymane/.local/lib/python3.8/site-packages/django/core/handlers/base.py", line 100, in _get_response
    resolver_match = resolver.resolve(request.path_info)
  File "/home/ymane/.local/lib/python3.8/site-packages/django/urls/resolvers.py", line 575, in resolve
    raise Resolver404({'tried': tried, 'path': new_path})
django.urls.exceptions.Resolver404: {'tried': [[<URLResolver <URLPattern list> (admin:admin) 'admin-back-office/'>], [<URLResolver <module 'django.conf.urls.i18n' from '/home/ymane/.local/lib/python3.8/site-packages/django/conf/urls/i18n.py'> (None:None) 'i18n/'>], [<URLResolver <module 'session_security.urls' from '/home/ymane/Téléchargements/projet_complet_easytrans_et_git/EASYTRANS/session_security/urls.py'> (None:None) 'session_security/'>], [<URLResolver <module 'oauth.urls.base' from '/home/ymane/Téléchargements/projet_complet_easytrans_et_git/EASYTRANS/oauth/urls/base.py'> (None:None) 'oauth/'>], [<URLResolver <module 'sentry.urls.base' from '/home/ymane/Téléchargements/projet_complet_easytrans_et_git/EASYTRANS/sentry/urls/base.py'> (None:None) 'sentry/'>], [<URLResolver <module 'website.urls.base' from '/home/ymane/Téléchargements/projet_complet_easytrans_et_git/EASYTRANS/website/urls/base.py'> (None:None) ''>, <URLResolver <module 'website.urls.frontspace' from '/home/ymane/Téléchargements/projet_complet_easytrans_et_git/EASYTRANS/website/urls/frontspace.py'> (None:None) '^'>, <URLPattern '' [name='frontspace']>], [<URLResolver <module 'website.urls.base' from '/home/ymane/Téléchargements/projet_complet_easytrans_et_git/EASYTRANS/website/urls/base.py'> (None:None) ''>, <URLResolver <module 'website.urls.frontspace' from '/home/ymane/Téléchargements/projet_complet_easytrans_et_git/EASYTRANS/website/urls/frontspace.py'> (None:None) '^'>, <URLPattern 'ajax/load-lieu_depart/' [name='ajax_load_lieu_depart']>], [<URLResolver <module 'website.urls.base' from '/home/ymane/Téléchargements/projet_complet_easytrans_et_git/EASYTRANS/website/urls/base.py'> (None:None) ''>, <URLResolver <module 'website.urls.frontspace' from '/home/ymane/Téléchargements/projet_complet_easytrans_et_git/EASYTRANS/website/urls/frontspace.py'> (None:None) '^'>, <URLPattern 'ajax/load-destination/' [name='ajax_load_destination']>], [<URLResolver <module 'website.urls.base' from '/home/ymane/Téléchargements/projet_complet_easytrans_et_git/EASYTRANS/website/urls/base.py'> (None:None) ''>, <URLResolver <module 'website.urls.frontspace' from '/home/ymane/Téléchargements/projet_complet_easytrans_et_git/EASYTRANS/website/urls/frontspace.py'> (None:None) '^'>, <URLPattern '^media/(?P<path>.*)$'>], [<URLResolver <module 'website.urls.base' from '/home/ymane/Téléchargements/projet_complet_easytrans_et_git/EASYTRANS/website/urls/base.py'> (None:None) ''>, <URLResolver <module 'website.urls.frontspace' from '/home/ymane/Téléchargements/projet_complet_easytrans_et_git/EASYTRANS/website/urls/frontspace.py'> (None:None) '^'>, <URLPattern '^static/(?P<path>.*)$'>], [<URLResolver <module 'website.urls.base' from '/home/ymane/Téléchargements/projet_complet_easytrans_et_git/EASYTRANS/website/urls/base.py'> (None:None) ''>, <URLResolver <module 'website.urls.waiting_page' from '/home/ymane/Téléchargements/projet_complet_easytrans_et_git/EASYTRANS/website/urls/waiting_page.py'> (None:None) 'wait/'>], [<URLResolver <module 'website.urls.base' from '/home/ymane/Téléchargements/projet_complet_easytrans_et_git/EASYTRANS/website/urls/base.py'> (None:None) ''>, <URLResolver <module 'website.urls.payement_state' from '/home/ymane/Téléchargements/projet_complet_easytrans_et_git/EASYTRANS/website/urls/payement_state.py'> (None:None) 'payement_state/'>, <URLPattern 'success/' [name='success']>], [<URLResolver <module 'website.urls.base' from '/home/ymane/Téléchargements/projet_complet_easytrans_et_git/EASYTRANS/website/urls/base.py'> (None:None) ''>, <URLResolver <module 'website.urls.payement_state' from '/home/ymane/Téléchargements/projet_complet_easytrans_et_git/EASYTRANS/website/urls/payement_state.py'> (None:None) 'payement_state/'>, <URLPattern 'failled/' [name='failled']>], [<URLResolver <module 'website.urls.base' from '/home/ymane/Téléchargements/projet_complet_easytrans_et_git/EASYTRANS/website/urls/base.py'> (None:None) ''>, <URLResolver <module 'website.urls.payement_state' from '/home/ymane/Téléchargements/projet_complet_easytrans_et_git/EASYTRANS/website/urls/payement_state.py'> (None:None) 'payement_state/'>, <URLPattern 'notification'>], [<URLResolver <module 'website.urls.base' from '/home/ymane/Téléchargements/projet_complet_easytrans_et_git/EASYTRANS/website/urls/base.py'> (None:None) ''>, <URLResolver <module 'website.urls.payement_state' from '/home/ymane/Téléchargements/projet_complet_easytrans_et_git/EASYTRANS/website/urls/payement_state.py'> (None:None) 'payement_state/'>, <URLPattern '^media/(?P<path>.*)$'>], [<URLResolver <module 'website.urls.base' from '/home/ymane/Téléchargements/projet_complet_easytrans_et_git/EASYTRANS/website/urls/base.py'> (None:None) ''>, <URLResolver <module 'website.urls.payement_state' from '/home/ymane/Téléchargements/projet_complet_easytrans_et_git/EASYTRANS/website/urls/payement_state.py'> (None:None) 'payement_state/'>, <URLPattern '^static/(?P<path>.*)$'>], [<URLResolver <module 'website.urls.base' from '/home/ymane/Téléchargements/projet_complet_easytrans_et_git/EASYTRANS/website/urls/base.py'> (None:None) ''>, <URLResolver <module 'website.urls.userspace' from '/home/ymane/Téléchargements/projet_complet_easytrans_et_git/EASYTRANS/website/urls/userspace.py'> (None:None) 'back-office/'>], [<URLResolver <module 'website.urls.base' from '/home/ymane/Téléchargements/projet_complet_easytrans_et_git/EASYTRANS/website/urls/base.py'> (None:None) ''>, <URLPattern '^media/(?P<path>.*)$'>], [<URLResolver <URLPattern list> (ninja:api-1.0.0) 'api-ninja/'>], [<URLPattern '^media/(?P<path>.*)$'>], [<URLPattern '^static/(?P<path>.*)$'>]], 'path': 'payement_state/notification/'}

During handling of the above exception, another exception occurred:

Traceback (most recent call last):
  File "/home/ymane/.local/lib/python3.8/site-packages/django/template/base.py", line 828, in _resolve_lookup
    current = current[bit]
TypeError: 'URLResolver' object is not subscriptable

During handling of the above exception, another exception occurred:

Traceback (most recent call last):
  File "/home/ymane/.local/lib/python3.8/site-packages/django/template/base.py", line 836, in _resolve_lookup
    current = getattr(current, bit)
AttributeError: 'URLResolver' object has no attribute 'name'

During handling of the above exception, another exception occurred:

Traceback (most recent call last):
  File "/home/ymane/.local/lib/python3.8/site-packages/django/template/base.py", line 842, in _resolve_lookup
    current = current[int(bit)]
ValueError: invalid literal for int() with base 10: 'name'

During handling of the above exception, another exception occurred:

Traceback (most recent call last):
  File "/home/ymane/.local/lib/python3.8/site-packages/django/template/base.py", line 847, in _resolve_lookup
    raise VariableDoesNotExist("Failed lookup for key "
django.template.base.VariableDoesNotExist: Failed lookup for key [name] in <URLResolver <module 'django.conf.urls.i18n' from '/home/ymane/.local/lib/python3.8/site-packages/django/conf/urls/i18n.py'> (None:None) 'i18n/'>
[ DEBUG ][ 2022-07-04 00:40:24,557 ][ base ] ==> Exception while resolving variable 'name' in template 'unknown'.
Traceback (most recent call last):
  File "/home/ymane/.local/lib/python3.8/site-packages/django/core/handlers/exception.py", line 34, in inner
    response = get_response(request)
  File "/home/ymane/.local/lib/python3.8/site-packages/django/core/handlers/base.py", line 100, in _get_response
    resolver_match = resolver.resolve(request.path_info)
  File "/home/ymane/.local/lib/python3.8/site-packages/django/urls/resolvers.py", line 575, in resolve
    raise Resolver404({'tried': tried, 'path': new_path})
django.urls.exceptions.Resolver404: {'tried': [[<URLResolver <URLPattern list> (admin:admin) 'admin-back-office/'>], [<URLResolver <module 'django.conf.urls.i18n' from '/home/ymane/.local/lib/python3.8/site-packages/django/conf/urls/i18n.py'> (None:None) 'i18n/'>], [<URLResolver <module 'session_security.urls' from '/home/ymane/Téléchargements/projet_complet_easytrans_et_git/EASYTRANS/session_security/urls.py'> (None:None) 'session_security/'>], [<URLResolver <module 'oauth.urls.base' from '/home/ymane/Téléchargements/projet_complet_easytrans_et_git/EASYTRANS/oauth/urls/base.py'> (None:None) 'oauth/'>], [<URLResolver <module 'sentry.urls.base' from '/home/ymane/Téléchargements/projet_complet_easytrans_et_git/EASYTRANS/sentry/urls/base.py'> (None:None) 'sentry/'>], [<URLResolver <module 'website.urls.base' from '/home/ymane/Téléchargements/projet_complet_easytrans_et_git/EASYTRANS/website/urls/base.py'> (None:None) ''>, <URLResolver <module 'website.urls.frontspace' from '/home/ymane/Téléchargements/projet_complet_easytrans_et_git/EASYTRANS/website/urls/frontspace.py'> (None:None) '^'>, <URLPattern '' [name='frontspace']>], [<URLResolver <module 'website.urls.base' from '/home/ymane/Téléchargements/projet_complet_easytrans_et_git/EASYTRANS/website/urls/base.py'> (None:None) ''>, <URLResolver <module 'website.urls.frontspace' from '/home/ymane/Téléchargements/projet_complet_easytrans_et_git/EASYTRANS/website/urls/frontspace.py'> (None:None) '^'>, <URLPattern 'ajax/load-lieu_depart/' [name='ajax_load_lieu_depart']>], [<URLResolver <module 'website.urls.base' from '/home/ymane/Téléchargements/projet_complet_easytrans_et_git/EASYTRANS/website/urls/base.py'> (None:None) ''>, <URLResolver <module 'website.urls.frontspace' from '/home/ymane/Téléchargements/projet_complet_easytrans_et_git/EASYTRANS/website/urls/frontspace.py'> (None:None) '^'>, <URLPattern 'ajax/load-destination/' [name='ajax_load_destination']>], [<URLResolver <module 'website.urls.base' from '/home/ymane/Téléchargements/projet_complet_easytrans_et_git/EASYTRANS/website/urls/base.py'> (None:None) ''>, <URLResolver <module 'website.urls.frontspace' from '/home/ymane/Téléchargements/projet_complet_easytrans_et_git/EASYTRANS/website/urls/frontspace.py'> (None:None) '^'>, <URLPattern '^media/(?P<path>.*)$'>], [<URLResolver <module 'website.urls.base' from '/home/ymane/Téléchargements/projet_complet_easytrans_et_git/EASYTRANS/website/urls/base.py'> (None:None) ''>, <URLResolver <module 'website.urls.frontspace' from '/home/ymane/Téléchargements/projet_complet_easytrans_et_git/EASYTRANS/website/urls/frontspace.py'> (None:None) '^'>, <URLPattern '^static/(?P<path>.*)$'>], [<URLResolver <module 'website.urls.base' from '/home/ymane/Téléchargements/projet_complet_easytrans_et_git/EASYTRANS/website/urls/base.py'> (None:None) ''>, <URLResolver <module 'website.urls.waiting_page' from '/home/ymane/Téléchargements/projet_complet_easytrans_et_git/EASYTRANS/website/urls/waiting_page.py'> (None:None) 'wait/'>], [<URLResolver <module 'website.urls.base' from '/home/ymane/Téléchargements/projet_complet_easytrans_et_git/EASYTRANS/website/urls/base.py'> (None:None) ''>, <URLResolver <module 'website.urls.payement_state' from '/home/ymane/Téléchargements/projet_complet_easytrans_et_git/EASYTRANS/website/urls/payement_state.py'> (None:None) 'payement_state/'>, <URLPattern 'success/' [name='success']>], [<URLResolver <module 'website.urls.base' from '/home/ymane/Téléchargements/projet_complet_easytrans_et_git/EASYTRANS/website/urls/base.py'> (None:None) ''>, <URLResolver <module 'website.urls.payement_state' from '/home/ymane/Téléchargements/projet_complet_easytrans_et_git/EASYTRANS/website/urls/payement_state.py'> (None:None) 'payement_state/'>, <URLPattern 'failled/' [name='failled']>], [<URLResolver <module 'website.urls.base' from '/home/ymane/Téléchargements/projet_complet_easytrans_et_git/EASYTRANS/website/urls/base.py'> (None:None) ''>, <URLResolver <module 'website.urls.payement_state' from '/home/ymane/Téléchargements/projet_complet_easytrans_et_git/EASYTRANS/website/urls/payement_state.py'> (None:None) 'payement_state/'>, <URLPattern 'notification'>], [<URLResolver <module 'website.urls.base' from '/home/ymane/Téléchargements/projet_complet_easytrans_et_git/EASYTRANS/website/urls/base.py'> (None:None) ''>, <URLResolver <module 'website.urls.payement_state' from '/home/ymane/Téléchargements/projet_complet_easytrans_et_git/EASYTRANS/website/urls/payement_state.py'> (None:None) 'payement_state/'>, <URLPattern '^media/(?P<path>.*)$'>], [<URLResolver <module 'website.urls.base' from '/home/ymane/Téléchargements/projet_complet_easytrans_et_git/EASYTRANS/website/urls/base.py'> (None:None) ''>, <URLResolver <module 'website.urls.payement_state' from '/home/ymane/Téléchargements/projet_complet_easytrans_et_git/EASYTRANS/website/urls/payement_state.py'> (None:None) 'payement_state/'>, <URLPattern '^static/(?P<path>.*)$'>], [<URLResolver <module 'website.urls.base' from '/home/ymane/Téléchargements/projet_complet_easytrans_et_git/EASYTRANS/website/urls/base.py'> (None:None) ''>, <URLResolver <module 'website.urls.userspace' from '/home/ymane/Téléchargements/projet_complet_easytrans_et_git/EASYTRANS/website/urls/userspace.py'> (None:None) 'back-office/'>], [<URLResolver <module 'website.urls.base' from '/home/ymane/Téléchargements/projet_complet_easytrans_et_git/EASYTRANS/website/urls/base.py'> (None:None) ''>, <URLPattern '^media/(?P<path>.*)$'>], [<URLResolver <URLPattern list> (ninja:api-1.0.0) 'api-ninja/'>], [<URLPattern '^media/(?P<path>.*)$'>], [<URLPattern '^static/(?P<path>.*)$'>]], 'path': 'payement_state/notification/'}

During handling of the above exception, another exception occurred:

Traceback (most recent call last):
  File "/home/ymane/.local/lib/python3.8/site-packages/django/template/base.py", line 828, in _resolve_lookup
    current = current[bit]
TypeError: 'URLResolver' object is not subscriptable

During handling of the above exception, another exception occurred:

Traceback (most recent call last):
  File "/home/ymane/.local/lib/python3.8/site-packages/django/template/base.py", line 836, in _resolve_lookup
    current = getattr(current, bit)
AttributeError: 'URLResolver' object has no attribute 'name'

During handling of the above exception, another exception occurred:

Traceback (most recent call last):
  File "/home/ymane/.local/lib/python3.8/site-packages/django/template/base.py", line 842, in _resolve_lookup
    current = current[int(bit)]
ValueError: invalid literal for int() with base 10: 'name'

During handling of the above exception, another exception occurred:

Traceback (most recent call last):
  File "/home/ymane/.local/lib/python3.8/site-packages/django/template/base.py", line 847, in _resolve_lookup
    raise VariableDoesNotExist("Failed lookup for key "
django.template.base.VariableDoesNotExist: Failed lookup for key [name] in <URLResolver <module 'session_security.urls' from '/home/ymane/Téléchargements/projet_complet_easytrans_et_git/EASYTRANS/session_security/urls.py'> (None:None) 'session_security/'>
[ DEBUG ][ 2022-07-04 00:40:24,558 ][ base ] ==> Exception while resolving variable 'name' in template 'unknown'.
Traceback (most recent call last):
  File "/home/ymane/.local/lib/python3.8/site-packages/django/core/handlers/exception.py", line 34, in inner
    response = get_response(request)
  File "/home/ymane/.local/lib/python3.8/site-packages/django/core/handlers/base.py", line 100, in _get_response
    resolver_match = resolver.resolve(request.path_info)
  File "/home/ymane/.local/lib/python3.8/site-packages/django/urls/resolvers.py", line 575, in resolve
    raise Resolver404({'tried': tried, 'path': new_path})
django.urls.exceptions.Resolver404: {'tried': [[<URLResolver <URLPattern list> (admin:admin) 'admin-back-office/'>], [<URLResolver <module 'django.conf.urls.i18n' from '/home/ymane/.local/lib/python3.8/site-packages/django/conf/urls/i18n.py'> (None:None) 'i18n/'>], [<URLResolver <module 'session_security.urls' from '/home/ymane/Téléchargements/projet_complet_easytrans_et_git/EASYTRANS/session_security/urls.py'> (None:None) 'session_security/'>], [<URLResolver <module 'oauth.urls.base' from '/home/ymane/Téléchargements/projet_complet_easytrans_et_git/EASYTRANS/oauth/urls/base.py'> (None:None) 'oauth/'>], [<URLResolver <module 'sentry.urls.base' from '/home/ymane/Téléchargements/projet_complet_easytrans_et_git/EASYTRANS/sentry/urls/base.py'> (None:None) 'sentry/'>], [<URLResolver <module 'website.urls.base' from '/home/ymane/Téléchargements/projet_complet_easytrans_et_git/EASYTRANS/website/urls/base.py'> (None:None) ''>, <URLResolver <module 'website.urls.frontspace' from '/home/ymane/Téléchargements/projet_complet_easytrans_et_git/EASYTRANS/website/urls/frontspace.py'> (None:None) '^'>, <URLPattern '' [name='frontspace']>], [<URLResolver <module 'website.urls.base' from '/home/ymane/Téléchargements/projet_complet_easytrans_et_git/EASYTRANS/website/urls/base.py'> (None:None) ''>, <URLResolver <module 'website.urls.frontspace' from '/home/ymane/Téléchargements/projet_complet_easytrans_et_git/EASYTRANS/website/urls/frontspace.py'> (None:None) '^'>, <URLPattern 'ajax/load-lieu_depart/' [name='ajax_load_lieu_depart']>], [<URLResolver <module 'website.urls.base' from '/home/ymane/Téléchargements/projet_complet_easytrans_et_git/EASYTRANS/website/urls/base.py'> (None:None) ''>, <URLResolver <module 'website.urls.frontspace' from '/home/ymane/Téléchargements/projet_complet_easytrans_et_git/EASYTRANS/website/urls/frontspace.py'> (None:None) '^'>, <URLPattern 'ajax/load-destination/' [name='ajax_load_destination']>], [<URLResolver <module 'website.urls.base' from '/home/ymane/Téléchargements/projet_complet_easytrans_et_git/EASYTRANS/website/urls/base.py'> (None:None) ''>, <URLResolver <module 'website.urls.frontspace' from '/home/ymane/Téléchargements/projet_complet_easytrans_et_git/EASYTRANS/website/urls/frontspace.py'> (None:None) '^'>, <URLPattern '^media/(?P<path>.*)$'>], [<URLResolver <module 'website.urls.base' from '/home/ymane/Téléchargements/projet_complet_easytrans_et_git/EASYTRANS/website/urls/base.py'> (None:None) ''>, <URLResolver <module 'website.urls.frontspace' from '/home/ymane/Téléchargements/projet_complet_easytrans_et_git/EASYTRANS/website/urls/frontspace.py'> (None:None) '^'>, <URLPattern '^static/(?P<path>.*)$'>], [<URLResolver <module 'website.urls.base' from '/home/ymane/Téléchargements/projet_complet_easytrans_et_git/EASYTRANS/website/urls/base.py'> (None:None) ''>, <URLResolver <module 'website.urls.waiting_page' from '/home/ymane/Téléchargements/projet_complet_easytrans_et_git/EASYTRANS/website/urls/waiting_page.py'> (None:None) 'wait/'>], [<URLResolver <module 'website.urls.base' from '/home/ymane/Téléchargements/projet_complet_easytrans_et_git/EASYTRANS/website/urls/base.py'> (None:None) ''>, <URLResolver <module 'website.urls.payement_state' from '/home/ymane/Téléchargements/projet_complet_easytrans_et_git/EASYTRANS/website/urls/payement_state.py'> (None:None) 'payement_state/'>, <URLPattern 'success/' [name='success']>], [<URLResolver <module 'website.urls.base' from '/home/ymane/Téléchargements/projet_complet_easytrans_et_git/EASYTRANS/website/urls/base.py'> (None:None) ''>, <URLResolver <module 'website.urls.payement_state' from '/home/ymane/Téléchargements/projet_complet_easytrans_et_git/EASYTRANS/website/urls/payement_state.py'> (None:None) 'payement_state/'>, <URLPattern 'failled/' [name='failled']>], [<URLResolver <module 'website.urls.base' from '/home/ymane/Téléchargements/projet_complet_easytrans_et_git/EASYTRANS/website/urls/base.py'> (None:None) ''>, <URLResolver <module 'website.urls.payement_state' from '/home/ymane/Téléchargements/projet_complet_easytrans_et_git/EASYTRANS/website/urls/payement_state.py'> (None:None) 'payement_state/'>, <URLPattern 'notification'>], [<URLResolver <module 'website.urls.base' from '/home/ymane/Téléchargements/projet_complet_easytrans_et_git/EASYTRANS/website/urls/base.py'> (None:None) ''>, <URLResolver <module 'website.urls.payement_state' from '/home/ymane/Téléchargements/projet_complet_easytrans_et_git/EASYTRANS/website/urls/payement_state.py'> (None:None) 'payement_state/'>, <URLPattern '^media/(?P<path>.*)$'>], [<URLResolver <module 'website.urls.base' from '/home/ymane/Téléchargements/projet_complet_easytrans_et_git/EASYTRANS/website/urls/base.py'> (None:None) ''>, <URLResolver <module 'website.urls.payement_state' from '/home/ymane/Téléchargements/projet_complet_easytrans_et_git/EASYTRANS/website/urls/payement_state.py'> (None:None) 'payement_state/'>, <URLPattern '^static/(?P<path>.*)$'>], [<URLResolver <module 'website.urls.base' from '/home/ymane/Téléchargements/projet_complet_easytrans_et_git/EASYTRANS/website/urls/base.py'> (None:None) ''>, <URLResolver <module 'website.urls.userspace' from '/home/ymane/Téléchargements/projet_complet_easytrans_et_git/EASYTRANS/website/urls/userspace.py'> (None:None) 'back-office/'>], [<URLResolver <module 'website.urls.base' from '/home/ymane/Téléchargements/projet_complet_easytrans_et_git/EASYTRANS/website/urls/base.py'> (None:None) ''>, <URLPattern '^media/(?P<path>.*)$'>], [<URLResolver <URLPattern list> (ninja:api-1.0.0) 'api-ninja/'>], [<URLPattern '^media/(?P<path>.*)$'>], [<URLPattern '^static/(?P<path>.*)$'>]], 'path': 'payement_state/notification/'}

During handling of the above exception, another exception occurred:

Traceback (most recent call last):
  File "/home/ymane/.local/lib/python3.8/site-packages/django/template/base.py", line 828, in _resolve_lookup
    current = current[bit]
TypeError: 'URLResolver' object is not subscriptable

During handling of the above exception, another exception occurred:

Traceback (most recent call last):
  File "/home/ymane/.local/lib/python3.8/site-packages/django/template/base.py", line 836, in _resolve_lookup
    current = getattr(current, bit)
AttributeError: 'URLResolver' object has no attribute 'name'

During handling of the above exception, another exception occurred:

Traceback (most recent call last):
  File "/home/ymane/.local/lib/python3.8/site-packages/django/template/base.py", line 842, in _resolve_lookup
    current = current[int(bit)]
ValueError: invalid literal for int() with base 10: 'name'

During handling of the above exception, another exception occurred:

Traceback (most recent call last):
  File "/home/ymane/.local/lib/python3.8/site-packages/django/template/base.py", line 847, in _resolve_lookup
    raise VariableDoesNotExist("Failed lookup for key "
django.template.base.VariableDoesNotExist: Failed lookup for key [name] in <URLResolver <module 'oauth.urls.base' from '/home/ymane/Téléchargements/projet_complet_easytrans_et_git/EASYTRANS/oauth/urls/base.py'> (None:None) 'oauth/'>
[ DEBUG ][ 2022-07-04 00:40:24,558 ][ base ] ==> Exception while resolving variable 'name' in template 'unknown'.
Traceback (most recent call last):
  File "/home/ymane/.local/lib/python3.8/site-packages/django/core/handlers/exception.py", line 34, in inner
    response = get_response(request)
  File "/home/ymane/.local/lib/python3.8/site-packages/django/core/handlers/base.py", line 100, in _get_response
    resolver_match = resolver.resolve(request.path_info)
  File "/home/ymane/.local/lib/python3.8/site-packages/django/urls/resolvers.py", line 575, in resolve
    raise Resolver404({'tried': tried, 'path': new_path})
django.urls.exceptions.Resolver404: {'tried': [[<URLResolver <URLPattern list> (admin:admin) 'admin-back-office/'>], [<URLResolver <module 'django.conf.urls.i18n' from '/home/ymane/.local/lib/python3.8/site-packages/django/conf/urls/i18n.py'> (None:None) 'i18n/'>], [<URLResolver <module 'session_security.urls' from '/home/ymane/Téléchargements/projet_complet_easytrans_et_git/EASYTRANS/session_security/urls.py'> (None:None) 'session_security/'>], [<URLResolver <module 'oauth.urls.base' from '/home/ymane/Téléchargements/projet_complet_easytrans_et_git/EASYTRANS/oauth/urls/base.py'> (None:None) 'oauth/'>], [<URLResolver <module 'sentry.urls.base' from '/home/ymane/Téléchargements/projet_complet_easytrans_et_git/EASYTRANS/sentry/urls/base.py'> (None:None) 'sentry/'>], [<URLResolver <module 'website.urls.base' from '/home/ymane/Téléchargements/projet_complet_easytrans_et_git/EASYTRANS/website/urls/base.py'> (None:None) ''>, <URLResolver <module 'website.urls.frontspace' from '/home/ymane/Téléchargements/projet_complet_easytrans_et_git/EASYTRANS/website/urls/frontspace.py'> (None:None) '^'>, <URLPattern '' [name='frontspace']>], [<URLResolver <module 'website.urls.base' from '/home/ymane/Téléchargements/projet_complet_easytrans_et_git/EASYTRANS/website/urls/base.py'> (None:None) ''>, <URLResolver <module 'website.urls.frontspace' from '/home/ymane/Téléchargements/projet_complet_easytrans_et_git/EASYTRANS/website/urls/frontspace.py'> (None:None) '^'>, <URLPattern 'ajax/load-lieu_depart/' [name='ajax_load_lieu_depart']>], [<URLResolver <module 'website.urls.base' from '/home/ymane/Téléchargements/projet_complet_easytrans_et_git/EASYTRANS/website/urls/base.py'> (None:None) ''>, <URLResolver <module 'website.urls.frontspace' from '/home/ymane/Téléchargements/projet_complet_easytrans_et_git/EASYTRANS/website/urls/frontspace.py'> (None:None) '^'>, <URLPattern 'ajax/load-destination/' [name='ajax_load_destination']>], [<URLResolver <module 'website.urls.base' from '/home/ymane/Téléchargements/projet_complet_easytrans_et_git/EASYTRANS/website/urls/base.py'> (None:None) ''>, <URLResolver <module 'website.urls.frontspace' from '/home/ymane/Téléchargements/projet_complet_easytrans_et_git/EASYTRANS/website/urls/frontspace.py'> (None:None) '^'>, <URLPattern '^media/(?P<path>.*)$'>], [<URLResolver <module 'website.urls.base' from '/home/ymane/Téléchargements/projet_complet_easytrans_et_git/EASYTRANS/website/urls/base.py'> (None:None) ''>, <URLResolver <module 'website.urls.frontspace' from '/home/ymane/Téléchargements/projet_complet_easytrans_et_git/EASYTRANS/website/urls/frontspace.py'> (None:None) '^'>, <URLPattern '^static/(?P<path>.*)$'>], [<URLResolver <module 'website.urls.base' from '/home/ymane/Téléchargements/projet_complet_easytrans_et_git/EASYTRANS/website/urls/base.py'> (None:None) ''>, <URLResolver <module 'website.urls.waiting_page' from '/home/ymane/Téléchargements/projet_complet_easytrans_et_git/EASYTRANS/website/urls/waiting_page.py'> (None:None) 'wait/'>], [<URLResolver <module 'website.urls.base' from '/home/ymane/Téléchargements/projet_complet_easytrans_et_git/EASYTRANS/website/urls/base.py'> (None:None) ''>, <URLResolver <module 'website.urls.payement_state' from '/home/ymane/Téléchargements/projet_complet_easytrans_et_git/EASYTRANS/website/urls/payement_state.py'> (None:None) 'payement_state/'>, <URLPattern 'success/' [name='success']>], [<URLResolver <module 'website.urls.base' from '/home/ymane/Téléchargements/projet_complet_easytrans_et_git/EASYTRANS/website/urls/base.py'> (None:None) ''>, <URLResolver <module 'website.urls.payement_state' from '/home/ymane/Téléchargements/projet_complet_easytrans_et_git/EASYTRANS/website/urls/payement_state.py'> (None:None) 'payement_state/'>, <URLPattern 'failled/' [name='failled']>], [<URLResolver <module 'website.urls.base' from '/home/ymane/Téléchargements/projet_complet_easytrans_et_git/EASYTRANS/website/urls/base.py'> (None:None) ''>, <URLResolver <module 'website.urls.payement_state' from '/home/ymane/Téléchargements/projet_complet_easytrans_et_git/EASYTRANS/website/urls/payement_state.py'> (None:None) 'payement_state/'>, <URLPattern 'notification'>], [<URLResolver <module 'website.urls.base' from '/home/ymane/Téléchargements/projet_complet_easytrans_et_git/EASYTRANS/website/urls/base.py'> (None:None) ''>, <URLResolver <module 'website.urls.payement_state' from '/home/ymane/Téléchargements/projet_complet_easytrans_et_git/EASYTRANS/website/urls/payement_state.py'> (None:None) 'payement_state/'>, <URLPattern '^media/(?P<path>.*)$'>], [<URLResolver <module 'website.urls.base' from '/home/ymane/Téléchargements/projet_complet_easytrans_et_git/EASYTRANS/website/urls/base.py'> (None:None) ''>, <URLResolver <module 'website.urls.payement_state' from '/home/ymane/Téléchargements/projet_complet_easytrans_et_git/EASYTRANS/website/urls/payement_state.py'> (None:None) 'payement_state/'>, <URLPattern '^static/(?P<path>.*)$'>], [<URLResolver <module 'website.urls.base' from '/home/ymane/Téléchargements/projet_complet_easytrans_et_git/EASYTRANS/website/urls/base.py'> (None:None) ''>, <URLResolver <module 'website.urls.userspace' from '/home/ymane/Téléchargements/projet_complet_easytrans_et_git/EASYTRANS/website/urls/userspace.py'> (None:None) 'back-office/'>], [<URLResolver <module 'website.urls.base' from '/home/ymane/Téléchargements/projet_complet_easytrans_et_git/EASYTRANS/website/urls/base.py'> (None:None) ''>, <URLPattern '^media/(?P<path>.*)$'>], [<URLResolver <URLPattern list> (ninja:api-1.0.0) 'api-ninja/'>], [<URLPattern '^media/(?P<path>.*)$'>], [<URLPattern '^static/(?P<path>.*)$'>]], 'path': 'payement_state/notification/'}

During handling of the above exception, another exception occurred:

Traceback (most recent call last):
  File "/home/ymane/.local/lib/python3.8/site-packages/django/template/base.py", line 828, in _resolve_lookup
    current = current[bit]
TypeError: 'URLResolver' object is not subscriptable

During handling of the above exception, another exception occurred:

Traceback (most recent call last):
  File "/home/ymane/.local/lib/python3.8/site-packages/django/template/base.py", line 836, in _resolve_lookup
    current = getattr(current, bit)
AttributeError: 'URLResolver' object has no attribute 'name'

During handling of the above exception, another exception occurred:

Traceback (most recent call last):
  File "/home/ymane/.local/lib/python3.8/site-packages/django/template/base.py", line 842, in _resolve_lookup
    current = current[int(bit)]
ValueError: invalid literal for int() with base 10: 'name'

During handling of the above exception, another exception occurred:

Traceback (most recent call last):
  File "/home/ymane/.local/lib/python3.8/site-packages/django/template/base.py", line 847, in _resolve_lookup
    raise VariableDoesNotExist("Failed lookup for key "
django.template.base.VariableDoesNotExist: Failed lookup for key [name] in <URLResolver <module 'sentry.urls.base' from '/home/ymane/Téléchargements/projet_complet_easytrans_et_git/EASYTRANS/sentry/urls/base.py'> (None:None) 'sentry/'>
[ DEBUG ][ 2022-07-04 00:40:24,559 ][ base ] ==> Exception while resolving variable 'name' in template 'unknown'.
Traceback (most recent call last):
  File "/home/ymane/.local/lib/python3.8/site-packages/django/core/handlers/exception.py", line 34, in inner
    response = get_response(request)
  File "/home/ymane/.local/lib/python3.8/site-packages/django/core/handlers/base.py", line 100, in _get_response
    resolver_match = resolver.resolve(request.path_info)
  File "/home/ymane/.local/lib/python3.8/site-packages/django/urls/resolvers.py", line 575, in resolve
    raise Resolver404({'tried': tried, 'path': new_path})
django.urls.exceptions.Resolver404: {'tried': [[<URLResolver <URLPattern list> (admin:admin) 'admin-back-office/'>], [<URLResolver <module 'django.conf.urls.i18n' from '/home/ymane/.local/lib/python3.8/site-packages/django/conf/urls/i18n.py'> (None:None) 'i18n/'>], [<URLResolver <module 'session_security.urls' from '/home/ymane/Téléchargements/projet_complet_easytrans_et_git/EASYTRANS/session_security/urls.py'> (None:None) 'session_security/'>], [<URLResolver <module 'oauth.urls.base' from '/home/ymane/Téléchargements/projet_complet_easytrans_et_git/EASYTRANS/oauth/urls/base.py'> (None:None) 'oauth/'>], [<URLResolver <module 'sentry.urls.base' from '/home/ymane/Téléchargements/projet_complet_easytrans_et_git/EASYTRANS/sentry/urls/base.py'> (None:None) 'sentry/'>], [<URLResolver <module 'website.urls.base' from '/home/ymane/Téléchargements/projet_complet_easytrans_et_git/EASYTRANS/website/urls/base.py'> (None:None) ''>, <URLResolver <module 'website.urls.frontspace' from '/home/ymane/Téléchargements/projet_complet_easytrans_et_git/EASYTRANS/website/urls/frontspace.py'> (None:None) '^'>, <URLPattern '' [name='frontspace']>], [<URLResolver <module 'website.urls.base' from '/home/ymane/Téléchargements/projet_complet_easytrans_et_git/EASYTRANS/website/urls/base.py'> (None:None) ''>, <URLResolver <module 'website.urls.frontspace' from '/home/ymane/Téléchargements/projet_complet_easytrans_et_git/EASYTRANS/website/urls/frontspace.py'> (None:None) '^'>, <URLPattern 'ajax/load-lieu_depart/' [name='ajax_load_lieu_depart']>], [<URLResolver <module 'website.urls.base' from '/home/ymane/Téléchargements/projet_complet_easytrans_et_git/EASYTRANS/website/urls/base.py'> (None:None) ''>, <URLResolver <module 'website.urls.frontspace' from '/home/ymane/Téléchargements/projet_complet_easytrans_et_git/EASYTRANS/website/urls/frontspace.py'> (None:None) '^'>, <URLPattern 'ajax/load-destination/' [name='ajax_load_destination']>], [<URLResolver <module 'website.urls.base' from '/home/ymane/Téléchargements/projet_complet_easytrans_et_git/EASYTRANS/website/urls/base.py'> (None:None) ''>, <URLResolver <module 'website.urls.frontspace' from '/home/ymane/Téléchargements/projet_complet_easytrans_et_git/EASYTRANS/website/urls/frontspace.py'> (None:None) '^'>, <URLPattern '^media/(?P<path>.*)$'>], [<URLResolver <module 'website.urls.base' from '/home/ymane/Téléchargements/projet_complet_easytrans_et_git/EASYTRANS/website/urls/base.py'> (None:None) ''>, <URLResolver <module 'website.urls.frontspace' from '/home/ymane/Téléchargements/projet_complet_easytrans_et_git/EASYTRANS/website/urls/frontspace.py'> (None:None) '^'>, <URLPattern '^static/(?P<path>.*)$'>], [<URLResolver <module 'website.urls.base' from '/home/ymane/Téléchargements/projet_complet_easytrans_et_git/EASYTRANS/website/urls/base.py'> (None:None) ''>, <URLResolver <module 'website.urls.waiting_page' from '/home/ymane/Téléchargements/projet_complet_easytrans_et_git/EASYTRANS/website/urls/waiting_page.py'> (None:None) 'wait/'>], [<URLResolver <module 'website.urls.base' from '/home/ymane/Téléchargements/projet_complet_easytrans_et_git/EASYTRANS/website/urls/base.py'> (None:None) ''>, <URLResolver <module 'website.urls.payement_state' from '/home/ymane/Téléchargements/projet_complet_easytrans_et_git/EASYTRANS/website/urls/payement_state.py'> (None:None) 'payement_state/'>, <URLPattern 'success/' [name='success']>], [<URLResolver <module 'website.urls.base' from '/home/ymane/Téléchargements/projet_complet_easytrans_et_git/EASYTRANS/website/urls/base.py'> (None:None) ''>, <URLResolver <module 'website.urls.payement_state' from '/home/ymane/Téléchargements/projet_complet_easytrans_et_git/EASYTRANS/website/urls/payement_state.py'> (None:None) 'payement_state/'>, <URLPattern 'failled/' [name='failled']>], [<URLResolver <module 'website.urls.base' from '/home/ymane/Téléchargements/projet_complet_easytrans_et_git/EASYTRANS/website/urls/base.py'> (None:None) ''>, <URLResolver <module 'website.urls.payement_state' from '/home/ymane/Téléchargements/projet_complet_easytrans_et_git/EASYTRANS/website/urls/payement_state.py'> (None:None) 'payement_state/'>, <URLPattern 'notification'>], [<URLResolver <module 'website.urls.base' from '/home/ymane/Téléchargements/projet_complet_easytrans_et_git/EASYTRANS/website/urls/base.py'> (None:None) ''>, <URLResolver <module 'website.urls.payement_state' from '/home/ymane/Téléchargements/projet_complet_easytrans_et_git/EASYTRANS/website/urls/payement_state.py'> (None:None) 'payement_state/'>, <URLPattern '^media/(?P<path>.*)$'>], [<URLResolver <module 'website.urls.base' from '/home/ymane/Téléchargements/projet_complet_easytrans_et_git/EASYTRANS/website/urls/base.py'> (None:None) ''>, <URLResolver <module 'website.urls.payement_state' from '/home/ymane/Téléchargements/projet_complet_easytrans_et_git/EASYTRANS/website/urls/payement_state.py'> (None:None) 'payement_state/'>, <URLPattern '^static/(?P<path>.*)$'>], [<URLResolver <module 'website.urls.base' from '/home/ymane/Téléchargements/projet_complet_easytrans_et_git/EASYTRANS/website/urls/base.py'> (None:None) ''>, <URLResolver <module 'website.urls.userspace' from '/home/ymane/Téléchargements/projet_complet_easytrans_et_git/EASYTRANS/website/urls/userspace.py'> (None:None) 'back-office/'>], [<URLResolver <module 'website.urls.base' from '/home/ymane/Téléchargements/projet_complet_easytrans_et_git/EASYTRANS/website/urls/base.py'> (None:None) ''>, <URLPattern '^media/(?P<path>.*)$'>], [<URLResolver <URLPattern list> (ninja:api-1.0.0) 'api-ninja/'>], [<URLPattern '^media/(?P<path>.*)$'>], [<URLPattern '^static/(?P<path>.*)$'>]], 'path': 'payement_state/notification/'}

During handling of the above exception, another exception occurred:

Traceback (most recent call last):
  File "/home/ymane/.local/lib/python3.8/site-packages/django/template/base.py", line 828, in _resolve_lookup
    current = current[bit]
TypeError: 'URLResolver' object is not subscriptable

During handling of the above exception, another exception occurred:

Traceback (most recent call last):
  File "/home/ymane/.local/lib/python3.8/site-packages/django/template/base.py", line 836, in _resolve_lookup
    current = getattr(current, bit)
AttributeError: 'URLResolver' object has no attribute 'name'

During handling of the above exception, another exception occurred:

Traceback (most recent call last):
  File "/home/ymane/.local/lib/python3.8/site-packages/django/template/base.py", line 842, in _resolve_lookup
    current = current[int(bit)]
ValueError: invalid literal for int() with base 10: 'name'

During handling of the above exception, another exception occurred:

Traceback (most recent call last):
  File "/home/ymane/.local/lib/python3.8/site-packages/django/template/base.py", line 847, in _resolve_lookup
    raise VariableDoesNotExist("Failed lookup for key "
django.template.base.VariableDoesNotExist: Failed lookup for key [name] in <URLResolver <module 'website.urls.waiting_page' from '/home/ymane/Téléchargements/projet_complet_easytrans_et_git/EASYTRANS/website/urls/waiting_page.py'> (None:None) 'wait/'>
[ DEBUG ][ 2022-07-04 00:40:24,560 ][ base ] ==> Exception while resolving variable 'name' in template 'unknown'.
Traceback (most recent call last):
  File "/home/ymane/.local/lib/python3.8/site-packages/django/core/handlers/exception.py", line 34, in inner
    response = get_response(request)
  File "/home/ymane/.local/lib/python3.8/site-packages/django/core/handlers/base.py", line 100, in _get_response
    resolver_match = resolver.resolve(request.path_info)
  File "/home/ymane/.local/lib/python3.8/site-packages/django/urls/resolvers.py", line 575, in resolve
    raise Resolver404({'tried': tried, 'path': new_path})
django.urls.exceptions.Resolver404: {'tried': [[<URLResolver <URLPattern list> (admin:admin) 'admin-back-office/'>], [<URLResolver <module 'django.conf.urls.i18n' from '/home/ymane/.local/lib/python3.8/site-packages/django/conf/urls/i18n.py'> (None:None) 'i18n/'>], [<URLResolver <module 'session_security.urls' from '/home/ymane/Téléchargements/projet_complet_easytrans_et_git/EASYTRANS/session_security/urls.py'> (None:None) 'session_security/'>], [<URLResolver <module 'oauth.urls.base' from '/home/ymane/Téléchargements/projet_complet_easytrans_et_git/EASYTRANS/oauth/urls/base.py'> (None:None) 'oauth/'>], [<URLResolver <module 'sentry.urls.base' from '/home/ymane/Téléchargements/projet_complet_easytrans_et_git/EASYTRANS/sentry/urls/base.py'> (None:None) 'sentry/'>], [<URLResolver <module 'website.urls.base' from '/home/ymane/Téléchargements/projet_complet_easytrans_et_git/EASYTRANS/website/urls/base.py'> (None:None) ''>, <URLResolver <module 'website.urls.frontspace' from '/home/ymane/Téléchargements/projet_complet_easytrans_et_git/EASYTRANS/website/urls/frontspace.py'> (None:None) '^'>, <URLPattern '' [name='frontspace']>], [<URLResolver <module 'website.urls.base' from '/home/ymane/Téléchargements/projet_complet_easytrans_et_git/EASYTRANS/website/urls/base.py'> (None:None) ''>, <URLResolver <module 'website.urls.frontspace' from '/home/ymane/Téléchargements/projet_complet_easytrans_et_git/EASYTRANS/website/urls/frontspace.py'> (None:None) '^'>, <URLPattern 'ajax/load-lieu_depart/' [name='ajax_load_lieu_depart']>], [<URLResolver <module 'website.urls.base' from '/home/ymane/Téléchargements/projet_complet_easytrans_et_git/EASYTRANS/website/urls/base.py'> (None:None) ''>, <URLResolver <module 'website.urls.frontspace' from '/home/ymane/Téléchargements/projet_complet_easytrans_et_git/EASYTRANS/website/urls/frontspace.py'> (None:None) '^'>, <URLPattern 'ajax/load-destination/' [name='ajax_load_destination']>], [<URLResolver <module 'website.urls.base' from '/home/ymane/Téléchargements/projet_complet_easytrans_et_git/EASYTRANS/website/urls/base.py'> (None:None) ''>, <URLResolver <module 'website.urls.frontspace' from '/home/ymane/Téléchargements/projet_complet_easytrans_et_git/EASYTRANS/website/urls/frontspace.py'> (None:None) '^'>, <URLPattern '^media/(?P<path>.*)$'>], [<URLResolver <module 'website.urls.base' from '/home/ymane/Téléchargements/projet_complet_easytrans_et_git/EASYTRANS/website/urls/base.py'> (None:None) ''>, <URLResolver <module 'website.urls.frontspace' from '/home/ymane/Téléchargements/projet_complet_easytrans_et_git/EASYTRANS/website/urls/frontspace.py'> (None:None) '^'>, <URLPattern '^static/(?P<path>.*)$'>], [<URLResolver <module 'website.urls.base' from '/home/ymane/Téléchargements/projet_complet_easytrans_et_git/EASYTRANS/website/urls/base.py'> (None:None) ''>, <URLResolver <module 'website.urls.waiting_page' from '/home/ymane/Téléchargements/projet_complet_easytrans_et_git/EASYTRANS/website/urls/waiting_page.py'> (None:None) 'wait/'>], [<URLResolver <module 'website.urls.base' from '/home/ymane/Téléchargements/projet_complet_easytrans_et_git/EASYTRANS/website/urls/base.py'> (None:None) ''>, <URLResolver <module 'website.urls.payement_state' from '/home/ymane/Téléchargements/projet_complet_easytrans_et_git/EASYTRANS/website/urls/payement_state.py'> (None:None) 'payement_state/'>, <URLPattern 'success/' [name='success']>], [<URLResolver <module 'website.urls.base' from '/home/ymane/Téléchargements/projet_complet_easytrans_et_git/EASYTRANS/website/urls/base.py'> (None:None) ''>, <URLResolver <module 'website.urls.payement_state' from '/home/ymane/Téléchargements/projet_complet_easytrans_et_git/EASYTRANS/website/urls/payement_state.py'> (None:None) 'payement_state/'>, <URLPattern 'failled/' [name='failled']>], [<URLResolver <module 'website.urls.base' from '/home/ymane/Téléchargements/projet_complet_easytrans_et_git/EASYTRANS/website/urls/base.py'> (None:None) ''>, <URLResolver <module 'website.urls.payement_state' from '/home/ymane/Téléchargements/projet_complet_easytrans_et_git/EASYTRANS/website/urls/payement_state.py'> (None:None) 'payement_state/'>, <URLPattern 'notification'>], [<URLResolver <module 'website.urls.base' from '/home/ymane/Téléchargements/projet_complet_easytrans_et_git/EASYTRANS/website/urls/base.py'> (None:None) ''>, <URLResolver <module 'website.urls.payement_state' from '/home/ymane/Téléchargements/projet_complet_easytrans_et_git/EASYTRANS/website/urls/payement_state.py'> (None:None) 'payement_state/'>, <URLPattern '^media/(?P<path>.*)$'>], [<URLResolver <module 'website.urls.base' from '/home/ymane/Téléchargements/projet_complet_easytrans_et_git/EASYTRANS/website/urls/base.py'> (None:None) ''>, <URLResolver <module 'website.urls.payement_state' from '/home/ymane/Téléchargements/projet_complet_easytrans_et_git/EASYTRANS/website/urls/payement_state.py'> (None:None) 'payement_state/'>, <URLPattern '^static/(?P<path>.*)$'>], [<URLResolver <module 'website.urls.base' from '/home/ymane/Téléchargements/projet_complet_easytrans_et_git/EASYTRANS/website/urls/base.py'> (None:None) ''>, <URLResolver <module 'website.urls.userspace' from '/home/ymane/Téléchargements/projet_complet_easytrans_et_git/EASYTRANS/website/urls/userspace.py'> (None:None) 'back-office/'>], [<URLResolver <module 'website.urls.base' from '/home/ymane/Téléchargements/projet_complet_easytrans_et_git/EASYTRANS/website/urls/base.py'> (None:None) ''>, <URLPattern '^media/(?P<path>.*)$'>], [<URLResolver <URLPattern list> (ninja:api-1.0.0) 'api-ninja/'>], [<URLPattern '^media/(?P<path>.*)$'>], [<URLPattern '^static/(?P<path>.*)$'>]], 'path': 'payement_state/notification/'}

During handling of the above exception, another exception occurred:

Traceback (most recent call last):
  File "/home/ymane/.local/lib/python3.8/site-packages/django/template/base.py", line 828, in _resolve_lookup
    current = current[bit]
TypeError: 'URLResolver' object is not subscriptable

During handling of the above exception, another exception occurred:

Traceback (most recent call last):
  File "/home/ymane/.local/lib/python3.8/site-packages/django/template/base.py", line 836, in _resolve_lookup
    current = getattr(current, bit)
AttributeError: 'URLResolver' object has no attribute 'name'

During handling of the above exception, another exception occurred:

Traceback (most recent call last):
  File "/home/ymane/.local/lib/python3.8/site-packages/django/template/base.py", line 842, in _resolve_lookup
    current = current[int(bit)]
ValueError: invalid literal for int() with base 10: 'name'

During handling of the above exception, another exception occurred:

Traceback (most recent call last):
  File "/home/ymane/.local/lib/python3.8/site-packages/django/template/base.py", line 847, in _resolve_lookup
    raise VariableDoesNotExist("Failed lookup for key "
django.template.base.VariableDoesNotExist: Failed lookup for key [name] in <URLResolver <module 'website.urls.userspace' from '/home/ymane/Téléchargements/projet_complet_easytrans_et_git/EASYTRANS/website/urls/userspace.py'> (None:None) 'back-office/'>
[ DEBUG ][ 2022-07-04 00:40:24,561 ][ base ] ==> Exception while resolving variable 'name' in template 'unknown'.
Traceback (most recent call last):
  File "/home/ymane/.local/lib/python3.8/site-packages/django/core/handlers/exception.py", line 34, in inner
    response = get_response(request)
  File "/home/ymane/.local/lib/python3.8/site-packages/django/core/handlers/base.py", line 100, in _get_response
    resolver_match = resolver.resolve(request.path_info)
  File "/home/ymane/.local/lib/python3.8/site-packages/django/urls/resolvers.py", line 575, in resolve
    raise Resolver404({'tried': tried, 'path': new_path})
django.urls.exceptions.Resolver404: {'tried': [[<URLResolver <URLPattern list> (admin:admin) 'admin-back-office/'>], [<URLResolver <module 'django.conf.urls.i18n' from '/home/ymane/.local/lib/python3.8/site-packages/django/conf/urls/i18n.py'> (None:None) 'i18n/'>], [<URLResolver <module 'session_security.urls' from '/home/ymane/Téléchargements/projet_complet_easytrans_et_git/EASYTRANS/session_security/urls.py'> (None:None) 'session_security/'>], [<URLResolver <module 'oauth.urls.base' from '/home/ymane/Téléchargements/projet_complet_easytrans_et_git/EASYTRANS/oauth/urls/base.py'> (None:None) 'oauth/'>], [<URLResolver <module 'sentry.urls.base' from '/home/ymane/Téléchargements/projet_complet_easytrans_et_git/EASYTRANS/sentry/urls/base.py'> (None:None) 'sentry/'>], [<URLResolver <module 'website.urls.base' from '/home/ymane/Téléchargements/projet_complet_easytrans_et_git/EASYTRANS/website/urls/base.py'> (None:None) ''>, <URLResolver <module 'website.urls.frontspace' from '/home/ymane/Téléchargements/projet_complet_easytrans_et_git/EASYTRANS/website/urls/frontspace.py'> (None:None) '^'>, <URLPattern '' [name='frontspace']>], [<URLResolver <module 'website.urls.base' from '/home/ymane/Téléchargements/projet_complet_easytrans_et_git/EASYTRANS/website/urls/base.py'> (None:None) ''>, <URLResolver <module 'website.urls.frontspace' from '/home/ymane/Téléchargements/projet_complet_easytrans_et_git/EASYTRANS/website/urls/frontspace.py'> (None:None) '^'>, <URLPattern 'ajax/load-lieu_depart/' [name='ajax_load_lieu_depart']>], [<URLResolver <module 'website.urls.base' from '/home/ymane/Téléchargements/projet_complet_easytrans_et_git/EASYTRANS/website/urls/base.py'> (None:None) ''>, <URLResolver <module 'website.urls.frontspace' from '/home/ymane/Téléchargements/projet_complet_easytrans_et_git/EASYTRANS/website/urls/frontspace.py'> (None:None) '^'>, <URLPattern 'ajax/load-destination/' [name='ajax_load_destination']>], [<URLResolver <module 'website.urls.base' from '/home/ymane/Téléchargements/projet_complet_easytrans_et_git/EASYTRANS/website/urls/base.py'> (None:None) ''>, <URLResolver <module 'website.urls.frontspace' from '/home/ymane/Téléchargements/projet_complet_easytrans_et_git/EASYTRANS/website/urls/frontspace.py'> (None:None) '^'>, <URLPattern '^media/(?P<path>.*)$'>], [<URLResolver <module 'website.urls.base' from '/home/ymane/Téléchargements/projet_complet_easytrans_et_git/EASYTRANS/website/urls/base.py'> (None:None) ''>, <URLResolver <module 'website.urls.frontspace' from '/home/ymane/Téléchargements/projet_complet_easytrans_et_git/EASYTRANS/website/urls/frontspace.py'> (None:None) '^'>, <URLPattern '^static/(?P<path>.*)$'>], [<URLResolver <module 'website.urls.base' from '/home/ymane/Téléchargements/projet_complet_easytrans_et_git/EASYTRANS/website/urls/base.py'> (None:None) ''>, <URLResolver <module 'website.urls.waiting_page' from '/home/ymane/Téléchargements/projet_complet_easytrans_et_git/EASYTRANS/website/urls/waiting_page.py'> (None:None) 'wait/'>], [<URLResolver <module 'website.urls.base' from '/home/ymane/Téléchargements/projet_complet_easytrans_et_git/EASYTRANS/website/urls/base.py'> (None:None) ''>, <URLResolver <module 'website.urls.payement_state' from '/home/ymane/Téléchargements/projet_complet_easytrans_et_git/EASYTRANS/website/urls/payement_state.py'> (None:None) 'payement_state/'>, <URLPattern 'success/' [name='success']>], [<URLResolver <module 'website.urls.base' from '/home/ymane/Téléchargements/projet_complet_easytrans_et_git/EASYTRANS/website/urls/base.py'> (None:None) ''>, <URLResolver <module 'website.urls.payement_state' from '/home/ymane/Téléchargements/projet_complet_easytrans_et_git/EASYTRANS/website/urls/payement_state.py'> (None:None) 'payement_state/'>, <URLPattern 'failled/' [name='failled']>], [<URLResolver <module 'website.urls.base' from '/home/ymane/Téléchargements/projet_complet_easytrans_et_git/EASYTRANS/website/urls/base.py'> (None:None) ''>, <URLResolver <module 'website.urls.payement_state' from '/home/ymane/Téléchargements/projet_complet_easytrans_et_git/EASYTRANS/website/urls/payement_state.py'> (None:None) 'payement_state/'>, <URLPattern 'notification'>], [<URLResolver <module 'website.urls.base' from '/home/ymane/Téléchargements/projet_complet_easytrans_et_git/EASYTRANS/website/urls/base.py'> (None:None) ''>, <URLResolver <module 'website.urls.payement_state' from '/home/ymane/Téléchargements/projet_complet_easytrans_et_git/EASYTRANS/website/urls/payement_state.py'> (None:None) 'payement_state/'>, <URLPattern '^media/(?P<path>.*)$'>], [<URLResolver <module 'website.urls.base' from '/home/ymane/Téléchargements/projet_complet_easytrans_et_git/EASYTRANS/website/urls/base.py'> (None:None) ''>, <URLResolver <module 'website.urls.payement_state' from '/home/ymane/Téléchargements/projet_complet_easytrans_et_git/EASYTRANS/website/urls/payement_state.py'> (None:None) 'payement_state/'>, <URLPattern '^static/(?P<path>.*)$'>], [<URLResolver <module 'website.urls.base' from '/home/ymane/Téléchargements/projet_complet_easytrans_et_git/EASYTRANS/website/urls/base.py'> (None:None) ''>, <URLResolver <module 'website.urls.userspace' from '/home/ymane/Téléchargements/projet_complet_easytrans_et_git/EASYTRANS/website/urls/userspace.py'> (None:None) 'back-office/'>], [<URLResolver <module 'website.urls.base' from '/home/ymane/Téléchargements/projet_complet_easytrans_et_git/EASYTRANS/website/urls/base.py'> (None:None) ''>, <URLPattern '^media/(?P<path>.*)$'>], [<URLResolver <URLPattern list> (ninja:api-1.0.0) 'api-ninja/'>], [<URLPattern '^media/(?P<path>.*)$'>], [<URLPattern '^static/(?P<path>.*)$'>]], 'path': 'payement_state/notification/'}

During handling of the above exception, another exception occurred:

Traceback (most recent call last):
  File "/home/ymane/.local/lib/python3.8/site-packages/django/template/base.py", line 828, in _resolve_lookup
    current = current[bit]
TypeError: 'URLResolver' object is not subscriptable

During handling of the above exception, another exception occurred:

Traceback (most recent call last):
  File "/home/ymane/.local/lib/python3.8/site-packages/django/template/base.py", line 836, in _resolve_lookup
    current = getattr(current, bit)
AttributeError: 'URLResolver' object has no attribute 'name'

During handling of the above exception, another exception occurred:

Traceback (most recent call last):
  File "/home/ymane/.local/lib/python3.8/site-packages/django/template/base.py", line 842, in _resolve_lookup
    current = current[int(bit)]
ValueError: invalid literal for int() with base 10: 'name'

During handling of the above exception, another exception occurred:

Traceback (most recent call last):
  File "/home/ymane/.local/lib/python3.8/site-packages/django/template/base.py", line 847, in _resolve_lookup
    raise VariableDoesNotExist("Failed lookup for key "
django.template.base.VariableDoesNotExist: Failed lookup for key [name] in <URLResolver <URLPattern list> (ninja:api-1.0.0) 'api-ninja/'>
[ DEBUG ][ 2022-07-04 02:03:38,237 ][ base ] ==> Exception while resolving variable 'name' in template 'unknown'.
Traceback (most recent call last):
  File "/home/ymane/.local/lib/python3.8/site-packages/django/core/handlers/exception.py", line 34, in inner
    response = get_response(request)
  File "/home/ymane/.local/lib/python3.8/site-packages/django/core/handlers/base.py", line 100, in _get_response
    resolver_match = resolver.resolve(request.path_info)
  File "/home/ymane/.local/lib/python3.8/site-packages/django/urls/resolvers.py", line 575, in resolve
    raise Resolver404({'tried': tried, 'path': new_path})
django.urls.exceptions.Resolver404: {'tried': [[<URLResolver <URLPattern list> (admin:admin) 'admin-back-office/'>], [<URLResolver <module 'django.conf.urls.i18n' from '/home/ymane/.local/lib/python3.8/site-packages/django/conf/urls/i18n.py'> (None:None) 'i18n/'>], [<URLResolver <module 'session_security.urls' from '/home/ymane/Téléchargements/projet_complet_easytrans_et_git/EASYTRANS/session_security/urls.py'> (None:None) 'session_security/'>], [<URLResolver <module 'oauth.urls.base' from '/home/ymane/Téléchargements/projet_complet_easytrans_et_git/EASYTRANS/oauth/urls/base.py'> (None:None) 'oauth/'>], [<URLResolver <module 'sentry.urls.base' from '/home/ymane/Téléchargements/projet_complet_easytrans_et_git/EASYTRANS/sentry/urls/base.py'> (None:None) 'sentry/'>], [<URLResolver <module 'website.urls.base' from '/home/ymane/Téléchargements/projet_complet_easytrans_et_git/EASYTRANS/website/urls/base.py'> (None:None) ''>, <URLResolver <module 'website.urls.frontspace' from '/home/ymane/Téléchargements/projet_complet_easytrans_et_git/EASYTRANS/website/urls/frontspace.py'> (None:None) '^'>, <URLPattern '' [name='frontspace']>], [<URLResolver <module 'website.urls.base' from '/home/ymane/Téléchargements/projet_complet_easytrans_et_git/EASYTRANS/website/urls/base.py'> (None:None) ''>, <URLResolver <module 'website.urls.frontspace' from '/home/ymane/Téléchargements/projet_complet_easytrans_et_git/EASYTRANS/website/urls/frontspace.py'> (None:None) '^'>, <URLPattern 'ajax/load-lieu_depart/' [name='ajax_load_lieu_depart']>], [<URLResolver <module 'website.urls.base' from '/home/ymane/Téléchargements/projet_complet_easytrans_et_git/EASYTRANS/website/urls/base.py'> (None:None) ''>, <URLResolver <module 'website.urls.frontspace' from '/home/ymane/Téléchargements/projet_complet_easytrans_et_git/EASYTRANS/website/urls/frontspace.py'> (None:None) '^'>, <URLPattern 'ajax/load-destination/' [name='ajax_load_destination']>], [<URLResolver <module 'website.urls.base' from '/home/ymane/Téléchargements/projet_complet_easytrans_et_git/EASYTRANS/website/urls/base.py'> (None:None) ''>, <URLResolver <module 'website.urls.frontspace' from '/home/ymane/Téléchargements/projet_complet_easytrans_et_git/EASYTRANS/website/urls/frontspace.py'> (None:None) '^'>, <URLPattern '^media/(?P<path>.*)$'>], [<URLResolver <module 'website.urls.base' from '/home/ymane/Téléchargements/projet_complet_easytrans_et_git/EASYTRANS/website/urls/base.py'> (None:None) ''>, <URLResolver <module 'website.urls.frontspace' from '/home/ymane/Téléchargements/projet_complet_easytrans_et_git/EASYTRANS/website/urls/frontspace.py'> (None:None) '^'>, <URLPattern '^static/(?P<path>.*)$'>], [<URLResolver <module 'website.urls.base' from '/home/ymane/Téléchargements/projet_complet_easytrans_et_git/EASYTRANS/website/urls/base.py'> (None:None) ''>, <URLResolver <module 'website.urls.waiting_page' from '/home/ymane/Téléchargements/projet_complet_easytrans_et_git/EASYTRANS/website/urls/waiting_page.py'> (None:None) 'wait/'>], [<URLResolver <module 'website.urls.base' from '/home/ymane/Téléchargements/projet_complet_easytrans_et_git/EASYTRANS/website/urls/base.py'> (None:None) ''>, <URLResolver <module 'website.urls.payement_state' from '/home/ymane/Téléchargements/projet_complet_easytrans_et_git/EASYTRANS/website/urls/payement_state.py'> (None:None) 'payement_state/'>], [<URLResolver <module 'website.urls.base' from '/home/ymane/Téléchargements/projet_complet_easytrans_et_git/EASYTRANS/website/urls/base.py'> (None:None) ''>, <URLResolver <module 'website.urls.userspace' from '/home/ymane/Téléchargements/projet_complet_easytrans_et_git/EASYTRANS/website/urls/userspace.py'> (None:None) 'back-office/'>], [<URLResolver <module 'website.urls.base' from '/home/ymane/Téléchargements/projet_complet_easytrans_et_git/EASYTRANS/website/urls/base.py'> (None:None) ''>, <URLPattern '^media/(?P<path>.*)$'>], [<URLResolver <URLPattern list> (ninja:api-1.0.0) 'api-ninja/'>], [<URLPattern '^media/(?P<path>.*)$'>], [<URLPattern '^static/(?P<path>.*)$'>]], 'path': 'api/software/3/'}

During handling of the above exception, another exception occurred:

Traceback (most recent call last):
  File "/home/ymane/.local/lib/python3.8/site-packages/django/template/base.py", line 828, in _resolve_lookup
    current = current[bit]
TypeError: 'URLResolver' object is not subscriptable

During handling of the above exception, another exception occurred:

Traceback (most recent call last):
  File "/home/ymane/.local/lib/python3.8/site-packages/django/template/base.py", line 836, in _resolve_lookup
    current = getattr(current, bit)
AttributeError: 'URLResolver' object has no attribute 'name'

During handling of the above exception, another exception occurred:

Traceback (most recent call last):
  File "/home/ymane/.local/lib/python3.8/site-packages/django/template/base.py", line 842, in _resolve_lookup
    current = current[int(bit)]
ValueError: invalid literal for int() with base 10: 'name'

During handling of the above exception, another exception occurred:

Traceback (most recent call last):
  File "/home/ymane/.local/lib/python3.8/site-packages/django/template/base.py", line 847, in _resolve_lookup
    raise VariableDoesNotExist("Failed lookup for key "
django.template.base.VariableDoesNotExist: Failed lookup for key [name] in <URLResolver <URLPattern list> (admin:admin) 'admin-back-office/'>
[ DEBUG ][ 2022-07-04 02:03:38,239 ][ base ] ==> Exception while resolving variable 'name' in template 'unknown'.
Traceback (most recent call last):
  File "/home/ymane/.local/lib/python3.8/site-packages/django/core/handlers/exception.py", line 34, in inner
    response = get_response(request)
  File "/home/ymane/.local/lib/python3.8/site-packages/django/core/handlers/base.py", line 100, in _get_response
    resolver_match = resolver.resolve(request.path_info)
  File "/home/ymane/.local/lib/python3.8/site-packages/django/urls/resolvers.py", line 575, in resolve
    raise Resolver404({'tried': tried, 'path': new_path})
django.urls.exceptions.Resolver404: {'tried': [[<URLResolver <URLPattern list> (admin:admin) 'admin-back-office/'>], [<URLResolver <module 'django.conf.urls.i18n' from '/home/ymane/.local/lib/python3.8/site-packages/django/conf/urls/i18n.py'> (None:None) 'i18n/'>], [<URLResolver <module 'session_security.urls' from '/home/ymane/Téléchargements/projet_complet_easytrans_et_git/EASYTRANS/session_security/urls.py'> (None:None) 'session_security/'>], [<URLResolver <module 'oauth.urls.base' from '/home/ymane/Téléchargements/projet_complet_easytrans_et_git/EASYTRANS/oauth/urls/base.py'> (None:None) 'oauth/'>], [<URLResolver <module 'sentry.urls.base' from '/home/ymane/Téléchargements/projet_complet_easytrans_et_git/EASYTRANS/sentry/urls/base.py'> (None:None) 'sentry/'>], [<URLResolver <module 'website.urls.base' from '/home/ymane/Téléchargements/projet_complet_easytrans_et_git/EASYTRANS/website/urls/base.py'> (None:None) ''>, <URLResolver <module 'website.urls.frontspace' from '/home/ymane/Téléchargements/projet_complet_easytrans_et_git/EASYTRANS/website/urls/frontspace.py'> (None:None) '^'>, <URLPattern '' [name='frontspace']>], [<URLResolver <module 'website.urls.base' from '/home/ymane/Téléchargements/projet_complet_easytrans_et_git/EASYTRANS/website/urls/base.py'> (None:None) ''>, <URLResolver <module 'website.urls.frontspace' from '/home/ymane/Téléchargements/projet_complet_easytrans_et_git/EASYTRANS/website/urls/frontspace.py'> (None:None) '^'>, <URLPattern 'ajax/load-lieu_depart/' [name='ajax_load_lieu_depart']>], [<URLResolver <module 'website.urls.base' from '/home/ymane/Téléchargements/projet_complet_easytrans_et_git/EASYTRANS/website/urls/base.py'> (None:None) ''>, <URLResolver <module 'website.urls.frontspace' from '/home/ymane/Téléchargements/projet_complet_easytrans_et_git/EASYTRANS/website/urls/frontspace.py'> (None:None) '^'>, <URLPattern 'ajax/load-destination/' [name='ajax_load_destination']>], [<URLResolver <module 'website.urls.base' from '/home/ymane/Téléchargements/projet_complet_easytrans_et_git/EASYTRANS/website/urls/base.py'> (None:None) ''>, <URLResolver <module 'website.urls.frontspace' from '/home/ymane/Téléchargements/projet_complet_easytrans_et_git/EASYTRANS/website/urls/frontspace.py'> (None:None) '^'>, <URLPattern '^media/(?P<path>.*)$'>], [<URLResolver <module 'website.urls.base' from '/home/ymane/Téléchargements/projet_complet_easytrans_et_git/EASYTRANS/website/urls/base.py'> (None:None) ''>, <URLResolver <module 'website.urls.frontspace' from '/home/ymane/Téléchargements/projet_complet_easytrans_et_git/EASYTRANS/website/urls/frontspace.py'> (None:None) '^'>, <URLPattern '^static/(?P<path>.*)$'>], [<URLResolver <module 'website.urls.base' from '/home/ymane/Téléchargements/projet_complet_easytrans_et_git/EASYTRANS/website/urls/base.py'> (None:None) ''>, <URLResolver <module 'website.urls.waiting_page' from '/home/ymane/Téléchargements/projet_complet_easytrans_et_git/EASYTRANS/website/urls/waiting_page.py'> (None:None) 'wait/'>], [<URLResolver <module 'website.urls.base' from '/home/ymane/Téléchargements/projet_complet_easytrans_et_git/EASYTRANS/website/urls/base.py'> (None:None) ''>, <URLResolver <module 'website.urls.payement_state' from '/home/ymane/Téléchargements/projet_complet_easytrans_et_git/EASYTRANS/website/urls/payement_state.py'> (None:None) 'payement_state/'>], [<URLResolver <module 'website.urls.base' from '/home/ymane/Téléchargements/projet_complet_easytrans_et_git/EASYTRANS/website/urls/base.py'> (None:None) ''>, <URLResolver <module 'website.urls.userspace' from '/home/ymane/Téléchargements/projet_complet_easytrans_et_git/EASYTRANS/website/urls/userspace.py'> (None:None) 'back-office/'>], [<URLResolver <module 'website.urls.base' from '/home/ymane/Téléchargements/projet_complet_easytrans_et_git/EASYTRANS/website/urls/base.py'> (None:None) ''>, <URLPattern '^media/(?P<path>.*)$'>], [<URLResolver <URLPattern list> (ninja:api-1.0.0) 'api-ninja/'>], [<URLPattern '^media/(?P<path>.*)$'>], [<URLPattern '^static/(?P<path>.*)$'>]], 'path': 'api/software/3/'}

During handling of the above exception, another exception occurred:

Traceback (most recent call last):
  File "/home/ymane/.local/lib/python3.8/site-packages/django/template/base.py", line 828, in _resolve_lookup
    current = current[bit]
TypeError: 'URLResolver' object is not subscriptable

During handling of the above exception, another exception occurred:

Traceback (most recent call last):
  File "/home/ymane/.local/lib/python3.8/site-packages/django/template/base.py", line 836, in _resolve_lookup
    current = getattr(current, bit)
AttributeError: 'URLResolver' object has no attribute 'name'

During handling of the above exception, another exception occurred:

Traceback (most recent call last):
  File "/home/ymane/.local/lib/python3.8/site-packages/django/template/base.py", line 842, in _resolve_lookup
    current = current[int(bit)]
ValueError: invalid literal for int() with base 10: 'name'

During handling of the above exception, another exception occurred:

Traceback (most recent call last):
  File "/home/ymane/.local/lib/python3.8/site-packages/django/template/base.py", line 847, in _resolve_lookup
    raise VariableDoesNotExist("Failed lookup for key "
django.template.base.VariableDoesNotExist: Failed lookup for key [name] in <URLResolver <module 'django.conf.urls.i18n' from '/home/ymane/.local/lib/python3.8/site-packages/django/conf/urls/i18n.py'> (None:None) 'i18n/'>
[ DEBUG ][ 2022-07-04 02:03:38,240 ][ base ] ==> Exception while resolving variable 'name' in template 'unknown'.
Traceback (most recent call last):
  File "/home/ymane/.local/lib/python3.8/site-packages/django/core/handlers/exception.py", line 34, in inner
    response = get_response(request)
  File "/home/ymane/.local/lib/python3.8/site-packages/django/core/handlers/base.py", line 100, in _get_response
    resolver_match = resolver.resolve(request.path_info)
  File "/home/ymane/.local/lib/python3.8/site-packages/django/urls/resolvers.py", line 575, in resolve
    raise Resolver404({'tried': tried, 'path': new_path})
django.urls.exceptions.Resolver404: {'tried': [[<URLResolver <URLPattern list> (admin:admin) 'admin-back-office/'>], [<URLResolver <module 'django.conf.urls.i18n' from '/home/ymane/.local/lib/python3.8/site-packages/django/conf/urls/i18n.py'> (None:None) 'i18n/'>], [<URLResolver <module 'session_security.urls' from '/home/ymane/Téléchargements/projet_complet_easytrans_et_git/EASYTRANS/session_security/urls.py'> (None:None) 'session_security/'>], [<URLResolver <module 'oauth.urls.base' from '/home/ymane/Téléchargements/projet_complet_easytrans_et_git/EASYTRANS/oauth/urls/base.py'> (None:None) 'oauth/'>], [<URLResolver <module 'sentry.urls.base' from '/home/ymane/Téléchargements/projet_complet_easytrans_et_git/EASYTRANS/sentry/urls/base.py'> (None:None) 'sentry/'>], [<URLResolver <module 'website.urls.base' from '/home/ymane/Téléchargements/projet_complet_easytrans_et_git/EASYTRANS/website/urls/base.py'> (None:None) ''>, <URLResolver <module 'website.urls.frontspace' from '/home/ymane/Téléchargements/projet_complet_easytrans_et_git/EASYTRANS/website/urls/frontspace.py'> (None:None) '^'>, <URLPattern '' [name='frontspace']>], [<URLResolver <module 'website.urls.base' from '/home/ymane/Téléchargements/projet_complet_easytrans_et_git/EASYTRANS/website/urls/base.py'> (None:None) ''>, <URLResolver <module 'website.urls.frontspace' from '/home/ymane/Téléchargements/projet_complet_easytrans_et_git/EASYTRANS/website/urls/frontspace.py'> (None:None) '^'>, <URLPattern 'ajax/load-lieu_depart/' [name='ajax_load_lieu_depart']>], [<URLResolver <module 'website.urls.base' from '/home/ymane/Téléchargements/projet_complet_easytrans_et_git/EASYTRANS/website/urls/base.py'> (None:None) ''>, <URLResolver <module 'website.urls.frontspace' from '/home/ymane/Téléchargements/projet_complet_easytrans_et_git/EASYTRANS/website/urls/frontspace.py'> (None:None) '^'>, <URLPattern 'ajax/load-destination/' [name='ajax_load_destination']>], [<URLResolver <module 'website.urls.base' from '/home/ymane/Téléchargements/projet_complet_easytrans_et_git/EASYTRANS/website/urls/base.py'> (None:None) ''>, <URLResolver <module 'website.urls.frontspace' from '/home/ymane/Téléchargements/projet_complet_easytrans_et_git/EASYTRANS/website/urls/frontspace.py'> (None:None) '^'>, <URLPattern '^media/(?P<path>.*)$'>], [<URLResolver <module 'website.urls.base' from '/home/ymane/Téléchargements/projet_complet_easytrans_et_git/EASYTRANS/website/urls/base.py'> (None:None) ''>, <URLResolver <module 'website.urls.frontspace' from '/home/ymane/Téléchargements/projet_complet_easytrans_et_git/EASYTRANS/website/urls/frontspace.py'> (None:None) '^'>, <URLPattern '^static/(?P<path>.*)$'>], [<URLResolver <module 'website.urls.base' from '/home/ymane/Téléchargements/projet_complet_easytrans_et_git/EASYTRANS/website/urls/base.py'> (None:None) ''>, <URLResolver <module 'website.urls.waiting_page' from '/home/ymane/Téléchargements/projet_complet_easytrans_et_git/EASYTRANS/website/urls/waiting_page.py'> (None:None) 'wait/'>], [<URLResolver <module 'website.urls.base' from '/home/ymane/Téléchargements/projet_complet_easytrans_et_git/EASYTRANS/website/urls/base.py'> (None:None) ''>, <URLResolver <module 'website.urls.payement_state' from '/home/ymane/Téléchargements/projet_complet_easytrans_et_git/EASYTRANS/website/urls/payement_state.py'> (None:None) 'payement_state/'>], [<URLResolver <module 'website.urls.base' from '/home/ymane/Téléchargements/projet_complet_easytrans_et_git/EASYTRANS/website/urls/base.py'> (None:None) ''>, <URLResolver <module 'website.urls.userspace' from '/home/ymane/Téléchargements/projet_complet_easytrans_et_git/EASYTRANS/website/urls/userspace.py'> (None:None) 'back-office/'>], [<URLResolver <module 'website.urls.base' from '/home/ymane/Téléchargements/projet_complet_easytrans_et_git/EASYTRANS/website/urls/base.py'> (None:None) ''>, <URLPattern '^media/(?P<path>.*)$'>], [<URLResolver <URLPattern list> (ninja:api-1.0.0) 'api-ninja/'>], [<URLPattern '^media/(?P<path>.*)$'>], [<URLPattern '^static/(?P<path>.*)$'>]], 'path': 'api/software/3/'}

During handling of the above exception, another exception occurred:

Traceback (most recent call last):
  File "/home/ymane/.local/lib/python3.8/site-packages/django/template/base.py", line 828, in _resolve_lookup
    current = current[bit]
TypeError: 'URLResolver' object is not subscriptable

During handling of the above exception, another exception occurred:

Traceback (most recent call last):
  File "/home/ymane/.local/lib/python3.8/site-packages/django/template/base.py", line 836, in _resolve_lookup
    current = getattr(current, bit)
AttributeError: 'URLResolver' object has no attribute 'name'

During handling of the above exception, another exception occurred:

Traceback (most recent call last):
  File "/home/ymane/.local/lib/python3.8/site-packages/django/template/base.py", line 842, in _resolve_lookup
    current = current[int(bit)]
ValueError: invalid literal for int() with base 10: 'name'

During handling of the above exception, another exception occurred:

Traceback (most recent call last):
  File "/home/ymane/.local/lib/python3.8/site-packages/django/template/base.py", line 847, in _resolve_lookup
    raise VariableDoesNotExist("Failed lookup for key "
django.template.base.VariableDoesNotExist: Failed lookup for key [name] in <URLResolver <module 'session_security.urls' from '/home/ymane/Téléchargements/projet_complet_easytrans_et_git/EASYTRANS/session_security/urls.py'> (None:None) 'session_security/'>
[ DEBUG ][ 2022-07-04 02:03:38,243 ][ base ] ==> Exception while resolving variable 'name' in template 'unknown'.
Traceback (most recent call last):
  File "/home/ymane/.local/lib/python3.8/site-packages/django/core/handlers/exception.py", line 34, in inner
    response = get_response(request)
  File "/home/ymane/.local/lib/python3.8/site-packages/django/core/handlers/base.py", line 100, in _get_response
    resolver_match = resolver.resolve(request.path_info)
  File "/home/ymane/.local/lib/python3.8/site-packages/django/urls/resolvers.py", line 575, in resolve
    raise Resolver404({'tried': tried, 'path': new_path})
django.urls.exceptions.Resolver404: {'tried': [[<URLResolver <URLPattern list> (admin:admin) 'admin-back-office/'>], [<URLResolver <module 'django.conf.urls.i18n' from '/home/ymane/.local/lib/python3.8/site-packages/django/conf/urls/i18n.py'> (None:None) 'i18n/'>], [<URLResolver <module 'session_security.urls' from '/home/ymane/Téléchargements/projet_complet_easytrans_et_git/EASYTRANS/session_security/urls.py'> (None:None) 'session_security/'>], [<URLResolver <module 'oauth.urls.base' from '/home/ymane/Téléchargements/projet_complet_easytrans_et_git/EASYTRANS/oauth/urls/base.py'> (None:None) 'oauth/'>], [<URLResolver <module 'sentry.urls.base' from '/home/ymane/Téléchargements/projet_complet_easytrans_et_git/EASYTRANS/sentry/urls/base.py'> (None:None) 'sentry/'>], [<URLResolver <module 'website.urls.base' from '/home/ymane/Téléchargements/projet_complet_easytrans_et_git/EASYTRANS/website/urls/base.py'> (None:None) ''>, <URLResolver <module 'website.urls.frontspace' from '/home/ymane/Téléchargements/projet_complet_easytrans_et_git/EASYTRANS/website/urls/frontspace.py'> (None:None) '^'>, <URLPattern '' [name='frontspace']>], [<URLResolver <module 'website.urls.base' from '/home/ymane/Téléchargements/projet_complet_easytrans_et_git/EASYTRANS/website/urls/base.py'> (None:None) ''>, <URLResolver <module 'website.urls.frontspace' from '/home/ymane/Téléchargements/projet_complet_easytrans_et_git/EASYTRANS/website/urls/frontspace.py'> (None:None) '^'>, <URLPattern 'ajax/load-lieu_depart/' [name='ajax_load_lieu_depart']>], [<URLResolver <module 'website.urls.base' from '/home/ymane/Téléchargements/projet_complet_easytrans_et_git/EASYTRANS/website/urls/base.py'> (None:None) ''>, <URLResolver <module 'website.urls.frontspace' from '/home/ymane/Téléchargements/projet_complet_easytrans_et_git/EASYTRANS/website/urls/frontspace.py'> (None:None) '^'>, <URLPattern 'ajax/load-destination/' [name='ajax_load_destination']>], [<URLResolver <module 'website.urls.base' from '/home/ymane/Téléchargements/projet_complet_easytrans_et_git/EASYTRANS/website/urls/base.py'> (None:None) ''>, <URLResolver <module 'website.urls.frontspace' from '/home/ymane/Téléchargements/projet_complet_easytrans_et_git/EASYTRANS/website/urls/frontspace.py'> (None:None) '^'>, <URLPattern '^media/(?P<path>.*)$'>], [<URLResolver <module 'website.urls.base' from '/home/ymane/Téléchargements/projet_complet_easytrans_et_git/EASYTRANS/website/urls/base.py'> (None:None) ''>, <URLResolver <module 'website.urls.frontspace' from '/home/ymane/Téléchargements/projet_complet_easytrans_et_git/EASYTRANS/website/urls/frontspace.py'> (None:None) '^'>, <URLPattern '^static/(?P<path>.*)$'>], [<URLResolver <module 'website.urls.base' from '/home/ymane/Téléchargements/projet_complet_easytrans_et_git/EASYTRANS/website/urls/base.py'> (None:None) ''>, <URLResolver <module 'website.urls.waiting_page' from '/home/ymane/Téléchargements/projet_complet_easytrans_et_git/EASYTRANS/website/urls/waiting_page.py'> (None:None) 'wait/'>], [<URLResolver <module 'website.urls.base' from '/home/ymane/Téléchargements/projet_complet_easytrans_et_git/EASYTRANS/website/urls/base.py'> (None:None) ''>, <URLResolver <module 'website.urls.payement_state' from '/home/ymane/Téléchargements/projet_complet_easytrans_et_git/EASYTRANS/website/urls/payement_state.py'> (None:None) 'payement_state/'>], [<URLResolver <module 'website.urls.base' from '/home/ymane/Téléchargements/projet_complet_easytrans_et_git/EASYTRANS/website/urls/base.py'> (None:None) ''>, <URLResolver <module 'website.urls.userspace' from '/home/ymane/Téléchargements/projet_complet_easytrans_et_git/EASYTRANS/website/urls/userspace.py'> (None:None) 'back-office/'>], [<URLResolver <module 'website.urls.base' from '/home/ymane/Téléchargements/projet_complet_easytrans_et_git/EASYTRANS/website/urls/base.py'> (None:None) ''>, <URLPattern '^media/(?P<path>.*)$'>], [<URLResolver <URLPattern list> (ninja:api-1.0.0) 'api-ninja/'>], [<URLPattern '^media/(?P<path>.*)$'>], [<URLPattern '^static/(?P<path>.*)$'>]], 'path': 'api/software/3/'}

During handling of the above exception, another exception occurred:

Traceback (most recent call last):
  File "/home/ymane/.local/lib/python3.8/site-packages/django/template/base.py", line 828, in _resolve_lookup
    current = current[bit]
TypeError: 'URLResolver' object is not subscriptable

During handling of the above exception, another exception occurred:

Traceback (most recent call last):
  File "/home/ymane/.local/lib/python3.8/site-packages/django/template/base.py", line 836, in _resolve_lookup
    current = getattr(current, bit)
AttributeError: 'URLResolver' object has no attribute 'name'

During handling of the above exception, another exception occurred:

Traceback (most recent call last):
  File "/home/ymane/.local/lib/python3.8/site-packages/django/template/base.py", line 842, in _resolve_lookup
    current = current[int(bit)]
ValueError: invalid literal for int() with base 10: 'name'

During handling of the above exception, another exception occurred:

Traceback (most recent call last):
  File "/home/ymane/.local/lib/python3.8/site-packages/django/template/base.py", line 847, in _resolve_lookup
    raise VariableDoesNotExist("Failed lookup for key "
django.template.base.VariableDoesNotExist: Failed lookup for key [name] in <URLResolver <module 'oauth.urls.base' from '/home/ymane/Téléchargements/projet_complet_easytrans_et_git/EASYTRANS/oauth/urls/base.py'> (None:None) 'oauth/'>
[ DEBUG ][ 2022-07-04 02:03:38,245 ][ base ] ==> Exception while resolving variable 'name' in template 'unknown'.
Traceback (most recent call last):
  File "/home/ymane/.local/lib/python3.8/site-packages/django/core/handlers/exception.py", line 34, in inner
    response = get_response(request)
  File "/home/ymane/.local/lib/python3.8/site-packages/django/core/handlers/base.py", line 100, in _get_response
    resolver_match = resolver.resolve(request.path_info)
  File "/home/ymane/.local/lib/python3.8/site-packages/django/urls/resolvers.py", line 575, in resolve
    raise Resolver404({'tried': tried, 'path': new_path})
django.urls.exceptions.Resolver404: {'tried': [[<URLResolver <URLPattern list> (admin:admin) 'admin-back-office/'>], [<URLResolver <module 'django.conf.urls.i18n' from '/home/ymane/.local/lib/python3.8/site-packages/django/conf/urls/i18n.py'> (None:None) 'i18n/'>], [<URLResolver <module 'session_security.urls' from '/home/ymane/Téléchargements/projet_complet_easytrans_et_git/EASYTRANS/session_security/urls.py'> (None:None) 'session_security/'>], [<URLResolver <module 'oauth.urls.base' from '/home/ymane/Téléchargements/projet_complet_easytrans_et_git/EASYTRANS/oauth/urls/base.py'> (None:None) 'oauth/'>], [<URLResolver <module 'sentry.urls.base' from '/home/ymane/Téléchargements/projet_complet_easytrans_et_git/EASYTRANS/sentry/urls/base.py'> (None:None) 'sentry/'>], [<URLResolver <module 'website.urls.base' from '/home/ymane/Téléchargements/projet_complet_easytrans_et_git/EASYTRANS/website/urls/base.py'> (None:None) ''>, <URLResolver <module 'website.urls.frontspace' from '/home/ymane/Téléchargements/projet_complet_easytrans_et_git/EASYTRANS/website/urls/frontspace.py'> (None:None) '^'>, <URLPattern '' [name='frontspace']>], [<URLResolver <module 'website.urls.base' from '/home/ymane/Téléchargements/projet_complet_easytrans_et_git/EASYTRANS/website/urls/base.py'> (None:None) ''>, <URLResolver <module 'website.urls.frontspace' from '/home/ymane/Téléchargements/projet_complet_easytrans_et_git/EASYTRANS/website/urls/frontspace.py'> (None:None) '^'>, <URLPattern 'ajax/load-lieu_depart/' [name='ajax_load_lieu_depart']>], [<URLResolver <module 'website.urls.base' from '/home/ymane/Téléchargements/projet_complet_easytrans_et_git/EASYTRANS/website/urls/base.py'> (None:None) ''>, <URLResolver <module 'website.urls.frontspace' from '/home/ymane/Téléchargements/projet_complet_easytrans_et_git/EASYTRANS/website/urls/frontspace.py'> (None:None) '^'>, <URLPattern 'ajax/load-destination/' [name='ajax_load_destination']>], [<URLResolver <module 'website.urls.base' from '/home/ymane/Téléchargements/projet_complet_easytrans_et_git/EASYTRANS/website/urls/base.py'> (None:None) ''>, <URLResolver <module 'website.urls.frontspace' from '/home/ymane/Téléchargements/projet_complet_easytrans_et_git/EASYTRANS/website/urls/frontspace.py'> (None:None) '^'>, <URLPattern '^media/(?P<path>.*)$'>], [<URLResolver <module 'website.urls.base' from '/home/ymane/Téléchargements/projet_complet_easytrans_et_git/EASYTRANS/website/urls/base.py'> (None:None) ''>, <URLResolver <module 'website.urls.frontspace' from '/home/ymane/Téléchargements/projet_complet_easytrans_et_git/EASYTRANS/website/urls/frontspace.py'> (None:None) '^'>, <URLPattern '^static/(?P<path>.*)$'>], [<URLResolver <module 'website.urls.base' from '/home/ymane/Téléchargements/projet_complet_easytrans_et_git/EASYTRANS/website/urls/base.py'> (None:None) ''>, <URLResolver <module 'website.urls.waiting_page' from '/home/ymane/Téléchargements/projet_complet_easytrans_et_git/EASYTRANS/website/urls/waiting_page.py'> (None:None) 'wait/'>], [<URLResolver <module 'website.urls.base' from '/home/ymane/Téléchargements/projet_complet_easytrans_et_git/EASYTRANS/website/urls/base.py'> (None:None) ''>, <URLResolver <module 'website.urls.payement_state' from '/home/ymane/Téléchargements/projet_complet_easytrans_et_git/EASYTRANS/website/urls/payement_state.py'> (None:None) 'payement_state/'>], [<URLResolver <module 'website.urls.base' from '/home/ymane/Téléchargements/projet_complet_easytrans_et_git/EASYTRANS/website/urls/base.py'> (None:None) ''>, <URLResolver <module 'website.urls.userspace' from '/home/ymane/Téléchargements/projet_complet_easytrans_et_git/EASYTRANS/website/urls/userspace.py'> (None:None) 'back-office/'>], [<URLResolver <module 'website.urls.base' from '/home/ymane/Téléchargements/projet_complet_easytrans_et_git/EASYTRANS/website/urls/base.py'> (None:None) ''>, <URLPattern '^media/(?P<path>.*)$'>], [<URLResolver <URLPattern list> (ninja:api-1.0.0) 'api-ninja/'>], [<URLPattern '^media/(?P<path>.*)$'>], [<URLPattern '^static/(?P<path>.*)$'>]], 'path': 'api/software/3/'}

During handling of the above exception, another exception occurred:

Traceback (most recent call last):
  File "/home/ymane/.local/lib/python3.8/site-packages/django/template/base.py", line 828, in _resolve_lookup
    current = current[bit]
TypeError: 'URLResolver' object is not subscriptable

During handling of the above exception, another exception occurred:

Traceback (most recent call last):
  File "/home/ymane/.local/lib/python3.8/site-packages/django/template/base.py", line 836, in _resolve_lookup
    current = getattr(current, bit)
AttributeError: 'URLResolver' object has no attribute 'name'

During handling of the above exception, another exception occurred:

Traceback (most recent call last):
  File "/home/ymane/.local/lib/python3.8/site-packages/django/template/base.py", line 842, in _resolve_lookup
    current = current[int(bit)]
ValueError: invalid literal for int() with base 10: 'name'

During handling of the above exception, another exception occurred:

Traceback (most recent call last):
  File "/home/ymane/.local/lib/python3.8/site-packages/django/template/base.py", line 847, in _resolve_lookup
    raise VariableDoesNotExist("Failed lookup for key "
django.template.base.VariableDoesNotExist: Failed lookup for key [name] in <URLResolver <module 'sentry.urls.base' from '/home/ymane/Téléchargements/projet_complet_easytrans_et_git/EASYTRANS/sentry/urls/base.py'> (None:None) 'sentry/'>
[ DEBUG ][ 2022-07-04 02:03:38,250 ][ base ] ==> Exception while resolving variable 'name' in template 'unknown'.
Traceback (most recent call last):
  File "/home/ymane/.local/lib/python3.8/site-packages/django/core/handlers/exception.py", line 34, in inner
    response = get_response(request)
  File "/home/ymane/.local/lib/python3.8/site-packages/django/core/handlers/base.py", line 100, in _get_response
    resolver_match = resolver.resolve(request.path_info)
  File "/home/ymane/.local/lib/python3.8/site-packages/django/urls/resolvers.py", line 575, in resolve
    raise Resolver404({'tried': tried, 'path': new_path})
django.urls.exceptions.Resolver404: {'tried': [[<URLResolver <URLPattern list> (admin:admin) 'admin-back-office/'>], [<URLResolver <module 'django.conf.urls.i18n' from '/home/ymane/.local/lib/python3.8/site-packages/django/conf/urls/i18n.py'> (None:None) 'i18n/'>], [<URLResolver <module 'session_security.urls' from '/home/ymane/Téléchargements/projet_complet_easytrans_et_git/EASYTRANS/session_security/urls.py'> (None:None) 'session_security/'>], [<URLResolver <module 'oauth.urls.base' from '/home/ymane/Téléchargements/projet_complet_easytrans_et_git/EASYTRANS/oauth/urls/base.py'> (None:None) 'oauth/'>], [<URLResolver <module 'sentry.urls.base' from '/home/ymane/Téléchargements/projet_complet_easytrans_et_git/EASYTRANS/sentry/urls/base.py'> (None:None) 'sentry/'>], [<URLResolver <module 'website.urls.base' from '/home/ymane/Téléchargements/projet_complet_easytrans_et_git/EASYTRANS/website/urls/base.py'> (None:None) ''>, <URLResolver <module 'website.urls.frontspace' from '/home/ymane/Téléchargements/projet_complet_easytrans_et_git/EASYTRANS/website/urls/frontspace.py'> (None:None) '^'>, <URLPattern '' [name='frontspace']>], [<URLResolver <module 'website.urls.base' from '/home/ymane/Téléchargements/projet_complet_easytrans_et_git/EASYTRANS/website/urls/base.py'> (None:None) ''>, <URLResolver <module 'website.urls.frontspace' from '/home/ymane/Téléchargements/projet_complet_easytrans_et_git/EASYTRANS/website/urls/frontspace.py'> (None:None) '^'>, <URLPattern 'ajax/load-lieu_depart/' [name='ajax_load_lieu_depart']>], [<URLResolver <module 'website.urls.base' from '/home/ymane/Téléchargements/projet_complet_easytrans_et_git/EASYTRANS/website/urls/base.py'> (None:None) ''>, <URLResolver <module 'website.urls.frontspace' from '/home/ymane/Téléchargements/projet_complet_easytrans_et_git/EASYTRANS/website/urls/frontspace.py'> (None:None) '^'>, <URLPattern 'ajax/load-destination/' [name='ajax_load_destination']>], [<URLResolver <module 'website.urls.base' from '/home/ymane/Téléchargements/projet_complet_easytrans_et_git/EASYTRANS/website/urls/base.py'> (None:None) ''>, <URLResolver <module 'website.urls.frontspace' from '/home/ymane/Téléchargements/projet_complet_easytrans_et_git/EASYTRANS/website/urls/frontspace.py'> (None:None) '^'>, <URLPattern '^media/(?P<path>.*)$'>], [<URLResolver <module 'website.urls.base' from '/home/ymane/Téléchargements/projet_complet_easytrans_et_git/EASYTRANS/website/urls/base.py'> (None:None) ''>, <URLResolver <module 'website.urls.frontspace' from '/home/ymane/Téléchargements/projet_complet_easytrans_et_git/EASYTRANS/website/urls/frontspace.py'> (None:None) '^'>, <URLPattern '^static/(?P<path>.*)$'>], [<URLResolver <module 'website.urls.base' from '/home/ymane/Téléchargements/projet_complet_easytrans_et_git/EASYTRANS/website/urls/base.py'> (None:None) ''>, <URLResolver <module 'website.urls.waiting_page' from '/home/ymane/Téléchargements/projet_complet_easytrans_et_git/EASYTRANS/website/urls/waiting_page.py'> (None:None) 'wait/'>], [<URLResolver <module 'website.urls.base' from '/home/ymane/Téléchargements/projet_complet_easytrans_et_git/EASYTRANS/website/urls/base.py'> (None:None) ''>, <URLResolver <module 'website.urls.payement_state' from '/home/ymane/Téléchargements/projet_complet_easytrans_et_git/EASYTRANS/website/urls/payement_state.py'> (None:None) 'payement_state/'>], [<URLResolver <module 'website.urls.base' from '/home/ymane/Téléchargements/projet_complet_easytrans_et_git/EASYTRANS/website/urls/base.py'> (None:None) ''>, <URLResolver <module 'website.urls.userspace' from '/home/ymane/Téléchargements/projet_complet_easytrans_et_git/EASYTRANS/website/urls/userspace.py'> (None:None) 'back-office/'>], [<URLResolver <module 'website.urls.base' from '/home/ymane/Téléchargements/projet_complet_easytrans_et_git/EASYTRANS/website/urls/base.py'> (None:None) ''>, <URLPattern '^media/(?P<path>.*)$'>], [<URLResolver <URLPattern list> (ninja:api-1.0.0) 'api-ninja/'>], [<URLPattern '^media/(?P<path>.*)$'>], [<URLPattern '^static/(?P<path>.*)$'>]], 'path': 'api/software/3/'}

During handling of the above exception, another exception occurred:

Traceback (most recent call last):
  File "/home/ymane/.local/lib/python3.8/site-packages/django/template/base.py", line 828, in _resolve_lookup
    current = current[bit]
TypeError: 'URLResolver' object is not subscriptable

During handling of the above exception, another exception occurred:

Traceback (most recent call last):
  File "/home/ymane/.local/lib/python3.8/site-packages/django/template/base.py", line 836, in _resolve_lookup
    current = getattr(current, bit)
AttributeError: 'URLResolver' object has no attribute 'name'

During handling of the above exception, another exception occurred:

Traceback (most recent call last):
  File "/home/ymane/.local/lib/python3.8/site-packages/django/template/base.py", line 842, in _resolve_lookup
    current = current[int(bit)]
ValueError: invalid literal for int() with base 10: 'name'

During handling of the above exception, another exception occurred:

Traceback (most recent call last):
  File "/home/ymane/.local/lib/python3.8/site-packages/django/template/base.py", line 847, in _resolve_lookup
    raise VariableDoesNotExist("Failed lookup for key "
django.template.base.VariableDoesNotExist: Failed lookup for key [name] in <URLResolver <module 'website.urls.waiting_page' from '/home/ymane/Téléchargements/projet_complet_easytrans_et_git/EASYTRANS/website/urls/waiting_page.py'> (None:None) 'wait/'>
[ DEBUG ][ 2022-07-04 02:03:38,253 ][ base ] ==> Exception while resolving variable 'name' in template 'unknown'.
Traceback (most recent call last):
  File "/home/ymane/.local/lib/python3.8/site-packages/django/core/handlers/exception.py", line 34, in inner
    response = get_response(request)
  File "/home/ymane/.local/lib/python3.8/site-packages/django/core/handlers/base.py", line 100, in _get_response
    resolver_match = resolver.resolve(request.path_info)
  File "/home/ymane/.local/lib/python3.8/site-packages/django/urls/resolvers.py", line 575, in resolve
    raise Resolver404({'tried': tried, 'path': new_path})
django.urls.exceptions.Resolver404: {'tried': [[<URLResolver <URLPattern list> (admin:admin) 'admin-back-office/'>], [<URLResolver <module 'django.conf.urls.i18n' from '/home/ymane/.local/lib/python3.8/site-packages/django/conf/urls/i18n.py'> (None:None) 'i18n/'>], [<URLResolver <module 'session_security.urls' from '/home/ymane/Téléchargements/projet_complet_easytrans_et_git/EASYTRANS/session_security/urls.py'> (None:None) 'session_security/'>], [<URLResolver <module 'oauth.urls.base' from '/home/ymane/Téléchargements/projet_complet_easytrans_et_git/EASYTRANS/oauth/urls/base.py'> (None:None) 'oauth/'>], [<URLResolver <module 'sentry.urls.base' from '/home/ymane/Téléchargements/projet_complet_easytrans_et_git/EASYTRANS/sentry/urls/base.py'> (None:None) 'sentry/'>], [<URLResolver <module 'website.urls.base' from '/home/ymane/Téléchargements/projet_complet_easytrans_et_git/EASYTRANS/website/urls/base.py'> (None:None) ''>, <URLResolver <module 'website.urls.frontspace' from '/home/ymane/Téléchargements/projet_complet_easytrans_et_git/EASYTRANS/website/urls/frontspace.py'> (None:None) '^'>, <URLPattern '' [name='frontspace']>], [<URLResolver <module 'website.urls.base' from '/home/ymane/Téléchargements/projet_complet_easytrans_et_git/EASYTRANS/website/urls/base.py'> (None:None) ''>, <URLResolver <module 'website.urls.frontspace' from '/home/ymane/Téléchargements/projet_complet_easytrans_et_git/EASYTRANS/website/urls/frontspace.py'> (None:None) '^'>, <URLPattern 'ajax/load-lieu_depart/' [name='ajax_load_lieu_depart']>], [<URLResolver <module 'website.urls.base' from '/home/ymane/Téléchargements/projet_complet_easytrans_et_git/EASYTRANS/website/urls/base.py'> (None:None) ''>, <URLResolver <module 'website.urls.frontspace' from '/home/ymane/Téléchargements/projet_complet_easytrans_et_git/EASYTRANS/website/urls/frontspace.py'> (None:None) '^'>, <URLPattern 'ajax/load-destination/' [name='ajax_load_destination']>], [<URLResolver <module 'website.urls.base' from '/home/ymane/Téléchargements/projet_complet_easytrans_et_git/EASYTRANS/website/urls/base.py'> (None:None) ''>, <URLResolver <module 'website.urls.frontspace' from '/home/ymane/Téléchargements/projet_complet_easytrans_et_git/EASYTRANS/website/urls/frontspace.py'> (None:None) '^'>, <URLPattern '^media/(?P<path>.*)$'>], [<URLResolver <module 'website.urls.base' from '/home/ymane/Téléchargements/projet_complet_easytrans_et_git/EASYTRANS/website/urls/base.py'> (None:None) ''>, <URLResolver <module 'website.urls.frontspace' from '/home/ymane/Téléchargements/projet_complet_easytrans_et_git/EASYTRANS/website/urls/frontspace.py'> (None:None) '^'>, <URLPattern '^static/(?P<path>.*)$'>], [<URLResolver <module 'website.urls.base' from '/home/ymane/Téléchargements/projet_complet_easytrans_et_git/EASYTRANS/website/urls/base.py'> (None:None) ''>, <URLResolver <module 'website.urls.waiting_page' from '/home/ymane/Téléchargements/projet_complet_easytrans_et_git/EASYTRANS/website/urls/waiting_page.py'> (None:None) 'wait/'>], [<URLResolver <module 'website.urls.base' from '/home/ymane/Téléchargements/projet_complet_easytrans_et_git/EASYTRANS/website/urls/base.py'> (None:None) ''>, <URLResolver <module 'website.urls.payement_state' from '/home/ymane/Téléchargements/projet_complet_easytrans_et_git/EASYTRANS/website/urls/payement_state.py'> (None:None) 'payement_state/'>], [<URLResolver <module 'website.urls.base' from '/home/ymane/Téléchargements/projet_complet_easytrans_et_git/EASYTRANS/website/urls/base.py'> (None:None) ''>, <URLResolver <module 'website.urls.userspace' from '/home/ymane/Téléchargements/projet_complet_easytrans_et_git/EASYTRANS/website/urls/userspace.py'> (None:None) 'back-office/'>], [<URLResolver <module 'website.urls.base' from '/home/ymane/Téléchargements/projet_complet_easytrans_et_git/EASYTRANS/website/urls/base.py'> (None:None) ''>, <URLPattern '^media/(?P<path>.*)$'>], [<URLResolver <URLPattern list> (ninja:api-1.0.0) 'api-ninja/'>], [<URLPattern '^media/(?P<path>.*)$'>], [<URLPattern '^static/(?P<path>.*)$'>]], 'path': 'api/software/3/'}

During handling of the above exception, another exception occurred:

Traceback (most recent call last):
  File "/home/ymane/.local/lib/python3.8/site-packages/django/template/base.py", line 828, in _resolve_lookup
    current = current[bit]
TypeError: 'URLResolver' object is not subscriptable

During handling of the above exception, another exception occurred:

Traceback (most recent call last):
  File "/home/ymane/.local/lib/python3.8/site-packages/django/template/base.py", line 836, in _resolve_lookup
    current = getattr(current, bit)
AttributeError: 'URLResolver' object has no attribute 'name'

During handling of the above exception, another exception occurred:

Traceback (most recent call last):
  File "/home/ymane/.local/lib/python3.8/site-packages/django/template/base.py", line 842, in _resolve_lookup
    current = current[int(bit)]
ValueError: invalid literal for int() with base 10: 'name'

During handling of the above exception, another exception occurred:

Traceback (most recent call last):
  File "/home/ymane/.local/lib/python3.8/site-packages/django/template/base.py", line 847, in _resolve_lookup
    raise VariableDoesNotExist("Failed lookup for key "
django.template.base.VariableDoesNotExist: Failed lookup for key [name] in <URLResolver <module 'website.urls.payement_state' from '/home/ymane/Téléchargements/projet_complet_easytrans_et_git/EASYTRANS/website/urls/payement_state.py'> (None:None) 'payement_state/'>
[ DEBUG ][ 2022-07-04 02:03:38,256 ][ base ] ==> Exception while resolving variable 'name' in template 'unknown'.
Traceback (most recent call last):
  File "/home/ymane/.local/lib/python3.8/site-packages/django/core/handlers/exception.py", line 34, in inner
    response = get_response(request)
  File "/home/ymane/.local/lib/python3.8/site-packages/django/core/handlers/base.py", line 100, in _get_response
    resolver_match = resolver.resolve(request.path_info)
  File "/home/ymane/.local/lib/python3.8/site-packages/django/urls/resolvers.py", line 575, in resolve
    raise Resolver404({'tried': tried, 'path': new_path})
django.urls.exceptions.Resolver404: {'tried': [[<URLResolver <URLPattern list> (admin:admin) 'admin-back-office/'>], [<URLResolver <module 'django.conf.urls.i18n' from '/home/ymane/.local/lib/python3.8/site-packages/django/conf/urls/i18n.py'> (None:None) 'i18n/'>], [<URLResolver <module 'session_security.urls' from '/home/ymane/Téléchargements/projet_complet_easytrans_et_git/EASYTRANS/session_security/urls.py'> (None:None) 'session_security/'>], [<URLResolver <module 'oauth.urls.base' from '/home/ymane/Téléchargements/projet_complet_easytrans_et_git/EASYTRANS/oauth/urls/base.py'> (None:None) 'oauth/'>], [<URLResolver <module 'sentry.urls.base' from '/home/ymane/Téléchargements/projet_complet_easytrans_et_git/EASYTRANS/sentry/urls/base.py'> (None:None) 'sentry/'>], [<URLResolver <module 'website.urls.base' from '/home/ymane/Téléchargements/projet_complet_easytrans_et_git/EASYTRANS/website/urls/base.py'> (None:None) ''>, <URLResolver <module 'website.urls.frontspace' from '/home/ymane/Téléchargements/projet_complet_easytrans_et_git/EASYTRANS/website/urls/frontspace.py'> (None:None) '^'>, <URLPattern '' [name='frontspace']>], [<URLResolver <module 'website.urls.base' from '/home/ymane/Téléchargements/projet_complet_easytrans_et_git/EASYTRANS/website/urls/base.py'> (None:None) ''>, <URLResolver <module 'website.urls.frontspace' from '/home/ymane/Téléchargements/projet_complet_easytrans_et_git/EASYTRANS/website/urls/frontspace.py'> (None:None) '^'>, <URLPattern 'ajax/load-lieu_depart/' [name='ajax_load_lieu_depart']>], [<URLResolver <module 'website.urls.base' from '/home/ymane/Téléchargements/projet_complet_easytrans_et_git/EASYTRANS/website/urls/base.py'> (None:None) ''>, <URLResolver <module 'website.urls.frontspace' from '/home/ymane/Téléchargements/projet_complet_easytrans_et_git/EASYTRANS/website/urls/frontspace.py'> (None:None) '^'>, <URLPattern 'ajax/load-destination/' [name='ajax_load_destination']>], [<URLResolver <module 'website.urls.base' from '/home/ymane/Téléchargements/projet_complet_easytrans_et_git/EASYTRANS/website/urls/base.py'> (None:None) ''>, <URLResolver <module 'website.urls.frontspace' from '/home/ymane/Téléchargements/projet_complet_easytrans_et_git/EASYTRANS/website/urls/frontspace.py'> (None:None) '^'>, <URLPattern '^media/(?P<path>.*)$'>], [<URLResolver <module 'website.urls.base' from '/home/ymane/Téléchargements/projet_complet_easytrans_et_git/EASYTRANS/website/urls/base.py'> (None:None) ''>, <URLResolver <module 'website.urls.frontspace' from '/home/ymane/Téléchargements/projet_complet_easytrans_et_git/EASYTRANS/website/urls/frontspace.py'> (None:None) '^'>, <URLPattern '^static/(?P<path>.*)$'>], [<URLResolver <module 'website.urls.base' from '/home/ymane/Téléchargements/projet_complet_easytrans_et_git/EASYTRANS/website/urls/base.py'> (None:None) ''>, <URLResolver <module 'website.urls.waiting_page' from '/home/ymane/Téléchargements/projet_complet_easytrans_et_git/EASYTRANS/website/urls/waiting_page.py'> (None:None) 'wait/'>], [<URLResolver <module 'website.urls.base' from '/home/ymane/Téléchargements/projet_complet_easytrans_et_git/EASYTRANS/website/urls/base.py'> (None:None) ''>, <URLResolver <module 'website.urls.payement_state' from '/home/ymane/Téléchargements/projet_complet_easytrans_et_git/EASYTRANS/website/urls/payement_state.py'> (None:None) 'payement_state/'>], [<URLResolver <module 'website.urls.base' from '/home/ymane/Téléchargements/projet_complet_easytrans_et_git/EASYTRANS/website/urls/base.py'> (None:None) ''>, <URLResolver <module 'website.urls.userspace' from '/home/ymane/Téléchargements/projet_complet_easytrans_et_git/EASYTRANS/website/urls/userspace.py'> (None:None) 'back-office/'>], [<URLResolver <module 'website.urls.base' from '/home/ymane/Téléchargements/projet_complet_easytrans_et_git/EASYTRANS/website/urls/base.py'> (None:None) ''>, <URLPattern '^media/(?P<path>.*)$'>], [<URLResolver <URLPattern list> (ninja:api-1.0.0) 'api-ninja/'>], [<URLPattern '^media/(?P<path>.*)$'>], [<URLPattern '^static/(?P<path>.*)$'>]], 'path': 'api/software/3/'}

During handling of the above exception, another exception occurred:

Traceback (most recent call last):
  File "/home/ymane/.local/lib/python3.8/site-packages/django/template/base.py", line 828, in _resolve_lookup
    current = current[bit]
TypeError: 'URLResolver' object is not subscriptable

During handling of the above exception, another exception occurred:

Traceback (most recent call last):
  File "/home/ymane/.local/lib/python3.8/site-packages/django/template/base.py", line 836, in _resolve_lookup
    current = getattr(current, bit)
AttributeError: 'URLResolver' object has no attribute 'name'

During handling of the above exception, another exception occurred:

Traceback (most recent call last):
  File "/home/ymane/.local/lib/python3.8/site-packages/django/template/base.py", line 842, in _resolve_lookup
    current = current[int(bit)]
ValueError: invalid literal for int() with base 10: 'name'

During handling of the above exception, another exception occurred:

Traceback (most recent call last):
  File "/home/ymane/.local/lib/python3.8/site-packages/django/template/base.py", line 847, in _resolve_lookup
    raise VariableDoesNotExist("Failed lookup for key "
django.template.base.VariableDoesNotExist: Failed lookup for key [name] in <URLResolver <module 'website.urls.userspace' from '/home/ymane/Téléchargements/projet_complet_easytrans_et_git/EASYTRANS/website/urls/userspace.py'> (None:None) 'back-office/'>
[ DEBUG ][ 2022-07-04 02:03:38,259 ][ base ] ==> Exception while resolving variable 'name' in template 'unknown'.
Traceback (most recent call last):
  File "/home/ymane/.local/lib/python3.8/site-packages/django/core/handlers/exception.py", line 34, in inner
    response = get_response(request)
  File "/home/ymane/.local/lib/python3.8/site-packages/django/core/handlers/base.py", line 100, in _get_response
    resolver_match = resolver.resolve(request.path_info)
  File "/home/ymane/.local/lib/python3.8/site-packages/django/urls/resolvers.py", line 575, in resolve
    raise Resolver404({'tried': tried, 'path': new_path})
django.urls.exceptions.Resolver404: {'tried': [[<URLResolver <URLPattern list> (admin:admin) 'admin-back-office/'>], [<URLResolver <module 'django.conf.urls.i18n' from '/home/ymane/.local/lib/python3.8/site-packages/django/conf/urls/i18n.py'> (None:None) 'i18n/'>], [<URLResolver <module 'session_security.urls' from '/home/ymane/Téléchargements/projet_complet_easytrans_et_git/EASYTRANS/session_security/urls.py'> (None:None) 'session_security/'>], [<URLResolver <module 'oauth.urls.base' from '/home/ymane/Téléchargements/projet_complet_easytrans_et_git/EASYTRANS/oauth/urls/base.py'> (None:None) 'oauth/'>], [<URLResolver <module 'sentry.urls.base' from '/home/ymane/Téléchargements/projet_complet_easytrans_et_git/EASYTRANS/sentry/urls/base.py'> (None:None) 'sentry/'>], [<URLResolver <module 'website.urls.base' from '/home/ymane/Téléchargements/projet_complet_easytrans_et_git/EASYTRANS/website/urls/base.py'> (None:None) ''>, <URLResolver <module 'website.urls.frontspace' from '/home/ymane/Téléchargements/projet_complet_easytrans_et_git/EASYTRANS/website/urls/frontspace.py'> (None:None) '^'>, <URLPattern '' [name='frontspace']>], [<URLResolver <module 'website.urls.base' from '/home/ymane/Téléchargements/projet_complet_easytrans_et_git/EASYTRANS/website/urls/base.py'> (None:None) ''>, <URLResolver <module 'website.urls.frontspace' from '/home/ymane/Téléchargements/projet_complet_easytrans_et_git/EASYTRANS/website/urls/frontspace.py'> (None:None) '^'>, <URLPattern 'ajax/load-lieu_depart/' [name='ajax_load_lieu_depart']>], [<URLResolver <module 'website.urls.base' from '/home/ymane/Téléchargements/projet_complet_easytrans_et_git/EASYTRANS/website/urls/base.py'> (None:None) ''>, <URLResolver <module 'website.urls.frontspace' from '/home/ymane/Téléchargements/projet_complet_easytrans_et_git/EASYTRANS/website/urls/frontspace.py'> (None:None) '^'>, <URLPattern 'ajax/load-destination/' [name='ajax_load_destination']>], [<URLResolver <module 'website.urls.base' from '/home/ymane/Téléchargements/projet_complet_easytrans_et_git/EASYTRANS/website/urls/base.py'> (None:None) ''>, <URLResolver <module 'website.urls.frontspace' from '/home/ymane/Téléchargements/projet_complet_easytrans_et_git/EASYTRANS/website/urls/frontspace.py'> (None:None) '^'>, <URLPattern '^media/(?P<path>.*)$'>], [<URLResolver <module 'website.urls.base' from '/home/ymane/Téléchargements/projet_complet_easytrans_et_git/EASYTRANS/website/urls/base.py'> (None:None) ''>, <URLResolver <module 'website.urls.frontspace' from '/home/ymane/Téléchargements/projet_complet_easytrans_et_git/EASYTRANS/website/urls/frontspace.py'> (None:None) '^'>, <URLPattern '^static/(?P<path>.*)$'>], [<URLResolver <module 'website.urls.base' from '/home/ymane/Téléchargements/projet_complet_easytrans_et_git/EASYTRANS/website/urls/base.py'> (None:None) ''>, <URLResolver <module 'website.urls.waiting_page' from '/home/ymane/Téléchargements/projet_complet_easytrans_et_git/EASYTRANS/website/urls/waiting_page.py'> (None:None) 'wait/'>], [<URLResolver <module 'website.urls.base' from '/home/ymane/Téléchargements/projet_complet_easytrans_et_git/EASYTRANS/website/urls/base.py'> (None:None) ''>, <URLResolver <module 'website.urls.payement_state' from '/home/ymane/Téléchargements/projet_complet_easytrans_et_git/EASYTRANS/website/urls/payement_state.py'> (None:None) 'payement_state/'>], [<URLResolver <module 'website.urls.base' from '/home/ymane/Téléchargements/projet_complet_easytrans_et_git/EASYTRANS/website/urls/base.py'> (None:None) ''>, <URLResolver <module 'website.urls.userspace' from '/home/ymane/Téléchargements/projet_complet_easytrans_et_git/EASYTRANS/website/urls/userspace.py'> (None:None) 'back-office/'>], [<URLResolver <module 'website.urls.base' from '/home/ymane/Téléchargements/projet_complet_easytrans_et_git/EASYTRANS/website/urls/base.py'> (None:None) ''>, <URLPattern '^media/(?P<path>.*)$'>], [<URLResolver <URLPattern list> (ninja:api-1.0.0) 'api-ninja/'>], [<URLPattern '^media/(?P<path>.*)$'>], [<URLPattern '^static/(?P<path>.*)$'>]], 'path': 'api/software/3/'}

During handling of the above exception, another exception occurred:

Traceback (most recent call last):
  File "/home/ymane/.local/lib/python3.8/site-packages/django/template/base.py", line 828, in _resolve_lookup
    current = current[bit]
TypeError: 'URLResolver' object is not subscriptable

During handling of the above exception, another exception occurred:

Traceback (most recent call last):
  File "/home/ymane/.local/lib/python3.8/site-packages/django/template/base.py", line 836, in _resolve_lookup
    current = getattr(current, bit)
AttributeError: 'URLResolver' object has no attribute 'name'

During handling of the above exception, another exception occurred:

Traceback (most recent call last):
  File "/home/ymane/.local/lib/python3.8/site-packages/django/template/base.py", line 842, in _resolve_lookup
    current = current[int(bit)]
ValueError: invalid literal for int() with base 10: 'name'

During handling of the above exception, another exception occurred:

Traceback (most recent call last):
  File "/home/ymane/.local/lib/python3.8/site-packages/django/template/base.py", line 847, in _resolve_lookup
    raise VariableDoesNotExist("Failed lookup for key "
django.template.base.VariableDoesNotExist: Failed lookup for key [name] in <URLResolver <URLPattern list> (ninja:api-1.0.0) 'api-ninja/'>
