[ DEBUG ][ 2022-06-16 23:08:42,498 ][ base ] ==> Exception while resolving variable 'id' in template 'website/front/frontspace.html'.
Traceback (most recent call last):
  File "/home/ymane/.local/lib/python3.8/site-packages/django/template/base.py", line 828, in _resolve_lookup
    current = current[bit]
TypeError: 'BoundWidget' object is not subscriptable

During handling of the above exception, another exception occurred:

Traceback (most recent call last):
  File "/home/ymane/.local/lib/python3.8/site-packages/django/template/base.py", line 836, in _resolve_lookup
    current = getattr(current, bit)
AttributeError: 'BoundWidget' object has no attribute 'id'

During handling of the above exception, another exception occurred:

Traceback (most recent call last):
  File "/home/ymane/.local/lib/python3.8/site-packages/django/template/base.py", line 842, in _resolve_lookup
    current = current[int(bit)]
ValueError: invalid literal for int() with base 10: 'id'

During handling of the above exception, another exception occurred:

Traceback (most recent call last):
  File "/home/ymane/.local/lib/python3.8/site-packages/django/template/base.py", line 847, in _resolve_lookup
    raise VariableDoesNotExist("Failed lookup for key "
django.template.base.VariableDoesNotExist: Failed lookup for key [id] in <django.forms.boundfield.BoundWidget object at 0x7f1785aece80>
[ DEBUG ][ 2022-06-16 23:08:43,410 ][ base ] ==> Exception while resolving variable 'name' in template 'unknown'.
Traceback (most recent call last):
  File "/home/ymane/.local/lib/python3.8/site-packages/django/core/handlers/exception.py", line 34, in inner
    response = get_response(request)
  File "/home/ymane/.local/lib/python3.8/site-packages/django/core/handlers/base.py", line 100, in _get_response
    resolver_match = resolver.resolve(request.path_info)
  File "/home/ymane/.local/lib/python3.8/site-packages/django/urls/resolvers.py", line 575, in resolve
    raise Resolver404({'tried': tried, 'path': new_path})
django.urls.exceptions.Resolver404: {'tried': [[<URLResolver <URLPattern list> (admin:admin) 'admin-back-office/'>], [<URLResolver <module 'api.urls.base' from '/home/ymane/Téléchargements/projet_complet_easytrans_et_git/EASYTRANS/api/urls/base.py'> (None:None) 'api/v1/'>], [<URLResolver <module 'django.conf.urls.i18n' from '/home/ymane/.local/lib/python3.8/site-packages/django/conf/urls/i18n.py'> (None:None) 'i18n/'>], [<URLResolver <module 'session_security.urls' from '/home/ymane/Téléchargements/projet_complet_easytrans_et_git/EASYTRANS/session_security/urls.py'> (None:None) 'session_security/'>], [<URLResolver <module 'oauth.urls.base' from '/home/ymane/Téléchargements/projet_complet_easytrans_et_git/EASYTRANS/oauth/urls/base.py'> (None:None) 'oauth/'>], [<URLResolver <module 'sentry.urls.base' from '/home/ymane/Téléchargements/projet_complet_easytrans_et_git/EASYTRANS/sentry/urls/base.py'> (None:None) 'sentry/'>], [<URLResolver <module 'website.urls.base' from '/home/ymane/Téléchargements/projet_complet_easytrans_et_git/EASYTRANS/website/urls/base.py'> (None:None) ''>, <URLResolver <module 'website.urls.frontspace' from '/home/ymane/Téléchargements/projet_complet_easytrans_et_git/EASYTRANS/website/urls/frontspace.py'> (None:None) '^'>, <URLPattern '' [name='frontspace']>], [<URLResolver <module 'website.urls.base' from '/home/ymane/Téléchargements/projet_complet_easytrans_et_git/EASYTRANS/website/urls/base.py'> (None:None) ''>, <URLResolver <module 'website.urls.frontspace' from '/home/ymane/Téléchargements/projet_complet_easytrans_et_git/EASYTRANS/website/urls/frontspace.py'> (None:None) '^'>, <URLPattern 'ajax/load-lieu_depart/' [name='ajax_load_lieu_depart']>], [<URLResolver <module 'website.urls.base' from '/home/ymane/Téléchargements/projet_complet_easytrans_et_git/EASYTRANS/website/urls/base.py'> (None:None) ''>, <URLResolver <module 'website.urls.frontspace' from '/home/ymane/Téléchargements/projet_complet_easytrans_et_git/EASYTRANS/website/urls/frontspace.py'> (None:None) '^'>, <URLPattern 'ajax/load-destination/' [name='ajax_load_destination']>], [<URLResolver <module 'website.urls.base' from '/home/ymane/Téléchargements/projet_complet_easytrans_et_git/EASYTRANS/website/urls/base.py'> (None:None) ''>, <URLResolver <module 'website.urls.frontspace' from '/home/ymane/Téléchargements/projet_complet_easytrans_et_git/EASYTRANS/website/urls/frontspace.py'> (None:None) '^'>, <URLPattern '^media/(?P<path>.*)$'>], [<URLResolver <module 'website.urls.base' from '/home/ymane/Téléchargements/projet_complet_easytrans_et_git/EASYTRANS/website/urls/base.py'> (None:None) ''>, <URLResolver <module 'website.urls.frontspace' from '/home/ymane/Téléchargements/projet_complet_easytrans_et_git/EASYTRANS/website/urls/frontspace.py'> (None:None) '^'>, <URLPattern '^static/(?P<path>.*)$'>], [<URLResolver <module 'website.urls.base' from '/home/ymane/Téléchargements/projet_complet_easytrans_et_git/EASYTRANS/website/urls/base.py'> (None:None) ''>, <URLResolver <module 'website.urls.waiting_page' from '/home/ymane/Téléchargements/projet_complet_easytrans_et_git/EASYTRANS/website/urls/waiting_page.py'> (None:None) 'wait/'>], [<URLResolver <module 'website.urls.base' from '/home/ymane/Téléchargements/projet_complet_easytrans_et_git/EASYTRANS/website/urls/base.py'> (None:None) ''>, <URLResolver <module 'website.urls.payement_state' from '/home/ymane/Téléchargements/projet_complet_easytrans_et_git/EASYTRANS/website/urls/payement_state.py'> (None:None) 'payement_state/'>], [<URLResolver <module 'website.urls.base' from '/home/ymane/Téléchargements/projet_complet_easytrans_et_git/EASYTRANS/website/urls/base.py'> (None:None) ''>, <URLResolver <module 'website.urls.userspace' from '/home/ymane/Téléchargements/projet_complet_easytrans_et_git/EASYTRANS/website/urls/userspace.py'> (None:None) 'back-office/'>], [<URLResolver <module 'website.urls.base' from '/home/ymane/Téléchargements/projet_complet_easytrans_et_git/EASYTRANS/website/urls/base.py'> (None:None) ''>, <URLPattern '^media/(?P<path>.*)$'>], [<URLPattern '^media/(?P<path>.*)$'>], [<URLPattern '^static/(?P<path>.*)$'>]], 'path': 'website/front/js/main.js'}

During handling of the above exception, another exception occurred:

Traceback (most recent call last):
  File "/home/ymane/.local/lib/python3.8/site-packages/django/template/base.py", line 828, in _resolve_lookup
    current = current[bit]
TypeError: 'URLResolver' object is not subscriptable

During handling of the above exception, another exception occurred:

Traceback (most recent call last):
  File "/home/ymane/.local/lib/python3.8/site-packages/django/template/base.py", line 836, in _resolve_lookup
    current = getattr(current, bit)
AttributeError: 'URLResolver' object has no attribute 'name'

During handling of the above exception, another exception occurred:

Traceback (most recent call last):
  File "/home/ymane/.local/lib/python3.8/site-packages/django/template/base.py", line 842, in _resolve_lookup
    current = current[int(bit)]
ValueError: invalid literal for int() with base 10: 'name'

During handling of the above exception, another exception occurred:

Traceback (most recent call last):
  File "/home/ymane/.local/lib/python3.8/site-packages/django/template/base.py", line 847, in _resolve_lookup
    raise VariableDoesNotExist("Failed lookup for key "
django.template.base.VariableDoesNotExist: Failed lookup for key [name] in <URLResolver <URLPattern list> (admin:admin) 'admin-back-office/'>
[ DEBUG ][ 2022-06-16 23:08:43,444 ][ base ] ==> Exception while resolving variable 'name' in template 'unknown'.
Traceback (most recent call last):
  File "/home/ymane/.local/lib/python3.8/site-packages/django/core/handlers/exception.py", line 34, in inner
    response = get_response(request)
  File "/home/ymane/.local/lib/python3.8/site-packages/django/core/handlers/base.py", line 100, in _get_response
    resolver_match = resolver.resolve(request.path_info)
  File "/home/ymane/.local/lib/python3.8/site-packages/django/urls/resolvers.py", line 575, in resolve
    raise Resolver404({'tried': tried, 'path': new_path})
django.urls.exceptions.Resolver404: {'tried': [[<URLResolver <URLPattern list> (admin:admin) 'admin-back-office/'>], [<URLResolver <module 'api.urls.base' from '/home/ymane/Téléchargements/projet_complet_easytrans_et_git/EASYTRANS/api/urls/base.py'> (None:None) 'api/v1/'>], [<URLResolver <module 'django.conf.urls.i18n' from '/home/ymane/.local/lib/python3.8/site-packages/django/conf/urls/i18n.py'> (None:None) 'i18n/'>], [<URLResolver <module 'session_security.urls' from '/home/ymane/Téléchargements/projet_complet_easytrans_et_git/EASYTRANS/session_security/urls.py'> (None:None) 'session_security/'>], [<URLResolver <module 'oauth.urls.base' from '/home/ymane/Téléchargements/projet_complet_easytrans_et_git/EASYTRANS/oauth/urls/base.py'> (None:None) 'oauth/'>], [<URLResolver <module 'sentry.urls.base' from '/home/ymane/Téléchargements/projet_complet_easytrans_et_git/EASYTRANS/sentry/urls/base.py'> (None:None) 'sentry/'>], [<URLResolver <module 'website.urls.base' from '/home/ymane/Téléchargements/projet_complet_easytrans_et_git/EASYTRANS/website/urls/base.py'> (None:None) ''>, <URLResolver <module 'website.urls.frontspace' from '/home/ymane/Téléchargements/projet_complet_easytrans_et_git/EASYTRANS/website/urls/frontspace.py'> (None:None) '^'>, <URLPattern '' [name='frontspace']>], [<URLResolver <module 'website.urls.base' from '/home/ymane/Téléchargements/projet_complet_easytrans_et_git/EASYTRANS/website/urls/base.py'> (None:None) ''>, <URLResolver <module 'website.urls.frontspace' from '/home/ymane/Téléchargements/projet_complet_easytrans_et_git/EASYTRANS/website/urls/frontspace.py'> (None:None) '^'>, <URLPattern 'ajax/load-lieu_depart/' [name='ajax_load_lieu_depart']>], [<URLResolver <module 'website.urls.base' from '/home/ymane/Téléchargements/projet_complet_easytrans_et_git/EASYTRANS/website/urls/base.py'> (None:None) ''>, <URLResolver <module 'website.urls.frontspace' from '/home/ymane/Téléchargements/projet_complet_easytrans_et_git/EASYTRANS/website/urls/frontspace.py'> (None:None) '^'>, <URLPattern 'ajax/load-destination/' [name='ajax_load_destination']>], [<URLResolver <module 'website.urls.base' from '/home/ymane/Téléchargements/projet_complet_easytrans_et_git/EASYTRANS/website/urls/base.py'> (None:None) ''>, <URLResolver <module 'website.urls.frontspace' from '/home/ymane/Téléchargements/projet_complet_easytrans_et_git/EASYTRANS/website/urls/frontspace.py'> (None:None) '^'>, <URLPattern '^media/(?P<path>.*)$'>], [<URLResolver <module 'website.urls.base' from '/home/ymane/Téléchargements/projet_complet_easytrans_et_git/EASYTRANS/website/urls/base.py'> (None:None) ''>, <URLResolver <module 'website.urls.frontspace' from '/home/ymane/Téléchargements/projet_complet_easytrans_et_git/EASYTRANS/website/urls/frontspace.py'> (None:None) '^'>, <URLPattern '^static/(?P<path>.*)$'>], [<URLResolver <module 'website.urls.base' from '/home/ymane/Téléchargements/projet_complet_easytrans_et_git/EASYTRANS/website/urls/base.py'> (None:None) ''>, <URLResolver <module 'website.urls.waiting_page' from '/home/ymane/Téléchargements/projet_complet_easytrans_et_git/EASYTRANS/website/urls/waiting_page.py'> (None:None) 'wait/'>], [<URLResolver <module 'website.urls.base' from '/home/ymane/Téléchargements/projet_complet_easytrans_et_git/EASYTRANS/website/urls/base.py'> (None:None) ''>, <URLResolver <module 'website.urls.payement_state' from '/home/ymane/Téléchargements/projet_complet_easytrans_et_git/EASYTRANS/website/urls/payement_state.py'> (None:None) 'payement_state/'>], [<URLResolver <module 'website.urls.base' from '/home/ymane/Téléchargements/projet_complet_easytrans_et_git/EASYTRANS/website/urls/base.py'> (None:None) ''>, <URLResolver <module 'website.urls.userspace' from '/home/ymane/Téléchargements/projet_complet_easytrans_et_git/EASYTRANS/website/urls/userspace.py'> (None:None) 'back-office/'>], [<URLResolver <module 'website.urls.base' from '/home/ymane/Téléchargements/projet_complet_easytrans_et_git/EASYTRANS/website/urls/base.py'> (None:None) ''>, <URLPattern '^media/(?P<path>.*)$'>], [<URLPattern '^media/(?P<path>.*)$'>], [<URLPattern '^static/(?P<path>.*)$'>]], 'path': 'website/front/js/main.js'}

During handling of the above exception, another exception occurred:

Traceback (most recent call last):
  File "/home/ymane/.local/lib/python3.8/site-packages/django/template/base.py", line 828, in _resolve_lookup
    current = current[bit]
TypeError: 'URLResolver' object is not subscriptable

During handling of the above exception, another exception occurred:

Traceback (most recent call last):
  File "/home/ymane/.local/lib/python3.8/site-packages/django/template/base.py", line 836, in _resolve_lookup
    current = getattr(current, bit)
AttributeError: 'URLResolver' object has no attribute 'name'

During handling of the above exception, another exception occurred:

Traceback (most recent call last):
  File "/home/ymane/.local/lib/python3.8/site-packages/django/template/base.py", line 842, in _resolve_lookup
    current = current[int(bit)]
ValueError: invalid literal for int() with base 10: 'name'

During handling of the above exception, another exception occurred:

Traceback (most recent call last):
  File "/home/ymane/.local/lib/python3.8/site-packages/django/template/base.py", line 847, in _resolve_lookup
    raise VariableDoesNotExist("Failed lookup for key "
django.template.base.VariableDoesNotExist: Failed lookup for key [name] in <URLResolver <module 'api.urls.base' from '/home/ymane/Téléchargements/projet_complet_easytrans_et_git/EASYTRANS/api/urls/base.py'> (None:None) 'api/v1/'>
[ DEBUG ][ 2022-06-16 23:08:43,445 ][ base ] ==> Exception while resolving variable 'name' in template 'unknown'.
Traceback (most recent call last):
  File "/home/ymane/.local/lib/python3.8/site-packages/django/core/handlers/exception.py", line 34, in inner
    response = get_response(request)
  File "/home/ymane/.local/lib/python3.8/site-packages/django/core/handlers/base.py", line 100, in _get_response
    resolver_match = resolver.resolve(request.path_info)
  File "/home/ymane/.local/lib/python3.8/site-packages/django/urls/resolvers.py", line 575, in resolve
    raise Resolver404({'tried': tried, 'path': new_path})
django.urls.exceptions.Resolver404: {'tried': [[<URLResolver <URLPattern list> (admin:admin) 'admin-back-office/'>], [<URLResolver <module 'api.urls.base' from '/home/ymane/Téléchargements/projet_complet_easytrans_et_git/EASYTRANS/api/urls/base.py'> (None:None) 'api/v1/'>], [<URLResolver <module 'django.conf.urls.i18n' from '/home/ymane/.local/lib/python3.8/site-packages/django/conf/urls/i18n.py'> (None:None) 'i18n/'>], [<URLResolver <module 'session_security.urls' from '/home/ymane/Téléchargements/projet_complet_easytrans_et_git/EASYTRANS/session_security/urls.py'> (None:None) 'session_security/'>], [<URLResolver <module 'oauth.urls.base' from '/home/ymane/Téléchargements/projet_complet_easytrans_et_git/EASYTRANS/oauth/urls/base.py'> (None:None) 'oauth/'>], [<URLResolver <module 'sentry.urls.base' from '/home/ymane/Téléchargements/projet_complet_easytrans_et_git/EASYTRANS/sentry/urls/base.py'> (None:None) 'sentry/'>], [<URLResolver <module 'website.urls.base' from '/home/ymane/Téléchargements/projet_complet_easytrans_et_git/EASYTRANS/website/urls/base.py'> (None:None) ''>, <URLResolver <module 'website.urls.frontspace' from '/home/ymane/Téléchargements/projet_complet_easytrans_et_git/EASYTRANS/website/urls/frontspace.py'> (None:None) '^'>, <URLPattern '' [name='frontspace']>], [<URLResolver <module 'website.urls.base' from '/home/ymane/Téléchargements/projet_complet_easytrans_et_git/EASYTRANS/website/urls/base.py'> (None:None) ''>, <URLResolver <module 'website.urls.frontspace' from '/home/ymane/Téléchargements/projet_complet_easytrans_et_git/EASYTRANS/website/urls/frontspace.py'> (None:None) '^'>, <URLPattern 'ajax/load-lieu_depart/' [name='ajax_load_lieu_depart']>], [<URLResolver <module 'website.urls.base' from '/home/ymane/Téléchargements/projet_complet_easytrans_et_git/EASYTRANS/website/urls/base.py'> (None:None) ''>, <URLResolver <module 'website.urls.frontspace' from '/home/ymane/Téléchargements/projet_complet_easytrans_et_git/EASYTRANS/website/urls/frontspace.py'> (None:None) '^'>, <URLPattern 'ajax/load-destination/' [name='ajax_load_destination']>], [<URLResolver <module 'website.urls.base' from '/home/ymane/Téléchargements/projet_complet_easytrans_et_git/EASYTRANS/website/urls/base.py'> (None:None) ''>, <URLResolver <module 'website.urls.frontspace' from '/home/ymane/Téléchargements/projet_complet_easytrans_et_git/EASYTRANS/website/urls/frontspace.py'> (None:None) '^'>, <URLPattern '^media/(?P<path>.*)$'>], [<URLResolver <module 'website.urls.base' from '/home/ymane/Téléchargements/projet_complet_easytrans_et_git/EASYTRANS/website/urls/base.py'> (None:None) ''>, <URLResolver <module 'website.urls.frontspace' from '/home/ymane/Téléchargements/projet_complet_easytrans_et_git/EASYTRANS/website/urls/frontspace.py'> (None:None) '^'>, <URLPattern '^static/(?P<path>.*)$'>], [<URLResolver <module 'website.urls.base' from '/home/ymane/Téléchargements/projet_complet_easytrans_et_git/EASYTRANS/website/urls/base.py'> (None:None) ''>, <URLResolver <module 'website.urls.waiting_page' from '/home/ymane/Téléchargements/projet_complet_easytrans_et_git/EASYTRANS/website/urls/waiting_page.py'> (None:None) 'wait/'>], [<URLResolver <module 'website.urls.base' from '/home/ymane/Téléchargements/projet_complet_easytrans_et_git/EASYTRANS/website/urls/base.py'> (None:None) ''>, <URLResolver <module 'website.urls.payement_state' from '/home/ymane/Téléchargements/projet_complet_easytrans_et_git/EASYTRANS/website/urls/payement_state.py'> (None:None) 'payement_state/'>], [<URLResolver <module 'website.urls.base' from '/home/ymane/Téléchargements/projet_complet_easytrans_et_git/EASYTRANS/website/urls/base.py'> (None:None) ''>, <URLResolver <module 'website.urls.userspace' from '/home/ymane/Téléchargements/projet_complet_easytrans_et_git/EASYTRANS/website/urls/userspace.py'> (None:None) 'back-office/'>], [<URLResolver <module 'website.urls.base' from '/home/ymane/Téléchargements/projet_complet_easytrans_et_git/EASYTRANS/website/urls/base.py'> (None:None) ''>, <URLPattern '^media/(?P<path>.*)$'>], [<URLPattern '^media/(?P<path>.*)$'>], [<URLPattern '^static/(?P<path>.*)$'>]], 'path': 'website/front/js/main.js'}

During handling of the above exception, another exception occurred:

Traceback (most recent call last):
  File "/home/ymane/.local/lib/python3.8/site-packages/django/template/base.py", line 828, in _resolve_lookup
    current = current[bit]
TypeError: 'URLResolver' object is not subscriptable

During handling of the above exception, another exception occurred:

Traceback (most recent call last):
  File "/home/ymane/.local/lib/python3.8/site-packages/django/template/base.py", line 836, in _resolve_lookup
    current = getattr(current, bit)
AttributeError: 'URLResolver' object has no attribute 'name'

During handling of the above exception, another exception occurred:

Traceback (most recent call last):
  File "/home/ymane/.local/lib/python3.8/site-packages/django/template/base.py", line 842, in _resolve_lookup
    current = current[int(bit)]
ValueError: invalid literal for int() with base 10: 'name'

During handling of the above exception, another exception occurred:

Traceback (most recent call last):
  File "/home/ymane/.local/lib/python3.8/site-packages/django/template/base.py", line 847, in _resolve_lookup
    raise VariableDoesNotExist("Failed lookup for key "
django.template.base.VariableDoesNotExist: Failed lookup for key [name] in <URLResolver <module 'django.conf.urls.i18n' from '/home/ymane/.local/lib/python3.8/site-packages/django/conf/urls/i18n.py'> (None:None) 'i18n/'>
[ DEBUG ][ 2022-06-16 23:08:43,446 ][ base ] ==> Exception while resolving variable 'name' in template 'unknown'.
Traceback (most recent call last):
  File "/home/ymane/.local/lib/python3.8/site-packages/django/core/handlers/exception.py", line 34, in inner
    response = get_response(request)
  File "/home/ymane/.local/lib/python3.8/site-packages/django/core/handlers/base.py", line 100, in _get_response
    resolver_match = resolver.resolve(request.path_info)
  File "/home/ymane/.local/lib/python3.8/site-packages/django/urls/resolvers.py", line 575, in resolve
    raise Resolver404({'tried': tried, 'path': new_path})
django.urls.exceptions.Resolver404: {'tried': [[<URLResolver <URLPattern list> (admin:admin) 'admin-back-office/'>], [<URLResolver <module 'api.urls.base' from '/home/ymane/Téléchargements/projet_complet_easytrans_et_git/EASYTRANS/api/urls/base.py'> (None:None) 'api/v1/'>], [<URLResolver <module 'django.conf.urls.i18n' from '/home/ymane/.local/lib/python3.8/site-packages/django/conf/urls/i18n.py'> (None:None) 'i18n/'>], [<URLResolver <module 'session_security.urls' from '/home/ymane/Téléchargements/projet_complet_easytrans_et_git/EASYTRANS/session_security/urls.py'> (None:None) 'session_security/'>], [<URLResolver <module 'oauth.urls.base' from '/home/ymane/Téléchargements/projet_complet_easytrans_et_git/EASYTRANS/oauth/urls/base.py'> (None:None) 'oauth/'>], [<URLResolver <module 'sentry.urls.base' from '/home/ymane/Téléchargements/projet_complet_easytrans_et_git/EASYTRANS/sentry/urls/base.py'> (None:None) 'sentry/'>], [<URLResolver <module 'website.urls.base' from '/home/ymane/Téléchargements/projet_complet_easytrans_et_git/EASYTRANS/website/urls/base.py'> (None:None) ''>, <URLResolver <module 'website.urls.frontspace' from '/home/ymane/Téléchargements/projet_complet_easytrans_et_git/EASYTRANS/website/urls/frontspace.py'> (None:None) '^'>, <URLPattern '' [name='frontspace']>], [<URLResolver <module 'website.urls.base' from '/home/ymane/Téléchargements/projet_complet_easytrans_et_git/EASYTRANS/website/urls/base.py'> (None:None) ''>, <URLResolver <module 'website.urls.frontspace' from '/home/ymane/Téléchargements/projet_complet_easytrans_et_git/EASYTRANS/website/urls/frontspace.py'> (None:None) '^'>, <URLPattern 'ajax/load-lieu_depart/' [name='ajax_load_lieu_depart']>], [<URLResolver <module 'website.urls.base' from '/home/ymane/Téléchargements/projet_complet_easytrans_et_git/EASYTRANS/website/urls/base.py'> (None:None) ''>, <URLResolver <module 'website.urls.frontspace' from '/home/ymane/Téléchargements/projet_complet_easytrans_et_git/EASYTRANS/website/urls/frontspace.py'> (None:None) '^'>, <URLPattern 'ajax/load-destination/' [name='ajax_load_destination']>], [<URLResolver <module 'website.urls.base' from '/home/ymane/Téléchargements/projet_complet_easytrans_et_git/EASYTRANS/website/urls/base.py'> (None:None) ''>, <URLResolver <module 'website.urls.frontspace' from '/home/ymane/Téléchargements/projet_complet_easytrans_et_git/EASYTRANS/website/urls/frontspace.py'> (None:None) '^'>, <URLPattern '^media/(?P<path>.*)$'>], [<URLResolver <module 'website.urls.base' from '/home/ymane/Téléchargements/projet_complet_easytrans_et_git/EASYTRANS/website/urls/base.py'> (None:None) ''>, <URLResolver <module 'website.urls.frontspace' from '/home/ymane/Téléchargements/projet_complet_easytrans_et_git/EASYTRANS/website/urls/frontspace.py'> (None:None) '^'>, <URLPattern '^static/(?P<path>.*)$'>], [<URLResolver <module 'website.urls.base' from '/home/ymane/Téléchargements/projet_complet_easytrans_et_git/EASYTRANS/website/urls/base.py'> (None:None) ''>, <URLResolver <module 'website.urls.waiting_page' from '/home/ymane/Téléchargements/projet_complet_easytrans_et_git/EASYTRANS/website/urls/waiting_page.py'> (None:None) 'wait/'>], [<URLResolver <module 'website.urls.base' from '/home/ymane/Téléchargements/projet_complet_easytrans_et_git/EASYTRANS/website/urls/base.py'> (None:None) ''>, <URLResolver <module 'website.urls.payement_state' from '/home/ymane/Téléchargements/projet_complet_easytrans_et_git/EASYTRANS/website/urls/payement_state.py'> (None:None) 'payement_state/'>], [<URLResolver <module 'website.urls.base' from '/home/ymane/Téléchargements/projet_complet_easytrans_et_git/EASYTRANS/website/urls/base.py'> (None:None) ''>, <URLResolver <module 'website.urls.userspace' from '/home/ymane/Téléchargements/projet_complet_easytrans_et_git/EASYTRANS/website/urls/userspace.py'> (None:None) 'back-office/'>], [<URLResolver <module 'website.urls.base' from '/home/ymane/Téléchargements/projet_complet_easytrans_et_git/EASYTRANS/website/urls/base.py'> (None:None) ''>, <URLPattern '^media/(?P<path>.*)$'>], [<URLPattern '^media/(?P<path>.*)$'>], [<URLPattern '^static/(?P<path>.*)$'>]], 'path': 'website/front/js/main.js'}

During handling of the above exception, another exception occurred:

Traceback (most recent call last):
  File "/home/ymane/.local/lib/python3.8/site-packages/django/template/base.py", line 828, in _resolve_lookup
    current = current[bit]
TypeError: 'URLResolver' object is not subscriptable

During handling of the above exception, another exception occurred:

Traceback (most recent call last):
  File "/home/ymane/.local/lib/python3.8/site-packages/django/template/base.py", line 836, in _resolve_lookup
    current = getattr(current, bit)
AttributeError: 'URLResolver' object has no attribute 'name'

During handling of the above exception, another exception occurred:

Traceback (most recent call last):
  File "/home/ymane/.local/lib/python3.8/site-packages/django/template/base.py", line 842, in _resolve_lookup
    current = current[int(bit)]
ValueError: invalid literal for int() with base 10: 'name'

During handling of the above exception, another exception occurred:

Traceback (most recent call last):
  File "/home/ymane/.local/lib/python3.8/site-packages/django/template/base.py", line 847, in _resolve_lookup
    raise VariableDoesNotExist("Failed lookup for key "
django.template.base.VariableDoesNotExist: Failed lookup for key [name] in <URLResolver <module 'session_security.urls' from '/home/ymane/Téléchargements/projet_complet_easytrans_et_git/EASYTRANS/session_security/urls.py'> (None:None) 'session_security/'>
[ DEBUG ][ 2022-06-16 23:08:43,447 ][ base ] ==> Exception while resolving variable 'name' in template 'unknown'.
Traceback (most recent call last):
  File "/home/ymane/.local/lib/python3.8/site-packages/django/core/handlers/exception.py", line 34, in inner
    response = get_response(request)
  File "/home/ymane/.local/lib/python3.8/site-packages/django/core/handlers/base.py", line 100, in _get_response
    resolver_match = resolver.resolve(request.path_info)
  File "/home/ymane/.local/lib/python3.8/site-packages/django/urls/resolvers.py", line 575, in resolve
    raise Resolver404({'tried': tried, 'path': new_path})
django.urls.exceptions.Resolver404: {'tried': [[<URLResolver <URLPattern list> (admin:admin) 'admin-back-office/'>], [<URLResolver <module 'api.urls.base' from '/home/ymane/Téléchargements/projet_complet_easytrans_et_git/EASYTRANS/api/urls/base.py'> (None:None) 'api/v1/'>], [<URLResolver <module 'django.conf.urls.i18n' from '/home/ymane/.local/lib/python3.8/site-packages/django/conf/urls/i18n.py'> (None:None) 'i18n/'>], [<URLResolver <module 'session_security.urls' from '/home/ymane/Téléchargements/projet_complet_easytrans_et_git/EASYTRANS/session_security/urls.py'> (None:None) 'session_security/'>], [<URLResolver <module 'oauth.urls.base' from '/home/ymane/Téléchargements/projet_complet_easytrans_et_git/EASYTRANS/oauth/urls/base.py'> (None:None) 'oauth/'>], [<URLResolver <module 'sentry.urls.base' from '/home/ymane/Téléchargements/projet_complet_easytrans_et_git/EASYTRANS/sentry/urls/base.py'> (None:None) 'sentry/'>], [<URLResolver <module 'website.urls.base' from '/home/ymane/Téléchargements/projet_complet_easytrans_et_git/EASYTRANS/website/urls/base.py'> (None:None) ''>, <URLResolver <module 'website.urls.frontspace' from '/home/ymane/Téléchargements/projet_complet_easytrans_et_git/EASYTRANS/website/urls/frontspace.py'> (None:None) '^'>, <URLPattern '' [name='frontspace']>], [<URLResolver <module 'website.urls.base' from '/home/ymane/Téléchargements/projet_complet_easytrans_et_git/EASYTRANS/website/urls/base.py'> (None:None) ''>, <URLResolver <module 'website.urls.frontspace' from '/home/ymane/Téléchargements/projet_complet_easytrans_et_git/EASYTRANS/website/urls/frontspace.py'> (None:None) '^'>, <URLPattern 'ajax/load-lieu_depart/' [name='ajax_load_lieu_depart']>], [<URLResolver <module 'website.urls.base' from '/home/ymane/Téléchargements/projet_complet_easytrans_et_git/EASYTRANS/website/urls/base.py'> (None:None) ''>, <URLResolver <module 'website.urls.frontspace' from '/home/ymane/Téléchargements/projet_complet_easytrans_et_git/EASYTRANS/website/urls/frontspace.py'> (None:None) '^'>, <URLPattern 'ajax/load-destination/' [name='ajax_load_destination']>], [<URLResolver <module 'website.urls.base' from '/home/ymane/Téléchargements/projet_complet_easytrans_et_git/EASYTRANS/website/urls/base.py'> (None:None) ''>, <URLResolver <module 'website.urls.frontspace' from '/home/ymane/Téléchargements/projet_complet_easytrans_et_git/EASYTRANS/website/urls/frontspace.py'> (None:None) '^'>, <URLPattern '^media/(?P<path>.*)$'>], [<URLResolver <module 'website.urls.base' from '/home/ymane/Téléchargements/projet_complet_easytrans_et_git/EASYTRANS/website/urls/base.py'> (None:None) ''>, <URLResolver <module 'website.urls.frontspace' from '/home/ymane/Téléchargements/projet_complet_easytrans_et_git/EASYTRANS/website/urls/frontspace.py'> (None:None) '^'>, <URLPattern '^static/(?P<path>.*)$'>], [<URLResolver <module 'website.urls.base' from '/home/ymane/Téléchargements/projet_complet_easytrans_et_git/EASYTRANS/website/urls/base.py'> (None:None) ''>, <URLResolver <module 'website.urls.waiting_page' from '/home/ymane/Téléchargements/projet_complet_easytrans_et_git/EASYTRANS/website/urls/waiting_page.py'> (None:None) 'wait/'>], [<URLResolver <module 'website.urls.base' from '/home/ymane/Téléchargements/projet_complet_easytrans_et_git/EASYTRANS/website/urls/base.py'> (None:None) ''>, <URLResolver <module 'website.urls.payement_state' from '/home/ymane/Téléchargements/projet_complet_easytrans_et_git/EASYTRANS/website/urls/payement_state.py'> (None:None) 'payement_state/'>], [<URLResolver <module 'website.urls.base' from '/home/ymane/Téléchargements/projet_complet_easytrans_et_git/EASYTRANS/website/urls/base.py'> (None:None) ''>, <URLResolver <module 'website.urls.userspace' from '/home/ymane/Téléchargements/projet_complet_easytrans_et_git/EASYTRANS/website/urls/userspace.py'> (None:None) 'back-office/'>], [<URLResolver <module 'website.urls.base' from '/home/ymane/Téléchargements/projet_complet_easytrans_et_git/EASYTRANS/website/urls/base.py'> (None:None) ''>, <URLPattern '^media/(?P<path>.*)$'>], [<URLPattern '^media/(?P<path>.*)$'>], [<URLPattern '^static/(?P<path>.*)$'>]], 'path': 'website/front/js/main.js'}

During handling of the above exception, another exception occurred:

Traceback (most recent call last):
  File "/home/ymane/.local/lib/python3.8/site-packages/django/template/base.py", line 828, in _resolve_lookup
    current = current[bit]
TypeError: 'URLResolver' object is not subscriptable

During handling of the above exception, another exception occurred:

Traceback (most recent call last):
  File "/home/ymane/.local/lib/python3.8/site-packages/django/template/base.py", line 836, in _resolve_lookup
    current = getattr(current, bit)
AttributeError: 'URLResolver' object has no attribute 'name'

During handling of the above exception, another exception occurred:

Traceback (most recent call last):
  File "/home/ymane/.local/lib/python3.8/site-packages/django/template/base.py", line 842, in _resolve_lookup
    current = current[int(bit)]
ValueError: invalid literal for int() with base 10: 'name'

During handling of the above exception, another exception occurred:

Traceback (most recent call last):
  File "/home/ymane/.local/lib/python3.8/site-packages/django/template/base.py", line 847, in _resolve_lookup
    raise VariableDoesNotExist("Failed lookup for key "
django.template.base.VariableDoesNotExist: Failed lookup for key [name] in <URLResolver <module 'oauth.urls.base' from '/home/ymane/Téléchargements/projet_complet_easytrans_et_git/EASYTRANS/oauth/urls/base.py'> (None:None) 'oauth/'>
[ DEBUG ][ 2022-06-16 23:08:43,448 ][ base ] ==> Exception while resolving variable 'name' in template 'unknown'.
Traceback (most recent call last):
  File "/home/ymane/.local/lib/python3.8/site-packages/django/core/handlers/exception.py", line 34, in inner
    response = get_response(request)
  File "/home/ymane/.local/lib/python3.8/site-packages/django/core/handlers/base.py", line 100, in _get_response
    resolver_match = resolver.resolve(request.path_info)
  File "/home/ymane/.local/lib/python3.8/site-packages/django/urls/resolvers.py", line 575, in resolve
    raise Resolver404({'tried': tried, 'path': new_path})
django.urls.exceptions.Resolver404: {'tried': [[<URLResolver <URLPattern list> (admin:admin) 'admin-back-office/'>], [<URLResolver <module 'api.urls.base' from '/home/ymane/Téléchargements/projet_complet_easytrans_et_git/EASYTRANS/api/urls/base.py'> (None:None) 'api/v1/'>], [<URLResolver <module 'django.conf.urls.i18n' from '/home/ymane/.local/lib/python3.8/site-packages/django/conf/urls/i18n.py'> (None:None) 'i18n/'>], [<URLResolver <module 'session_security.urls' from '/home/ymane/Téléchargements/projet_complet_easytrans_et_git/EASYTRANS/session_security/urls.py'> (None:None) 'session_security/'>], [<URLResolver <module 'oauth.urls.base' from '/home/ymane/Téléchargements/projet_complet_easytrans_et_git/EASYTRANS/oauth/urls/base.py'> (None:None) 'oauth/'>], [<URLResolver <module 'sentry.urls.base' from '/home/ymane/Téléchargements/projet_complet_easytrans_et_git/EASYTRANS/sentry/urls/base.py'> (None:None) 'sentry/'>], [<URLResolver <module 'website.urls.base' from '/home/ymane/Téléchargements/projet_complet_easytrans_et_git/EASYTRANS/website/urls/base.py'> (None:None) ''>, <URLResolver <module 'website.urls.frontspace' from '/home/ymane/Téléchargements/projet_complet_easytrans_et_git/EASYTRANS/website/urls/frontspace.py'> (None:None) '^'>, <URLPattern '' [name='frontspace']>], [<URLResolver <module 'website.urls.base' from '/home/ymane/Téléchargements/projet_complet_easytrans_et_git/EASYTRANS/website/urls/base.py'> (None:None) ''>, <URLResolver <module 'website.urls.frontspace' from '/home/ymane/Téléchargements/projet_complet_easytrans_et_git/EASYTRANS/website/urls/frontspace.py'> (None:None) '^'>, <URLPattern 'ajax/load-lieu_depart/' [name='ajax_load_lieu_depart']>], [<URLResolver <module 'website.urls.base' from '/home/ymane/Téléchargements/projet_complet_easytrans_et_git/EASYTRANS/website/urls/base.py'> (None:None) ''>, <URLResolver <module 'website.urls.frontspace' from '/home/ymane/Téléchargements/projet_complet_easytrans_et_git/EASYTRANS/website/urls/frontspace.py'> (None:None) '^'>, <URLPattern 'ajax/load-destination/' [name='ajax_load_destination']>], [<URLResolver <module 'website.urls.base' from '/home/ymane/Téléchargements/projet_complet_easytrans_et_git/EASYTRANS/website/urls/base.py'> (None:None) ''>, <URLResolver <module 'website.urls.frontspace' from '/home/ymane/Téléchargements/projet_complet_easytrans_et_git/EASYTRANS/website/urls/frontspace.py'> (None:None) '^'>, <URLPattern '^media/(?P<path>.*)$'>], [<URLResolver <module 'website.urls.base' from '/home/ymane/Téléchargements/projet_complet_easytrans_et_git/EASYTRANS/website/urls/base.py'> (None:None) ''>, <URLResolver <module 'website.urls.frontspace' from '/home/ymane/Téléchargements/projet_complet_easytrans_et_git/EASYTRANS/website/urls/frontspace.py'> (None:None) '^'>, <URLPattern '^static/(?P<path>.*)$'>], [<URLResolver <module 'website.urls.base' from '/home/ymane/Téléchargements/projet_complet_easytrans_et_git/EASYTRANS/website/urls/base.py'> (None:None) ''>, <URLResolver <module 'website.urls.waiting_page' from '/home/ymane/Téléchargements/projet_complet_easytrans_et_git/EASYTRANS/website/urls/waiting_page.py'> (None:None) 'wait/'>], [<URLResolver <module 'website.urls.base' from '/home/ymane/Téléchargements/projet_complet_easytrans_et_git/EASYTRANS/website/urls/base.py'> (None:None) ''>, <URLResolver <module 'website.urls.payement_state' from '/home/ymane/Téléchargements/projet_complet_easytrans_et_git/EASYTRANS/website/urls/payement_state.py'> (None:None) 'payement_state/'>], [<URLResolver <module 'website.urls.base' from '/home/ymane/Téléchargements/projet_complet_easytrans_et_git/EASYTRANS/website/urls/base.py'> (None:None) ''>, <URLResolver <module 'website.urls.userspace' from '/home/ymane/Téléchargements/projet_complet_easytrans_et_git/EASYTRANS/website/urls/userspace.py'> (None:None) 'back-office/'>], [<URLResolver <module 'website.urls.base' from '/home/ymane/Téléchargements/projet_complet_easytrans_et_git/EASYTRANS/website/urls/base.py'> (None:None) ''>, <URLPattern '^media/(?P<path>.*)$'>], [<URLPattern '^media/(?P<path>.*)$'>], [<URLPattern '^static/(?P<path>.*)$'>]], 'path': 'website/front/js/main.js'}

During handling of the above exception, another exception occurred:

Traceback (most recent call last):
  File "/home/ymane/.local/lib/python3.8/site-packages/django/template/base.py", line 828, in _resolve_lookup
    current = current[bit]
TypeError: 'URLResolver' object is not subscriptable

During handling of the above exception, another exception occurred:

Traceback (most recent call last):
  File "/home/ymane/.local/lib/python3.8/site-packages/django/template/base.py", line 836, in _resolve_lookup
    current = getattr(current, bit)
AttributeError: 'URLResolver' object has no attribute 'name'

During handling of the above exception, another exception occurred:

Traceback (most recent call last):
  File "/home/ymane/.local/lib/python3.8/site-packages/django/template/base.py", line 842, in _resolve_lookup
    current = current[int(bit)]
ValueError: invalid literal for int() with base 10: 'name'

During handling of the above exception, another exception occurred:

Traceback (most recent call last):
  File "/home/ymane/.local/lib/python3.8/site-packages/django/template/base.py", line 847, in _resolve_lookup
    raise VariableDoesNotExist("Failed lookup for key "
django.template.base.VariableDoesNotExist: Failed lookup for key [name] in <URLResolver <module 'sentry.urls.base' from '/home/ymane/Téléchargements/projet_complet_easytrans_et_git/EASYTRANS/sentry/urls/base.py'> (None:None) 'sentry/'>
[ DEBUG ][ 2022-06-16 23:08:43,449 ][ base ] ==> Exception while resolving variable 'name' in template 'unknown'.
Traceback (most recent call last):
  File "/home/ymane/.local/lib/python3.8/site-packages/django/core/handlers/exception.py", line 34, in inner
    response = get_response(request)
  File "/home/ymane/.local/lib/python3.8/site-packages/django/core/handlers/base.py", line 100, in _get_response
    resolver_match = resolver.resolve(request.path_info)
  File "/home/ymane/.local/lib/python3.8/site-packages/django/urls/resolvers.py", line 575, in resolve
    raise Resolver404({'tried': tried, 'path': new_path})
django.urls.exceptions.Resolver404: {'tried': [[<URLResolver <URLPattern list> (admin:admin) 'admin-back-office/'>], [<URLResolver <module 'api.urls.base' from '/home/ymane/Téléchargements/projet_complet_easytrans_et_git/EASYTRANS/api/urls/base.py'> (None:None) 'api/v1/'>], [<URLResolver <module 'django.conf.urls.i18n' from '/home/ymane/.local/lib/python3.8/site-packages/django/conf/urls/i18n.py'> (None:None) 'i18n/'>], [<URLResolver <module 'session_security.urls' from '/home/ymane/Téléchargements/projet_complet_easytrans_et_git/EASYTRANS/session_security/urls.py'> (None:None) 'session_security/'>], [<URLResolver <module 'oauth.urls.base' from '/home/ymane/Téléchargements/projet_complet_easytrans_et_git/EASYTRANS/oauth/urls/base.py'> (None:None) 'oauth/'>], [<URLResolver <module 'sentry.urls.base' from '/home/ymane/Téléchargements/projet_complet_easytrans_et_git/EASYTRANS/sentry/urls/base.py'> (None:None) 'sentry/'>], [<URLResolver <module 'website.urls.base' from '/home/ymane/Téléchargements/projet_complet_easytrans_et_git/EASYTRANS/website/urls/base.py'> (None:None) ''>, <URLResolver <module 'website.urls.frontspace' from '/home/ymane/Téléchargements/projet_complet_easytrans_et_git/EASYTRANS/website/urls/frontspace.py'> (None:None) '^'>, <URLPattern '' [name='frontspace']>], [<URLResolver <module 'website.urls.base' from '/home/ymane/Téléchargements/projet_complet_easytrans_et_git/EASYTRANS/website/urls/base.py'> (None:None) ''>, <URLResolver <module 'website.urls.frontspace' from '/home/ymane/Téléchargements/projet_complet_easytrans_et_git/EASYTRANS/website/urls/frontspace.py'> (None:None) '^'>, <URLPattern 'ajax/load-lieu_depart/' [name='ajax_load_lieu_depart']>], [<URLResolver <module 'website.urls.base' from '/home/ymane/Téléchargements/projet_complet_easytrans_et_git/EASYTRANS/website/urls/base.py'> (None:None) ''>, <URLResolver <module 'website.urls.frontspace' from '/home/ymane/Téléchargements/projet_complet_easytrans_et_git/EASYTRANS/website/urls/frontspace.py'> (None:None) '^'>, <URLPattern 'ajax/load-destination/' [name='ajax_load_destination']>], [<URLResolver <module 'website.urls.base' from '/home/ymane/Téléchargements/projet_complet_easytrans_et_git/EASYTRANS/website/urls/base.py'> (None:None) ''>, <URLResolver <module 'website.urls.frontspace' from '/home/ymane/Téléchargements/projet_complet_easytrans_et_git/EASYTRANS/website/urls/frontspace.py'> (None:None) '^'>, <URLPattern '^media/(?P<path>.*)$'>], [<URLResolver <module 'website.urls.base' from '/home/ymane/Téléchargements/projet_complet_easytrans_et_git/EASYTRANS/website/urls/base.py'> (None:None) ''>, <URLResolver <module 'website.urls.frontspace' from '/home/ymane/Téléchargements/projet_complet_easytrans_et_git/EASYTRANS/website/urls/frontspace.py'> (None:None) '^'>, <URLPattern '^static/(?P<path>.*)$'>], [<URLResolver <module 'website.urls.base' from '/home/ymane/Téléchargements/projet_complet_easytrans_et_git/EASYTRANS/website/urls/base.py'> (None:None) ''>, <URLResolver <module 'website.urls.waiting_page' from '/home/ymane/Téléchargements/projet_complet_easytrans_et_git/EASYTRANS/website/urls/waiting_page.py'> (None:None) 'wait/'>], [<URLResolver <module 'website.urls.base' from '/home/ymane/Téléchargements/projet_complet_easytrans_et_git/EASYTRANS/website/urls/base.py'> (None:None) ''>, <URLResolver <module 'website.urls.payement_state' from '/home/ymane/Téléchargements/projet_complet_easytrans_et_git/EASYTRANS/website/urls/payement_state.py'> (None:None) 'payement_state/'>], [<URLResolver <module 'website.urls.base' from '/home/ymane/Téléchargements/projet_complet_easytrans_et_git/EASYTRANS/website/urls/base.py'> (None:None) ''>, <URLResolver <module 'website.urls.userspace' from '/home/ymane/Téléchargements/projet_complet_easytrans_et_git/EASYTRANS/website/urls/userspace.py'> (None:None) 'back-office/'>], [<URLResolver <module 'website.urls.base' from '/home/ymane/Téléchargements/projet_complet_easytrans_et_git/EASYTRANS/website/urls/base.py'> (None:None) ''>, <URLPattern '^media/(?P<path>.*)$'>], [<URLPattern '^media/(?P<path>.*)$'>], [<URLPattern '^static/(?P<path>.*)$'>]], 'path': 'website/front/js/main.js'}

During handling of the above exception, another exception occurred:

Traceback (most recent call last):
  File "/home/ymane/.local/lib/python3.8/site-packages/django/template/base.py", line 828, in _resolve_lookup
    current = current[bit]
TypeError: 'URLResolver' object is not subscriptable

During handling of the above exception, another exception occurred:

Traceback (most recent call last):
  File "/home/ymane/.local/lib/python3.8/site-packages/django/template/base.py", line 836, in _resolve_lookup
    current = getattr(current, bit)
AttributeError: 'URLResolver' object has no attribute 'name'

During handling of the above exception, another exception occurred:

Traceback (most recent call last):
  File "/home/ymane/.local/lib/python3.8/site-packages/django/template/base.py", line 842, in _resolve_lookup
    current = current[int(bit)]
ValueError: invalid literal for int() with base 10: 'name'

During handling of the above exception, another exception occurred:

Traceback (most recent call last):
  File "/home/ymane/.local/lib/python3.8/site-packages/django/template/base.py", line 847, in _resolve_lookup
    raise VariableDoesNotExist("Failed lookup for key "
django.template.base.VariableDoesNotExist: Failed lookup for key [name] in <URLResolver <module 'website.urls.waiting_page' from '/home/ymane/Téléchargements/projet_complet_easytrans_et_git/EASYTRANS/website/urls/waiting_page.py'> (None:None) 'wait/'>
[ DEBUG ][ 2022-06-16 23:08:43,450 ][ base ] ==> Exception while resolving variable 'name' in template 'unknown'.
Traceback (most recent call last):
  File "/home/ymane/.local/lib/python3.8/site-packages/django/core/handlers/exception.py", line 34, in inner
    response = get_response(request)
  File "/home/ymane/.local/lib/python3.8/site-packages/django/core/handlers/base.py", line 100, in _get_response
    resolver_match = resolver.resolve(request.path_info)
  File "/home/ymane/.local/lib/python3.8/site-packages/django/urls/resolvers.py", line 575, in resolve
    raise Resolver404({'tried': tried, 'path': new_path})
django.urls.exceptions.Resolver404: {'tried': [[<URLResolver <URLPattern list> (admin:admin) 'admin-back-office/'>], [<URLResolver <module 'api.urls.base' from '/home/ymane/Téléchargements/projet_complet_easytrans_et_git/EASYTRANS/api/urls/base.py'> (None:None) 'api/v1/'>], [<URLResolver <module 'django.conf.urls.i18n' from '/home/ymane/.local/lib/python3.8/site-packages/django/conf/urls/i18n.py'> (None:None) 'i18n/'>], [<URLResolver <module 'session_security.urls' from '/home/ymane/Téléchargements/projet_complet_easytrans_et_git/EASYTRANS/session_security/urls.py'> (None:None) 'session_security/'>], [<URLResolver <module 'oauth.urls.base' from '/home/ymane/Téléchargements/projet_complet_easytrans_et_git/EASYTRANS/oauth/urls/base.py'> (None:None) 'oauth/'>], [<URLResolver <module 'sentry.urls.base' from '/home/ymane/Téléchargements/projet_complet_easytrans_et_git/EASYTRANS/sentry/urls/base.py'> (None:None) 'sentry/'>], [<URLResolver <module 'website.urls.base' from '/home/ymane/Téléchargements/projet_complet_easytrans_et_git/EASYTRANS/website/urls/base.py'> (None:None) ''>, <URLResolver <module 'website.urls.frontspace' from '/home/ymane/Téléchargements/projet_complet_easytrans_et_git/EASYTRANS/website/urls/frontspace.py'> (None:None) '^'>, <URLPattern '' [name='frontspace']>], [<URLResolver <module 'website.urls.base' from '/home/ymane/Téléchargements/projet_complet_easytrans_et_git/EASYTRANS/website/urls/base.py'> (None:None) ''>, <URLResolver <module 'website.urls.frontspace' from '/home/ymane/Téléchargements/projet_complet_easytrans_et_git/EASYTRANS/website/urls/frontspace.py'> (None:None) '^'>, <URLPattern 'ajax/load-lieu_depart/' [name='ajax_load_lieu_depart']>], [<URLResolver <module 'website.urls.base' from '/home/ymane/Téléchargements/projet_complet_easytrans_et_git/EASYTRANS/website/urls/base.py'> (None:None) ''>, <URLResolver <module 'website.urls.frontspace' from '/home/ymane/Téléchargements/projet_complet_easytrans_et_git/EASYTRANS/website/urls/frontspace.py'> (None:None) '^'>, <URLPattern 'ajax/load-destination/' [name='ajax_load_destination']>], [<URLResolver <module 'website.urls.base' from '/home/ymane/Téléchargements/projet_complet_easytrans_et_git/EASYTRANS/website/urls/base.py'> (None:None) ''>, <URLResolver <module 'website.urls.frontspace' from '/home/ymane/Téléchargements/projet_complet_easytrans_et_git/EASYTRANS/website/urls/frontspace.py'> (None:None) '^'>, <URLPattern '^media/(?P<path>.*)$'>], [<URLResolver <module 'website.urls.base' from '/home/ymane/Téléchargements/projet_complet_easytrans_et_git/EASYTRANS/website/urls/base.py'> (None:None) ''>, <URLResolver <module 'website.urls.frontspace' from '/home/ymane/Téléchargements/projet_complet_easytrans_et_git/EASYTRANS/website/urls/frontspace.py'> (None:None) '^'>, <URLPattern '^static/(?P<path>.*)$'>], [<URLResolver <module 'website.urls.base' from '/home/ymane/Téléchargements/projet_complet_easytrans_et_git/EASYTRANS/website/urls/base.py'> (None:None) ''>, <URLResolver <module 'website.urls.waiting_page' from '/home/ymane/Téléchargements/projet_complet_easytrans_et_git/EASYTRANS/website/urls/waiting_page.py'> (None:None) 'wait/'>], [<URLResolver <module 'website.urls.base' from '/home/ymane/Téléchargements/projet_complet_easytrans_et_git/EASYTRANS/website/urls/base.py'> (None:None) ''>, <URLResolver <module 'website.urls.payement_state' from '/home/ymane/Téléchargements/projet_complet_easytrans_et_git/EASYTRANS/website/urls/payement_state.py'> (None:None) 'payement_state/'>], [<URLResolver <module 'website.urls.base' from '/home/ymane/Téléchargements/projet_complet_easytrans_et_git/EASYTRANS/website/urls/base.py'> (None:None) ''>, <URLResolver <module 'website.urls.userspace' from '/home/ymane/Téléchargements/projet_complet_easytrans_et_git/EASYTRANS/website/urls/userspace.py'> (None:None) 'back-office/'>], [<URLResolver <module 'website.urls.base' from '/home/ymane/Téléchargements/projet_complet_easytrans_et_git/EASYTRANS/website/urls/base.py'> (None:None) ''>, <URLPattern '^media/(?P<path>.*)$'>], [<URLPattern '^media/(?P<path>.*)$'>], [<URLPattern '^static/(?P<path>.*)$'>]], 'path': 'website/front/js/main.js'}

During handling of the above exception, another exception occurred:

Traceback (most recent call last):
  File "/home/ymane/.local/lib/python3.8/site-packages/django/template/base.py", line 828, in _resolve_lookup
    current = current[bit]
TypeError: 'URLResolver' object is not subscriptable

During handling of the above exception, another exception occurred:

Traceback (most recent call last):
  File "/home/ymane/.local/lib/python3.8/site-packages/django/template/base.py", line 836, in _resolve_lookup
    current = getattr(current, bit)
AttributeError: 'URLResolver' object has no attribute 'name'

During handling of the above exception, another exception occurred:

Traceback (most recent call last):
  File "/home/ymane/.local/lib/python3.8/site-packages/django/template/base.py", line 842, in _resolve_lookup
    current = current[int(bit)]
ValueError: invalid literal for int() with base 10: 'name'

During handling of the above exception, another exception occurred:

Traceback (most recent call last):
  File "/home/ymane/.local/lib/python3.8/site-packages/django/template/base.py", line 847, in _resolve_lookup
    raise VariableDoesNotExist("Failed lookup for key "
django.template.base.VariableDoesNotExist: Failed lookup for key [name] in <URLResolver <module 'website.urls.payement_state' from '/home/ymane/Téléchargements/projet_complet_easytrans_et_git/EASYTRANS/website/urls/payement_state.py'> (None:None) 'payement_state/'>
[ DEBUG ][ 2022-06-16 23:08:43,451 ][ base ] ==> Exception while resolving variable 'name' in template 'unknown'.
Traceback (most recent call last):
  File "/home/ymane/.local/lib/python3.8/site-packages/django/core/handlers/exception.py", line 34, in inner
    response = get_response(request)
  File "/home/ymane/.local/lib/python3.8/site-packages/django/core/handlers/base.py", line 100, in _get_response
    resolver_match = resolver.resolve(request.path_info)
  File "/home/ymane/.local/lib/python3.8/site-packages/django/urls/resolvers.py", line 575, in resolve
    raise Resolver404({'tried': tried, 'path': new_path})
django.urls.exceptions.Resolver404: {'tried': [[<URLResolver <URLPattern list> (admin:admin) 'admin-back-office/'>], [<URLResolver <module 'api.urls.base' from '/home/ymane/Téléchargements/projet_complet_easytrans_et_git/EASYTRANS/api/urls/base.py'> (None:None) 'api/v1/'>], [<URLResolver <module 'django.conf.urls.i18n' from '/home/ymane/.local/lib/python3.8/site-packages/django/conf/urls/i18n.py'> (None:None) 'i18n/'>], [<URLResolver <module 'session_security.urls' from '/home/ymane/Téléchargements/projet_complet_easytrans_et_git/EASYTRANS/session_security/urls.py'> (None:None) 'session_security/'>], [<URLResolver <module 'oauth.urls.base' from '/home/ymane/Téléchargements/projet_complet_easytrans_et_git/EASYTRANS/oauth/urls/base.py'> (None:None) 'oauth/'>], [<URLResolver <module 'sentry.urls.base' from '/home/ymane/Téléchargements/projet_complet_easytrans_et_git/EASYTRANS/sentry/urls/base.py'> (None:None) 'sentry/'>], [<URLResolver <module 'website.urls.base' from '/home/ymane/Téléchargements/projet_complet_easytrans_et_git/EASYTRANS/website/urls/base.py'> (None:None) ''>, <URLResolver <module 'website.urls.frontspace' from '/home/ymane/Téléchargements/projet_complet_easytrans_et_git/EASYTRANS/website/urls/frontspace.py'> (None:None) '^'>, <URLPattern '' [name='frontspace']>], [<URLResolver <module 'website.urls.base' from '/home/ymane/Téléchargements/projet_complet_easytrans_et_git/EASYTRANS/website/urls/base.py'> (None:None) ''>, <URLResolver <module 'website.urls.frontspace' from '/home/ymane/Téléchargements/projet_complet_easytrans_et_git/EASYTRANS/website/urls/frontspace.py'> (None:None) '^'>, <URLPattern 'ajax/load-lieu_depart/' [name='ajax_load_lieu_depart']>], [<URLResolver <module 'website.urls.base' from '/home/ymane/Téléchargements/projet_complet_easytrans_et_git/EASYTRANS/website/urls/base.py'> (None:None) ''>, <URLResolver <module 'website.urls.frontspace' from '/home/ymane/Téléchargements/projet_complet_easytrans_et_git/EASYTRANS/website/urls/frontspace.py'> (None:None) '^'>, <URLPattern 'ajax/load-destination/' [name='ajax_load_destination']>], [<URLResolver <module 'website.urls.base' from '/home/ymane/Téléchargements/projet_complet_easytrans_et_git/EASYTRANS/website/urls/base.py'> (None:None) ''>, <URLResolver <module 'website.urls.frontspace' from '/home/ymane/Téléchargements/projet_complet_easytrans_et_git/EASYTRANS/website/urls/frontspace.py'> (None:None) '^'>, <URLPattern '^media/(?P<path>.*)$'>], [<URLResolver <module 'website.urls.base' from '/home/ymane/Téléchargements/projet_complet_easytrans_et_git/EASYTRANS/website/urls/base.py'> (None:None) ''>, <URLResolver <module 'website.urls.frontspace' from '/home/ymane/Téléchargements/projet_complet_easytrans_et_git/EASYTRANS/website/urls/frontspace.py'> (None:None) '^'>, <URLPattern '^static/(?P<path>.*)$'>], [<URLResolver <module 'website.urls.base' from '/home/ymane/Téléchargements/projet_complet_easytrans_et_git/EASYTRANS/website/urls/base.py'> (None:None) ''>, <URLResolver <module 'website.urls.waiting_page' from '/home/ymane/Téléchargements/projet_complet_easytrans_et_git/EASYTRANS/website/urls/waiting_page.py'> (None:None) 'wait/'>], [<URLResolver <module 'website.urls.base' from '/home/ymane/Téléchargements/projet_complet_easytrans_et_git/EASYTRANS/website/urls/base.py'> (None:None) ''>, <URLResolver <module 'website.urls.payement_state' from '/home/ymane/Téléchargements/projet_complet_easytrans_et_git/EASYTRANS/website/urls/payement_state.py'> (None:None) 'payement_state/'>], [<URLResolver <module 'website.urls.base' from '/home/ymane/Téléchargements/projet_complet_easytrans_et_git/EASYTRANS/website/urls/base.py'> (None:None) ''>, <URLResolver <module 'website.urls.userspace' from '/home/ymane/Téléchargements/projet_complet_easytrans_et_git/EASYTRANS/website/urls/userspace.py'> (None:None) 'back-office/'>], [<URLResolver <module 'website.urls.base' from '/home/ymane/Téléchargements/projet_complet_easytrans_et_git/EASYTRANS/website/urls/base.py'> (None:None) ''>, <URLPattern '^media/(?P<path>.*)$'>], [<URLPattern '^media/(?P<path>.*)$'>], [<URLPattern '^static/(?P<path>.*)$'>]], 'path': 'website/front/js/main.js'}

During handling of the above exception, another exception occurred:

Traceback (most recent call last):
  File "/home/ymane/.local/lib/python3.8/site-packages/django/template/base.py", line 828, in _resolve_lookup
    current = current[bit]
TypeError: 'URLResolver' object is not subscriptable

During handling of the above exception, another exception occurred:

Traceback (most recent call last):
  File "/home/ymane/.local/lib/python3.8/site-packages/django/template/base.py", line 836, in _resolve_lookup
    current = getattr(current, bit)
AttributeError: 'URLResolver' object has no attribute 'name'

During handling of the above exception, another exception occurred:

Traceback (most recent call last):
  File "/home/ymane/.local/lib/python3.8/site-packages/django/template/base.py", line 842, in _resolve_lookup
    current = current[int(bit)]
ValueError: invalid literal for int() with base 10: 'name'

During handling of the above exception, another exception occurred:

Traceback (most recent call last):
  File "/home/ymane/.local/lib/python3.8/site-packages/django/template/base.py", line 847, in _resolve_lookup
    raise VariableDoesNotExist("Failed lookup for key "
django.template.base.VariableDoesNotExist: Failed lookup for key [name] in <URLResolver <module 'website.urls.userspace' from '/home/ymane/Téléchargements/projet_complet_easytrans_et_git/EASYTRANS/website/urls/userspace.py'> (None:None) 'back-office/'>
[ DEBUG ][ 2022-06-16 23:08:43,746 ][ base ] ==> Exception while resolving variable 'name' in template 'unknown'.
Traceback (most recent call last):
  File "/home/ymane/.local/lib/python3.8/site-packages/django/core/handlers/exception.py", line 34, in inner
    response = get_response(request)
  File "/home/ymane/.local/lib/python3.8/site-packages/django/core/handlers/base.py", line 100, in _get_response
    resolver_match = resolver.resolve(request.path_info)
  File "/home/ymane/.local/lib/python3.8/site-packages/django/urls/resolvers.py", line 575, in resolve
    raise Resolver404({'tried': tried, 'path': new_path})
django.urls.exceptions.Resolver404: {'tried': [[<URLResolver <URLPattern list> (admin:admin) 'admin-back-office/'>], [<URLResolver <module 'api.urls.base' from '/home/ymane/Téléchargements/projet_complet_easytrans_et_git/EASYTRANS/api/urls/base.py'> (None:None) 'api/v1/'>], [<URLResolver <module 'django.conf.urls.i18n' from '/home/ymane/.local/lib/python3.8/site-packages/django/conf/urls/i18n.py'> (None:None) 'i18n/'>], [<URLResolver <module 'session_security.urls' from '/home/ymane/Téléchargements/projet_complet_easytrans_et_git/EASYTRANS/session_security/urls.py'> (None:None) 'session_security/'>], [<URLResolver <module 'oauth.urls.base' from '/home/ymane/Téléchargements/projet_complet_easytrans_et_git/EASYTRANS/oauth/urls/base.py'> (None:None) 'oauth/'>], [<URLResolver <module 'sentry.urls.base' from '/home/ymane/Téléchargements/projet_complet_easytrans_et_git/EASYTRANS/sentry/urls/base.py'> (None:None) 'sentry/'>], [<URLResolver <module 'website.urls.base' from '/home/ymane/Téléchargements/projet_complet_easytrans_et_git/EASYTRANS/website/urls/base.py'> (None:None) ''>, <URLResolver <module 'website.urls.frontspace' from '/home/ymane/Téléchargements/projet_complet_easytrans_et_git/EASYTRANS/website/urls/frontspace.py'> (None:None) '^'>, <URLPattern '' [name='frontspace']>], [<URLResolver <module 'website.urls.base' from '/home/ymane/Téléchargements/projet_complet_easytrans_et_git/EASYTRANS/website/urls/base.py'> (None:None) ''>, <URLResolver <module 'website.urls.frontspace' from '/home/ymane/Téléchargements/projet_complet_easytrans_et_git/EASYTRANS/website/urls/frontspace.py'> (None:None) '^'>, <URLPattern 'ajax/load-lieu_depart/' [name='ajax_load_lieu_depart']>], [<URLResolver <module 'website.urls.base' from '/home/ymane/Téléchargements/projet_complet_easytrans_et_git/EASYTRANS/website/urls/base.py'> (None:None) ''>, <URLResolver <module 'website.urls.frontspace' from '/home/ymane/Téléchargements/projet_complet_easytrans_et_git/EASYTRANS/website/urls/frontspace.py'> (None:None) '^'>, <URLPattern 'ajax/load-destination/' [name='ajax_load_destination']>], [<URLResolver <module 'website.urls.base' from '/home/ymane/Téléchargements/projet_complet_easytrans_et_git/EASYTRANS/website/urls/base.py'> (None:None) ''>, <URLResolver <module 'website.urls.frontspace' from '/home/ymane/Téléchargements/projet_complet_easytrans_et_git/EASYTRANS/website/urls/frontspace.py'> (None:None) '^'>, <URLPattern '^media/(?P<path>.*)$'>], [<URLResolver <module 'website.urls.base' from '/home/ymane/Téléchargements/projet_complet_easytrans_et_git/EASYTRANS/website/urls/base.py'> (None:None) ''>, <URLResolver <module 'website.urls.frontspace' from '/home/ymane/Téléchargements/projet_complet_easytrans_et_git/EASYTRANS/website/urls/frontspace.py'> (None:None) '^'>, <URLPattern '^static/(?P<path>.*)$'>], [<URLResolver <module 'website.urls.base' from '/home/ymane/Téléchargements/projet_complet_easytrans_et_git/EASYTRANS/website/urls/base.py'> (None:None) ''>, <URLResolver <module 'website.urls.waiting_page' from '/home/ymane/Téléchargements/projet_complet_easytrans_et_git/EASYTRANS/website/urls/waiting_page.py'> (None:None) 'wait/'>], [<URLResolver <module 'website.urls.base' from '/home/ymane/Téléchargements/projet_complet_easytrans_et_git/EASYTRANS/website/urls/base.py'> (None:None) ''>, <URLResolver <module 'website.urls.payement_state' from '/home/ymane/Téléchargements/projet_complet_easytrans_et_git/EASYTRANS/website/urls/payement_state.py'> (None:None) 'payement_state/'>], [<URLResolver <module 'website.urls.base' from '/home/ymane/Téléchargements/projet_complet_easytrans_et_git/EASYTRANS/website/urls/base.py'> (None:None) ''>, <URLResolver <module 'website.urls.userspace' from '/home/ymane/Téléchargements/projet_complet_easytrans_et_git/EASYTRANS/website/urls/userspace.py'> (None:None) 'back-office/'>], [<URLResolver <module 'website.urls.base' from '/home/ymane/Téléchargements/projet_complet_easytrans_et_git/EASYTRANS/website/urls/base.py'> (None:None) ''>, <URLPattern '^media/(?P<path>.*)$'>], [<URLPattern '^media/(?P<path>.*)$'>], [<URLPattern '^static/(?P<path>.*)$'>]], 'path': 'favicon.ico'}

During handling of the above exception, another exception occurred:

Traceback (most recent call last):
  File "/home/ymane/.local/lib/python3.8/site-packages/django/template/base.py", line 828, in _resolve_lookup
    current = current[bit]
TypeError: 'URLResolver' object is not subscriptable

During handling of the above exception, another exception occurred:

Traceback (most recent call last):
  File "/home/ymane/.local/lib/python3.8/site-packages/django/template/base.py", line 836, in _resolve_lookup
    current = getattr(current, bit)
AttributeError: 'URLResolver' object has no attribute 'name'

During handling of the above exception, another exception occurred:

Traceback (most recent call last):
  File "/home/ymane/.local/lib/python3.8/site-packages/django/template/base.py", line 842, in _resolve_lookup
    current = current[int(bit)]
ValueError: invalid literal for int() with base 10: 'name'

During handling of the above exception, another exception occurred:

Traceback (most recent call last):
  File "/home/ymane/.local/lib/python3.8/site-packages/django/template/base.py", line 847, in _resolve_lookup
    raise VariableDoesNotExist("Failed lookup for key "
django.template.base.VariableDoesNotExist: Failed lookup for key [name] in <URLResolver <URLPattern list> (admin:admin) 'admin-back-office/'>
[ DEBUG ][ 2022-06-16 23:08:43,747 ][ base ] ==> Exception while resolving variable 'name' in template 'unknown'.
Traceback (most recent call last):
  File "/home/ymane/.local/lib/python3.8/site-packages/django/core/handlers/exception.py", line 34, in inner
    response = get_response(request)
  File "/home/ymane/.local/lib/python3.8/site-packages/django/core/handlers/base.py", line 100, in _get_response
    resolver_match = resolver.resolve(request.path_info)
  File "/home/ymane/.local/lib/python3.8/site-packages/django/urls/resolvers.py", line 575, in resolve
    raise Resolver404({'tried': tried, 'path': new_path})
django.urls.exceptions.Resolver404: {'tried': [[<URLResolver <URLPattern list> (admin:admin) 'admin-back-office/'>], [<URLResolver <module 'api.urls.base' from '/home/ymane/Téléchargements/projet_complet_easytrans_et_git/EASYTRANS/api/urls/base.py'> (None:None) 'api/v1/'>], [<URLResolver <module 'django.conf.urls.i18n' from '/home/ymane/.local/lib/python3.8/site-packages/django/conf/urls/i18n.py'> (None:None) 'i18n/'>], [<URLResolver <module 'session_security.urls' from '/home/ymane/Téléchargements/projet_complet_easytrans_et_git/EASYTRANS/session_security/urls.py'> (None:None) 'session_security/'>], [<URLResolver <module 'oauth.urls.base' from '/home/ymane/Téléchargements/projet_complet_easytrans_et_git/EASYTRANS/oauth/urls/base.py'> (None:None) 'oauth/'>], [<URLResolver <module 'sentry.urls.base' from '/home/ymane/Téléchargements/projet_complet_easytrans_et_git/EASYTRANS/sentry/urls/base.py'> (None:None) 'sentry/'>], [<URLResolver <module 'website.urls.base' from '/home/ymane/Téléchargements/projet_complet_easytrans_et_git/EASYTRANS/website/urls/base.py'> (None:None) ''>, <URLResolver <module 'website.urls.frontspace' from '/home/ymane/Téléchargements/projet_complet_easytrans_et_git/EASYTRANS/website/urls/frontspace.py'> (None:None) '^'>, <URLPattern '' [name='frontspace']>], [<URLResolver <module 'website.urls.base' from '/home/ymane/Téléchargements/projet_complet_easytrans_et_git/EASYTRANS/website/urls/base.py'> (None:None) ''>, <URLResolver <module 'website.urls.frontspace' from '/home/ymane/Téléchargements/projet_complet_easytrans_et_git/EASYTRANS/website/urls/frontspace.py'> (None:None) '^'>, <URLPattern 'ajax/load-lieu_depart/' [name='ajax_load_lieu_depart']>], [<URLResolver <module 'website.urls.base' from '/home/ymane/Téléchargements/projet_complet_easytrans_et_git/EASYTRANS/website/urls/base.py'> (None:None) ''>, <URLResolver <module 'website.urls.frontspace' from '/home/ymane/Téléchargements/projet_complet_easytrans_et_git/EASYTRANS/website/urls/frontspace.py'> (None:None) '^'>, <URLPattern 'ajax/load-destination/' [name='ajax_load_destination']>], [<URLResolver <module 'website.urls.base' from '/home/ymane/Téléchargements/projet_complet_easytrans_et_git/EASYTRANS/website/urls/base.py'> (None:None) ''>, <URLResolver <module 'website.urls.frontspace' from '/home/ymane/Téléchargements/projet_complet_easytrans_et_git/EASYTRANS/website/urls/frontspace.py'> (None:None) '^'>, <URLPattern '^media/(?P<path>.*)$'>], [<URLResolver <module 'website.urls.base' from '/home/ymane/Téléchargements/projet_complet_easytrans_et_git/EASYTRANS/website/urls/base.py'> (None:None) ''>, <URLResolver <module 'website.urls.frontspace' from '/home/ymane/Téléchargements/projet_complet_easytrans_et_git/EASYTRANS/website/urls/frontspace.py'> (None:None) '^'>, <URLPattern '^static/(?P<path>.*)$'>], [<URLResolver <module 'website.urls.base' from '/home/ymane/Téléchargements/projet_complet_easytrans_et_git/EASYTRANS/website/urls/base.py'> (None:None) ''>, <URLResolver <module 'website.urls.waiting_page' from '/home/ymane/Téléchargements/projet_complet_easytrans_et_git/EASYTRANS/website/urls/waiting_page.py'> (None:None) 'wait/'>], [<URLResolver <module 'website.urls.base' from '/home/ymane/Téléchargements/projet_complet_easytrans_et_git/EASYTRANS/website/urls/base.py'> (None:None) ''>, <URLResolver <module 'website.urls.payement_state' from '/home/ymane/Téléchargements/projet_complet_easytrans_et_git/EASYTRANS/website/urls/payement_state.py'> (None:None) 'payement_state/'>], [<URLResolver <module 'website.urls.base' from '/home/ymane/Téléchargements/projet_complet_easytrans_et_git/EASYTRANS/website/urls/base.py'> (None:None) ''>, <URLResolver <module 'website.urls.userspace' from '/home/ymane/Téléchargements/projet_complet_easytrans_et_git/EASYTRANS/website/urls/userspace.py'> (None:None) 'back-office/'>], [<URLResolver <module 'website.urls.base' from '/home/ymane/Téléchargements/projet_complet_easytrans_et_git/EASYTRANS/website/urls/base.py'> (None:None) ''>, <URLPattern '^media/(?P<path>.*)$'>], [<URLPattern '^media/(?P<path>.*)$'>], [<URLPattern '^static/(?P<path>.*)$'>]], 'path': 'favicon.ico'}

During handling of the above exception, another exception occurred:

Traceback (most recent call last):
  File "/home/ymane/.local/lib/python3.8/site-packages/django/template/base.py", line 828, in _resolve_lookup
    current = current[bit]
TypeError: 'URLResolver' object is not subscriptable

During handling of the above exception, another exception occurred:

Traceback (most recent call last):
  File "/home/ymane/.local/lib/python3.8/site-packages/django/template/base.py", line 836, in _resolve_lookup
    current = getattr(current, bit)
AttributeError: 'URLResolver' object has no attribute 'name'

During handling of the above exception, another exception occurred:

Traceback (most recent call last):
  File "/home/ymane/.local/lib/python3.8/site-packages/django/template/base.py", line 842, in _resolve_lookup
    current = current[int(bit)]
ValueError: invalid literal for int() with base 10: 'name'

During handling of the above exception, another exception occurred:

Traceback (most recent call last):
  File "/home/ymane/.local/lib/python3.8/site-packages/django/template/base.py", line 847, in _resolve_lookup
    raise VariableDoesNotExist("Failed lookup for key "
django.template.base.VariableDoesNotExist: Failed lookup for key [name] in <URLResolver <module 'api.urls.base' from '/home/ymane/Téléchargements/projet_complet_easytrans_et_git/EASYTRANS/api/urls/base.py'> (None:None) 'api/v1/'>
[ DEBUG ][ 2022-06-16 23:08:43,748 ][ base ] ==> Exception while resolving variable 'name' in template 'unknown'.
Traceback (most recent call last):
  File "/home/ymane/.local/lib/python3.8/site-packages/django/core/handlers/exception.py", line 34, in inner
    response = get_response(request)
  File "/home/ymane/.local/lib/python3.8/site-packages/django/core/handlers/base.py", line 100, in _get_response
    resolver_match = resolver.resolve(request.path_info)
  File "/home/ymane/.local/lib/python3.8/site-packages/django/urls/resolvers.py", line 575, in resolve
    raise Resolver404({'tried': tried, 'path': new_path})
django.urls.exceptions.Resolver404: {'tried': [[<URLResolver <URLPattern list> (admin:admin) 'admin-back-office/'>], [<URLResolver <module 'api.urls.base' from '/home/ymane/Téléchargements/projet_complet_easytrans_et_git/EASYTRANS/api/urls/base.py'> (None:None) 'api/v1/'>], [<URLResolver <module 'django.conf.urls.i18n' from '/home/ymane/.local/lib/python3.8/site-packages/django/conf/urls/i18n.py'> (None:None) 'i18n/'>], [<URLResolver <module 'session_security.urls' from '/home/ymane/Téléchargements/projet_complet_easytrans_et_git/EASYTRANS/session_security/urls.py'> (None:None) 'session_security/'>], [<URLResolver <module 'oauth.urls.base' from '/home/ymane/Téléchargements/projet_complet_easytrans_et_git/EASYTRANS/oauth/urls/base.py'> (None:None) 'oauth/'>], [<URLResolver <module 'sentry.urls.base' from '/home/ymane/Téléchargements/projet_complet_easytrans_et_git/EASYTRANS/sentry/urls/base.py'> (None:None) 'sentry/'>], [<URLResolver <module 'website.urls.base' from '/home/ymane/Téléchargements/projet_complet_easytrans_et_git/EASYTRANS/website/urls/base.py'> (None:None) ''>, <URLResolver <module 'website.urls.frontspace' from '/home/ymane/Téléchargements/projet_complet_easytrans_et_git/EASYTRANS/website/urls/frontspace.py'> (None:None) '^'>, <URLPattern '' [name='frontspace']>], [<URLResolver <module 'website.urls.base' from '/home/ymane/Téléchargements/projet_complet_easytrans_et_git/EASYTRANS/website/urls/base.py'> (None:None) ''>, <URLResolver <module 'website.urls.frontspace' from '/home/ymane/Téléchargements/projet_complet_easytrans_et_git/EASYTRANS/website/urls/frontspace.py'> (None:None) '^'>, <URLPattern 'ajax/load-lieu_depart/' [name='ajax_load_lieu_depart']>], [<URLResolver <module 'website.urls.base' from '/home/ymane/Téléchargements/projet_complet_easytrans_et_git/EASYTRANS/website/urls/base.py'> (None:None) ''>, <URLResolver <module 'website.urls.frontspace' from '/home/ymane/Téléchargements/projet_complet_easytrans_et_git/EASYTRANS/website/urls/frontspace.py'> (None:None) '^'>, <URLPattern 'ajax/load-destination/' [name='ajax_load_destination']>], [<URLResolver <module 'website.urls.base' from '/home/ymane/Téléchargements/projet_complet_easytrans_et_git/EASYTRANS/website/urls/base.py'> (None:None) ''>, <URLResolver <module 'website.urls.frontspace' from '/home/ymane/Téléchargements/projet_complet_easytrans_et_git/EASYTRANS/website/urls/frontspace.py'> (None:None) '^'>, <URLPattern '^media/(?P<path>.*)$'>], [<URLResolver <module 'website.urls.base' from '/home/ymane/Téléchargements/projet_complet_easytrans_et_git/EASYTRANS/website/urls/base.py'> (None:None) ''>, <URLResolver <module 'website.urls.frontspace' from '/home/ymane/Téléchargements/projet_complet_easytrans_et_git/EASYTRANS/website/urls/frontspace.py'> (None:None) '^'>, <URLPattern '^static/(?P<path>.*)$'>], [<URLResolver <module 'website.urls.base' from '/home/ymane/Téléchargements/projet_complet_easytrans_et_git/EASYTRANS/website/urls/base.py'> (None:None) ''>, <URLResolver <module 'website.urls.waiting_page' from '/home/ymane/Téléchargements/projet_complet_easytrans_et_git/EASYTRANS/website/urls/waiting_page.py'> (None:None) 'wait/'>], [<URLResolver <module 'website.urls.base' from '/home/ymane/Téléchargements/projet_complet_easytrans_et_git/EASYTRANS/website/urls/base.py'> (None:None) ''>, <URLResolver <module 'website.urls.payement_state' from '/home/ymane/Téléchargements/projet_complet_easytrans_et_git/EASYTRANS/website/urls/payement_state.py'> (None:None) 'payement_state/'>], [<URLResolver <module 'website.urls.base' from '/home/ymane/Téléchargements/projet_complet_easytrans_et_git/EASYTRANS/website/urls/base.py'> (None:None) ''>, <URLResolver <module 'website.urls.userspace' from '/home/ymane/Téléchargements/projet_complet_easytrans_et_git/EASYTRANS/website/urls/userspace.py'> (None:None) 'back-office/'>], [<URLResolver <module 'website.urls.base' from '/home/ymane/Téléchargements/projet_complet_easytrans_et_git/EASYTRANS/website/urls/base.py'> (None:None) ''>, <URLPattern '^media/(?P<path>.*)$'>], [<URLPattern '^media/(?P<path>.*)$'>], [<URLPattern '^static/(?P<path>.*)$'>]], 'path': 'favicon.ico'}

During handling of the above exception, another exception occurred:

Traceback (most recent call last):
  File "/home/ymane/.local/lib/python3.8/site-packages/django/template/base.py", line 828, in _resolve_lookup
    current = current[bit]
TypeError: 'URLResolver' object is not subscriptable

During handling of the above exception, another exception occurred:

Traceback (most recent call last):
  File "/home/ymane/.local/lib/python3.8/site-packages/django/template/base.py", line 836, in _resolve_lookup
    current = getattr(current, bit)
AttributeError: 'URLResolver' object has no attribute 'name'

During handling of the above exception, another exception occurred:

Traceback (most recent call last):
  File "/home/ymane/.local/lib/python3.8/site-packages/django/template/base.py", line 842, in _resolve_lookup
    current = current[int(bit)]
ValueError: invalid literal for int() with base 10: 'name'

During handling of the above exception, another exception occurred:

Traceback (most recent call last):
  File "/home/ymane/.local/lib/python3.8/site-packages/django/template/base.py", line 847, in _resolve_lookup
    raise VariableDoesNotExist("Failed lookup for key "
django.template.base.VariableDoesNotExist: Failed lookup for key [name] in <URLResolver <module 'django.conf.urls.i18n' from '/home/ymane/.local/lib/python3.8/site-packages/django/conf/urls/i18n.py'> (None:None) 'i18n/'>
[ DEBUG ][ 2022-06-16 23:08:43,749 ][ base ] ==> Exception while resolving variable 'name' in template 'unknown'.
Traceback (most recent call last):
  File "/home/ymane/.local/lib/python3.8/site-packages/django/core/handlers/exception.py", line 34, in inner
    response = get_response(request)
  File "/home/ymane/.local/lib/python3.8/site-packages/django/core/handlers/base.py", line 100, in _get_response
    resolver_match = resolver.resolve(request.path_info)
  File "/home/ymane/.local/lib/python3.8/site-packages/django/urls/resolvers.py", line 575, in resolve
    raise Resolver404({'tried': tried, 'path': new_path})
django.urls.exceptions.Resolver404: {'tried': [[<URLResolver <URLPattern list> (admin:admin) 'admin-back-office/'>], [<URLResolver <module 'api.urls.base' from '/home/ymane/Téléchargements/projet_complet_easytrans_et_git/EASYTRANS/api/urls/base.py'> (None:None) 'api/v1/'>], [<URLResolver <module 'django.conf.urls.i18n' from '/home/ymane/.local/lib/python3.8/site-packages/django/conf/urls/i18n.py'> (None:None) 'i18n/'>], [<URLResolver <module 'session_security.urls' from '/home/ymane/Téléchargements/projet_complet_easytrans_et_git/EASYTRANS/session_security/urls.py'> (None:None) 'session_security/'>], [<URLResolver <module 'oauth.urls.base' from '/home/ymane/Téléchargements/projet_complet_easytrans_et_git/EASYTRANS/oauth/urls/base.py'> (None:None) 'oauth/'>], [<URLResolver <module 'sentry.urls.base' from '/home/ymane/Téléchargements/projet_complet_easytrans_et_git/EASYTRANS/sentry/urls/base.py'> (None:None) 'sentry/'>], [<URLResolver <module 'website.urls.base' from '/home/ymane/Téléchargements/projet_complet_easytrans_et_git/EASYTRANS/website/urls/base.py'> (None:None) ''>, <URLResolver <module 'website.urls.frontspace' from '/home/ymane/Téléchargements/projet_complet_easytrans_et_git/EASYTRANS/website/urls/frontspace.py'> (None:None) '^'>, <URLPattern '' [name='frontspace']>], [<URLResolver <module 'website.urls.base' from '/home/ymane/Téléchargements/projet_complet_easytrans_et_git/EASYTRANS/website/urls/base.py'> (None:None) ''>, <URLResolver <module 'website.urls.frontspace' from '/home/ymane/Téléchargements/projet_complet_easytrans_et_git/EASYTRANS/website/urls/frontspace.py'> (None:None) '^'>, <URLPattern 'ajax/load-lieu_depart/' [name='ajax_load_lieu_depart']>], [<URLResolver <module 'website.urls.base' from '/home/ymane/Téléchargements/projet_complet_easytrans_et_git/EASYTRANS/website/urls/base.py'> (None:None) ''>, <URLResolver <module 'website.urls.frontspace' from '/home/ymane/Téléchargements/projet_complet_easytrans_et_git/EASYTRANS/website/urls/frontspace.py'> (None:None) '^'>, <URLPattern 'ajax/load-destination/' [name='ajax_load_destination']>], [<URLResolver <module 'website.urls.base' from '/home/ymane/Téléchargements/projet_complet_easytrans_et_git/EASYTRANS/website/urls/base.py'> (None:None) ''>, <URLResolver <module 'website.urls.frontspace' from '/home/ymane/Téléchargements/projet_complet_easytrans_et_git/EASYTRANS/website/urls/frontspace.py'> (None:None) '^'>, <URLPattern '^media/(?P<path>.*)$'>], [<URLResolver <module 'website.urls.base' from '/home/ymane/Téléchargements/projet_complet_easytrans_et_git/EASYTRANS/website/urls/base.py'> (None:None) ''>, <URLResolver <module 'website.urls.frontspace' from '/home/ymane/Téléchargements/projet_complet_easytrans_et_git/EASYTRANS/website/urls/frontspace.py'> (None:None) '^'>, <URLPattern '^static/(?P<path>.*)$'>], [<URLResolver <module 'website.urls.base' from '/home/ymane/Téléchargements/projet_complet_easytrans_et_git/EASYTRANS/website/urls/base.py'> (None:None) ''>, <URLResolver <module 'website.urls.waiting_page' from '/home/ymane/Téléchargements/projet_complet_easytrans_et_git/EASYTRANS/website/urls/waiting_page.py'> (None:None) 'wait/'>], [<URLResolver <module 'website.urls.base' from '/home/ymane/Téléchargements/projet_complet_easytrans_et_git/EASYTRANS/website/urls/base.py'> (None:None) ''>, <URLResolver <module 'website.urls.payement_state' from '/home/ymane/Téléchargements/projet_complet_easytrans_et_git/EASYTRANS/website/urls/payement_state.py'> (None:None) 'payement_state/'>], [<URLResolver <module 'website.urls.base' from '/home/ymane/Téléchargements/projet_complet_easytrans_et_git/EASYTRANS/website/urls/base.py'> (None:None) ''>, <URLResolver <module 'website.urls.userspace' from '/home/ymane/Téléchargements/projet_complet_easytrans_et_git/EASYTRANS/website/urls/userspace.py'> (None:None) 'back-office/'>], [<URLResolver <module 'website.urls.base' from '/home/ymane/Téléchargements/projet_complet_easytrans_et_git/EASYTRANS/website/urls/base.py'> (None:None) ''>, <URLPattern '^media/(?P<path>.*)$'>], [<URLPattern '^media/(?P<path>.*)$'>], [<URLPattern '^static/(?P<path>.*)$'>]], 'path': 'favicon.ico'}

During handling of the above exception, another exception occurred:

Traceback (most recent call last):
  File "/home/ymane/.local/lib/python3.8/site-packages/django/template/base.py", line 828, in _resolve_lookup
    current = current[bit]
TypeError: 'URLResolver' object is not subscriptable

During handling of the above exception, another exception occurred:

Traceback (most recent call last):
  File "/home/ymane/.local/lib/python3.8/site-packages/django/template/base.py", line 836, in _resolve_lookup
    current = getattr(current, bit)
AttributeError: 'URLResolver' object has no attribute 'name'

During handling of the above exception, another exception occurred:

Traceback (most recent call last):
  File "/home/ymane/.local/lib/python3.8/site-packages/django/template/base.py", line 842, in _resolve_lookup
    current = current[int(bit)]
ValueError: invalid literal for int() with base 10: 'name'

During handling of the above exception, another exception occurred:

Traceback (most recent call last):
  File "/home/ymane/.local/lib/python3.8/site-packages/django/template/base.py", line 847, in _resolve_lookup
    raise VariableDoesNotExist("Failed lookup for key "
django.template.base.VariableDoesNotExist: Failed lookup for key [name] in <URLResolver <module 'session_security.urls' from '/home/ymane/Téléchargements/projet_complet_easytrans_et_git/EASYTRANS/session_security/urls.py'> (None:None) 'session_security/'>
[ DEBUG ][ 2022-06-16 23:08:43,750 ][ base ] ==> Exception while resolving variable 'name' in template 'unknown'.
Traceback (most recent call last):
  File "/home/ymane/.local/lib/python3.8/site-packages/django/core/handlers/exception.py", line 34, in inner
    response = get_response(request)
  File "/home/ymane/.local/lib/python3.8/site-packages/django/core/handlers/base.py", line 100, in _get_response
    resolver_match = resolver.resolve(request.path_info)
  File "/home/ymane/.local/lib/python3.8/site-packages/django/urls/resolvers.py", line 575, in resolve
    raise Resolver404({'tried': tried, 'path': new_path})
django.urls.exceptions.Resolver404: {'tried': [[<URLResolver <URLPattern list> (admin:admin) 'admin-back-office/'>], [<URLResolver <module 'api.urls.base' from '/home/ymane/Téléchargements/projet_complet_easytrans_et_git/EASYTRANS/api/urls/base.py'> (None:None) 'api/v1/'>], [<URLResolver <module 'django.conf.urls.i18n' from '/home/ymane/.local/lib/python3.8/site-packages/django/conf/urls/i18n.py'> (None:None) 'i18n/'>], [<URLResolver <module 'session_security.urls' from '/home/ymane/Téléchargements/projet_complet_easytrans_et_git/EASYTRANS/session_security/urls.py'> (None:None) 'session_security/'>], [<URLResolver <module 'oauth.urls.base' from '/home/ymane/Téléchargements/projet_complet_easytrans_et_git/EASYTRANS/oauth/urls/base.py'> (None:None) 'oauth/'>], [<URLResolver <module 'sentry.urls.base' from '/home/ymane/Téléchargements/projet_complet_easytrans_et_git/EASYTRANS/sentry/urls/base.py'> (None:None) 'sentry/'>], [<URLResolver <module 'website.urls.base' from '/home/ymane/Téléchargements/projet_complet_easytrans_et_git/EASYTRANS/website/urls/base.py'> (None:None) ''>, <URLResolver <module 'website.urls.frontspace' from '/home/ymane/Téléchargements/projet_complet_easytrans_et_git/EASYTRANS/website/urls/frontspace.py'> (None:None) '^'>, <URLPattern '' [name='frontspace']>], [<URLResolver <module 'website.urls.base' from '/home/ymane/Téléchargements/projet_complet_easytrans_et_git/EASYTRANS/website/urls/base.py'> (None:None) ''>, <URLResolver <module 'website.urls.frontspace' from '/home/ymane/Téléchargements/projet_complet_easytrans_et_git/EASYTRANS/website/urls/frontspace.py'> (None:None) '^'>, <URLPattern 'ajax/load-lieu_depart/' [name='ajax_load_lieu_depart']>], [<URLResolver <module 'website.urls.base' from '/home/ymane/Téléchargements/projet_complet_easytrans_et_git/EASYTRANS/website/urls/base.py'> (None:None) ''>, <URLResolver <module 'website.urls.frontspace' from '/home/ymane/Téléchargements/projet_complet_easytrans_et_git/EASYTRANS/website/urls/frontspace.py'> (None:None) '^'>, <URLPattern 'ajax/load-destination/' [name='ajax_load_destination']>], [<URLResolver <module 'website.urls.base' from '/home/ymane/Téléchargements/projet_complet_easytrans_et_git/EASYTRANS/website/urls/base.py'> (None:None) ''>, <URLResolver <module 'website.urls.frontspace' from '/home/ymane/Téléchargements/projet_complet_easytrans_et_git/EASYTRANS/website/urls/frontspace.py'> (None:None) '^'>, <URLPattern '^media/(?P<path>.*)$'>], [<URLResolver <module 'website.urls.base' from '/home/ymane/Téléchargements/projet_complet_easytrans_et_git/EASYTRANS/website/urls/base.py'> (None:None) ''>, <URLResolver <module 'website.urls.frontspace' from '/home/ymane/Téléchargements/projet_complet_easytrans_et_git/EASYTRANS/website/urls/frontspace.py'> (None:None) '^'>, <URLPattern '^static/(?P<path>.*)$'>], [<URLResolver <module 'website.urls.base' from '/home/ymane/Téléchargements/projet_complet_easytrans_et_git/EASYTRANS/website/urls/base.py'> (None:None) ''>, <URLResolver <module 'website.urls.waiting_page' from '/home/ymane/Téléchargements/projet_complet_easytrans_et_git/EASYTRANS/website/urls/waiting_page.py'> (None:None) 'wait/'>], [<URLResolver <module 'website.urls.base' from '/home/ymane/Téléchargements/projet_complet_easytrans_et_git/EASYTRANS/website/urls/base.py'> (None:None) ''>, <URLResolver <module 'website.urls.payement_state' from '/home/ymane/Téléchargements/projet_complet_easytrans_et_git/EASYTRANS/website/urls/payement_state.py'> (None:None) 'payement_state/'>], [<URLResolver <module 'website.urls.base' from '/home/ymane/Téléchargements/projet_complet_easytrans_et_git/EASYTRANS/website/urls/base.py'> (None:None) ''>, <URLResolver <module 'website.urls.userspace' from '/home/ymane/Téléchargements/projet_complet_easytrans_et_git/EASYTRANS/website/urls/userspace.py'> (None:None) 'back-office/'>], [<URLResolver <module 'website.urls.base' from '/home/ymane/Téléchargements/projet_complet_easytrans_et_git/EASYTRANS/website/urls/base.py'> (None:None) ''>, <URLPattern '^media/(?P<path>.*)$'>], [<URLPattern '^media/(?P<path>.*)$'>], [<URLPattern '^static/(?P<path>.*)$'>]], 'path': 'favicon.ico'}

During handling of the above exception, another exception occurred:

Traceback (most recent call last):
  File "/home/ymane/.local/lib/python3.8/site-packages/django/template/base.py", line 828, in _resolve_lookup
    current = current[bit]
TypeError: 'URLResolver' object is not subscriptable

During handling of the above exception, another exception occurred:

Traceback (most recent call last):
  File "/home/ymane/.local/lib/python3.8/site-packages/django/template/base.py", line 836, in _resolve_lookup
    current = getattr(current, bit)
AttributeError: 'URLResolver' object has no attribute 'name'

During handling of the above exception, another exception occurred:

Traceback (most recent call last):
  File "/home/ymane/.local/lib/python3.8/site-packages/django/template/base.py", line 842, in _resolve_lookup
    current = current[int(bit)]
ValueError: invalid literal for int() with base 10: 'name'

During handling of the above exception, another exception occurred:

Traceback (most recent call last):
  File "/home/ymane/.local/lib/python3.8/site-packages/django/template/base.py", line 847, in _resolve_lookup
    raise VariableDoesNotExist("Failed lookup for key "
django.template.base.VariableDoesNotExist: Failed lookup for key [name] in <URLResolver <module 'oauth.urls.base' from '/home/ymane/Téléchargements/projet_complet_easytrans_et_git/EASYTRANS/oauth/urls/base.py'> (None:None) 'oauth/'>
[ DEBUG ][ 2022-06-16 23:08:43,750 ][ base ] ==> Exception while resolving variable 'name' in template 'unknown'.
Traceback (most recent call last):
  File "/home/ymane/.local/lib/python3.8/site-packages/django/core/handlers/exception.py", line 34, in inner
    response = get_response(request)
  File "/home/ymane/.local/lib/python3.8/site-packages/django/core/handlers/base.py", line 100, in _get_response
    resolver_match = resolver.resolve(request.path_info)
  File "/home/ymane/.local/lib/python3.8/site-packages/django/urls/resolvers.py", line 575, in resolve
    raise Resolver404({'tried': tried, 'path': new_path})
django.urls.exceptions.Resolver404: {'tried': [[<URLResolver <URLPattern list> (admin:admin) 'admin-back-office/'>], [<URLResolver <module 'api.urls.base' from '/home/ymane/Téléchargements/projet_complet_easytrans_et_git/EASYTRANS/api/urls/base.py'> (None:None) 'api/v1/'>], [<URLResolver <module 'django.conf.urls.i18n' from '/home/ymane/.local/lib/python3.8/site-packages/django/conf/urls/i18n.py'> (None:None) 'i18n/'>], [<URLResolver <module 'session_security.urls' from '/home/ymane/Téléchargements/projet_complet_easytrans_et_git/EASYTRANS/session_security/urls.py'> (None:None) 'session_security/'>], [<URLResolver <module 'oauth.urls.base' from '/home/ymane/Téléchargements/projet_complet_easytrans_et_git/EASYTRANS/oauth/urls/base.py'> (None:None) 'oauth/'>], [<URLResolver <module 'sentry.urls.base' from '/home/ymane/Téléchargements/projet_complet_easytrans_et_git/EASYTRANS/sentry/urls/base.py'> (None:None) 'sentry/'>], [<URLResolver <module 'website.urls.base' from '/home/ymane/Téléchargements/projet_complet_easytrans_et_git/EASYTRANS/website/urls/base.py'> (None:None) ''>, <URLResolver <module 'website.urls.frontspace' from '/home/ymane/Téléchargements/projet_complet_easytrans_et_git/EASYTRANS/website/urls/frontspace.py'> (None:None) '^'>, <URLPattern '' [name='frontspace']>], [<URLResolver <module 'website.urls.base' from '/home/ymane/Téléchargements/projet_complet_easytrans_et_git/EASYTRANS/website/urls/base.py'> (None:None) ''>, <URLResolver <module 'website.urls.frontspace' from '/home/ymane/Téléchargements/projet_complet_easytrans_et_git/EASYTRANS/website/urls/frontspace.py'> (None:None) '^'>, <URLPattern 'ajax/load-lieu_depart/' [name='ajax_load_lieu_depart']>], [<URLResolver <module 'website.urls.base' from '/home/ymane/Téléchargements/projet_complet_easytrans_et_git/EASYTRANS/website/urls/base.py'> (None:None) ''>, <URLResolver <module 'website.urls.frontspace' from '/home/ymane/Téléchargements/projet_complet_easytrans_et_git/EASYTRANS/website/urls/frontspace.py'> (None:None) '^'>, <URLPattern 'ajax/load-destination/' [name='ajax_load_destination']>], [<URLResolver <module 'website.urls.base' from '/home/ymane/Téléchargements/projet_complet_easytrans_et_git/EASYTRANS/website/urls/base.py'> (None:None) ''>, <URLResolver <module 'website.urls.frontspace' from '/home/ymane/Téléchargements/projet_complet_easytrans_et_git/EASYTRANS/website/urls/frontspace.py'> (None:None) '^'>, <URLPattern '^media/(?P<path>.*)$'>], [<URLResolver <module 'website.urls.base' from '/home/ymane/Téléchargements/projet_complet_easytrans_et_git/EASYTRANS/website/urls/base.py'> (None:None) ''>, <URLResolver <module 'website.urls.frontspace' from '/home/ymane/Téléchargements/projet_complet_easytrans_et_git/EASYTRANS/website/urls/frontspace.py'> (None:None) '^'>, <URLPattern '^static/(?P<path>.*)$'>], [<URLResolver <module 'website.urls.base' from '/home/ymane/Téléchargements/projet_complet_easytrans_et_git/EASYTRANS/website/urls/base.py'> (None:None) ''>, <URLResolver <module 'website.urls.waiting_page' from '/home/ymane/Téléchargements/projet_complet_easytrans_et_git/EASYTRANS/website/urls/waiting_page.py'> (None:None) 'wait/'>], [<URLResolver <module 'website.urls.base' from '/home/ymane/Téléchargements/projet_complet_easytrans_et_git/EASYTRANS/website/urls/base.py'> (None:None) ''>, <URLResolver <module 'website.urls.payement_state' from '/home/ymane/Téléchargements/projet_complet_easytrans_et_git/EASYTRANS/website/urls/payement_state.py'> (None:None) 'payement_state/'>], [<URLResolver <module 'website.urls.base' from '/home/ymane/Téléchargements/projet_complet_easytrans_et_git/EASYTRANS/website/urls/base.py'> (None:None) ''>, <URLResolver <module 'website.urls.userspace' from '/home/ymane/Téléchargements/projet_complet_easytrans_et_git/EASYTRANS/website/urls/userspace.py'> (None:None) 'back-office/'>], [<URLResolver <module 'website.urls.base' from '/home/ymane/Téléchargements/projet_complet_easytrans_et_git/EASYTRANS/website/urls/base.py'> (None:None) ''>, <URLPattern '^media/(?P<path>.*)$'>], [<URLPattern '^media/(?P<path>.*)$'>], [<URLPattern '^static/(?P<path>.*)$'>]], 'path': 'favicon.ico'}

During handling of the above exception, another exception occurred:

Traceback (most recent call last):
  File "/home/ymane/.local/lib/python3.8/site-packages/django/template/base.py", line 828, in _resolve_lookup
    current = current[bit]
TypeError: 'URLResolver' object is not subscriptable

During handling of the above exception, another exception occurred:

Traceback (most recent call last):
  File "/home/ymane/.local/lib/python3.8/site-packages/django/template/base.py", line 836, in _resolve_lookup
    current = getattr(current, bit)
AttributeError: 'URLResolver' object has no attribute 'name'

During handling of the above exception, another exception occurred:

Traceback (most recent call last):
  File "/home/ymane/.local/lib/python3.8/site-packages/django/template/base.py", line 842, in _resolve_lookup
    current = current[int(bit)]
ValueError: invalid literal for int() with base 10: 'name'

During handling of the above exception, another exception occurred:

Traceback (most recent call last):
  File "/home/ymane/.local/lib/python3.8/site-packages/django/template/base.py", line 847, in _resolve_lookup
    raise VariableDoesNotExist("Failed lookup for key "
django.template.base.VariableDoesNotExist: Failed lookup for key [name] in <URLResolver <module 'sentry.urls.base' from '/home/ymane/Téléchargements/projet_complet_easytrans_et_git/EASYTRANS/sentry/urls/base.py'> (None:None) 'sentry/'>
[ DEBUG ][ 2022-06-16 23:08:43,753 ][ base ] ==> Exception while resolving variable 'name' in template 'unknown'.
Traceback (most recent call last):
  File "/home/ymane/.local/lib/python3.8/site-packages/django/core/handlers/exception.py", line 34, in inner
    response = get_response(request)
  File "/home/ymane/.local/lib/python3.8/site-packages/django/core/handlers/base.py", line 100, in _get_response
    resolver_match = resolver.resolve(request.path_info)
  File "/home/ymane/.local/lib/python3.8/site-packages/django/urls/resolvers.py", line 575, in resolve
    raise Resolver404({'tried': tried, 'path': new_path})
django.urls.exceptions.Resolver404: {'tried': [[<URLResolver <URLPattern list> (admin:admin) 'admin-back-office/'>], [<URLResolver <module 'api.urls.base' from '/home/ymane/Téléchargements/projet_complet_easytrans_et_git/EASYTRANS/api/urls/base.py'> (None:None) 'api/v1/'>], [<URLResolver <module 'django.conf.urls.i18n' from '/home/ymane/.local/lib/python3.8/site-packages/django/conf/urls/i18n.py'> (None:None) 'i18n/'>], [<URLResolver <module 'session_security.urls' from '/home/ymane/Téléchargements/projet_complet_easytrans_et_git/EASYTRANS/session_security/urls.py'> (None:None) 'session_security/'>], [<URLResolver <module 'oauth.urls.base' from '/home/ymane/Téléchargements/projet_complet_easytrans_et_git/EASYTRANS/oauth/urls/base.py'> (None:None) 'oauth/'>], [<URLResolver <module 'sentry.urls.base' from '/home/ymane/Téléchargements/projet_complet_easytrans_et_git/EASYTRANS/sentry/urls/base.py'> (None:None) 'sentry/'>], [<URLResolver <module 'website.urls.base' from '/home/ymane/Téléchargements/projet_complet_easytrans_et_git/EASYTRANS/website/urls/base.py'> (None:None) ''>, <URLResolver <module 'website.urls.frontspace' from '/home/ymane/Téléchargements/projet_complet_easytrans_et_git/EASYTRANS/website/urls/frontspace.py'> (None:None) '^'>, <URLPattern '' [name='frontspace']>], [<URLResolver <module 'website.urls.base' from '/home/ymane/Téléchargements/projet_complet_easytrans_et_git/EASYTRANS/website/urls/base.py'> (None:None) ''>, <URLResolver <module 'website.urls.frontspace' from '/home/ymane/Téléchargements/projet_complet_easytrans_et_git/EASYTRANS/website/urls/frontspace.py'> (None:None) '^'>, <URLPattern 'ajax/load-lieu_depart/' [name='ajax_load_lieu_depart']>], [<URLResolver <module 'website.urls.base' from '/home/ymane/Téléchargements/projet_complet_easytrans_et_git/EASYTRANS/website/urls/base.py'> (None:None) ''>, <URLResolver <module 'website.urls.frontspace' from '/home/ymane/Téléchargements/projet_complet_easytrans_et_git/EASYTRANS/website/urls/frontspace.py'> (None:None) '^'>, <URLPattern 'ajax/load-destination/' [name='ajax_load_destination']>], [<URLResolver <module 'website.urls.base' from '/home/ymane/Téléchargements/projet_complet_easytrans_et_git/EASYTRANS/website/urls/base.py'> (None:None) ''>, <URLResolver <module 'website.urls.frontspace' from '/home/ymane/Téléchargements/projet_complet_easytrans_et_git/EASYTRANS/website/urls/frontspace.py'> (None:None) '^'>, <URLPattern '^media/(?P<path>.*)$'>], [<URLResolver <module 'website.urls.base' from '/home/ymane/Téléchargements/projet_complet_easytrans_et_git/EASYTRANS/website/urls/base.py'> (None:None) ''>, <URLResolver <module 'website.urls.frontspace' from '/home/ymane/Téléchargements/projet_complet_easytrans_et_git/EASYTRANS/website/urls/frontspace.py'> (None:None) '^'>, <URLPattern '^static/(?P<path>.*)$'>], [<URLResolver <module 'website.urls.base' from '/home/ymane/Téléchargements/projet_complet_easytrans_et_git/EASYTRANS/website/urls/base.py'> (None:None) ''>, <URLResolver <module 'website.urls.waiting_page' from '/home/ymane/Téléchargements/projet_complet_easytrans_et_git/EASYTRANS/website/urls/waiting_page.py'> (None:None) 'wait/'>], [<URLResolver <module 'website.urls.base' from '/home/ymane/Téléchargements/projet_complet_easytrans_et_git/EASYTRANS/website/urls/base.py'> (None:None) ''>, <URLResolver <module 'website.urls.payement_state' from '/home/ymane/Téléchargements/projet_complet_easytrans_et_git/EASYTRANS/website/urls/payement_state.py'> (None:None) 'payement_state/'>], [<URLResolver <module 'website.urls.base' from '/home/ymane/Téléchargements/projet_complet_easytrans_et_git/EASYTRANS/website/urls/base.py'> (None:None) ''>, <URLResolver <module 'website.urls.userspace' from '/home/ymane/Téléchargements/projet_complet_easytrans_et_git/EASYTRANS/website/urls/userspace.py'> (None:None) 'back-office/'>], [<URLResolver <module 'website.urls.base' from '/home/ymane/Téléchargements/projet_complet_easytrans_et_git/EASYTRANS/website/urls/base.py'> (None:None) ''>, <URLPattern '^media/(?P<path>.*)$'>], [<URLPattern '^media/(?P<path>.*)$'>], [<URLPattern '^static/(?P<path>.*)$'>]], 'path': 'favicon.ico'}

During handling of the above exception, another exception occurred:

Traceback (most recent call last):
  File "/home/ymane/.local/lib/python3.8/site-packages/django/template/base.py", line 828, in _resolve_lookup
    current = current[bit]
TypeError: 'URLResolver' object is not subscriptable

During handling of the above exception, another exception occurred:

Traceback (most recent call last):
  File "/home/ymane/.local/lib/python3.8/site-packages/django/template/base.py", line 836, in _resolve_lookup
    current = getattr(current, bit)
AttributeError: 'URLResolver' object has no attribute 'name'

During handling of the above exception, another exception occurred:

Traceback (most recent call last):
  File "/home/ymane/.local/lib/python3.8/site-packages/django/template/base.py", line 842, in _resolve_lookup
    current = current[int(bit)]
ValueError: invalid literal for int() with base 10: 'name'

During handling of the above exception, another exception occurred:

Traceback (most recent call last):
  File "/home/ymane/.local/lib/python3.8/site-packages/django/template/base.py", line 847, in _resolve_lookup
    raise VariableDoesNotExist("Failed lookup for key "
django.template.base.VariableDoesNotExist: Failed lookup for key [name] in <URLResolver <module 'website.urls.waiting_page' from '/home/ymane/Téléchargements/projet_complet_easytrans_et_git/EASYTRANS/website/urls/waiting_page.py'> (None:None) 'wait/'>
[ DEBUG ][ 2022-06-16 23:08:43,754 ][ base ] ==> Exception while resolving variable 'name' in template 'unknown'.
Traceback (most recent call last):
  File "/home/ymane/.local/lib/python3.8/site-packages/django/core/handlers/exception.py", line 34, in inner
    response = get_response(request)
  File "/home/ymane/.local/lib/python3.8/site-packages/django/core/handlers/base.py", line 100, in _get_response
    resolver_match = resolver.resolve(request.path_info)
  File "/home/ymane/.local/lib/python3.8/site-packages/django/urls/resolvers.py", line 575, in resolve
    raise Resolver404({'tried': tried, 'path': new_path})
django.urls.exceptions.Resolver404: {'tried': [[<URLResolver <URLPattern list> (admin:admin) 'admin-back-office/'>], [<URLResolver <module 'api.urls.base' from '/home/ymane/Téléchargements/projet_complet_easytrans_et_git/EASYTRANS/api/urls/base.py'> (None:None) 'api/v1/'>], [<URLResolver <module 'django.conf.urls.i18n' from '/home/ymane/.local/lib/python3.8/site-packages/django/conf/urls/i18n.py'> (None:None) 'i18n/'>], [<URLResolver <module 'session_security.urls' from '/home/ymane/Téléchargements/projet_complet_easytrans_et_git/EASYTRANS/session_security/urls.py'> (None:None) 'session_security/'>], [<URLResolver <module 'oauth.urls.base' from '/home/ymane/Téléchargements/projet_complet_easytrans_et_git/EASYTRANS/oauth/urls/base.py'> (None:None) 'oauth/'>], [<URLResolver <module 'sentry.urls.base' from '/home/ymane/Téléchargements/projet_complet_easytrans_et_git/EASYTRANS/sentry/urls/base.py'> (None:None) 'sentry/'>], [<URLResolver <module 'website.urls.base' from '/home/ymane/Téléchargements/projet_complet_easytrans_et_git/EASYTRANS/website/urls/base.py'> (None:None) ''>, <URLResolver <module 'website.urls.frontspace' from '/home/ymane/Téléchargements/projet_complet_easytrans_et_git/EASYTRANS/website/urls/frontspace.py'> (None:None) '^'>, <URLPattern '' [name='frontspace']>], [<URLResolver <module 'website.urls.base' from '/home/ymane/Téléchargements/projet_complet_easytrans_et_git/EASYTRANS/website/urls/base.py'> (None:None) ''>, <URLResolver <module 'website.urls.frontspace' from '/home/ymane/Téléchargements/projet_complet_easytrans_et_git/EASYTRANS/website/urls/frontspace.py'> (None:None) '^'>, <URLPattern 'ajax/load-lieu_depart/' [name='ajax_load_lieu_depart']>], [<URLResolver <module 'website.urls.base' from '/home/ymane/Téléchargements/projet_complet_easytrans_et_git/EASYTRANS/website/urls/base.py'> (None:None) ''>, <URLResolver <module 'website.urls.frontspace' from '/home/ymane/Téléchargements/projet_complet_easytrans_et_git/EASYTRANS/website/urls/frontspace.py'> (None:None) '^'>, <URLPattern 'ajax/load-destination/' [name='ajax_load_destination']>], [<URLResolver <module 'website.urls.base' from '/home/ymane/Téléchargements/projet_complet_easytrans_et_git/EASYTRANS/website/urls/base.py'> (None:None) ''>, <URLResolver <module 'website.urls.frontspace' from '/home/ymane/Téléchargements/projet_complet_easytrans_et_git/EASYTRANS/website/urls/frontspace.py'> (None:None) '^'>, <URLPattern '^media/(?P<path>.*)$'>], [<URLResolver <module 'website.urls.base' from '/home/ymane/Téléchargements/projet_complet_easytrans_et_git/EASYTRANS/website/urls/base.py'> (None:None) ''>, <URLResolver <module 'website.urls.frontspace' from '/home/ymane/Téléchargements/projet_complet_easytrans_et_git/EASYTRANS/website/urls/frontspace.py'> (None:None) '^'>, <URLPattern '^static/(?P<path>.*)$'>], [<URLResolver <module 'website.urls.base' from '/home/ymane/Téléchargements/projet_complet_easytrans_et_git/EASYTRANS/website/urls/base.py'> (None:None) ''>, <URLResolver <module 'website.urls.waiting_page' from '/home/ymane/Téléchargements/projet_complet_easytrans_et_git/EASYTRANS/website/urls/waiting_page.py'> (None:None) 'wait/'>], [<URLResolver <module 'website.urls.base' from '/home/ymane/Téléchargements/projet_complet_easytrans_et_git/EASYTRANS/website/urls/base.py'> (None:None) ''>, <URLResolver <module 'website.urls.payement_state' from '/home/ymane/Téléchargements/projet_complet_easytrans_et_git/EASYTRANS/website/urls/payement_state.py'> (None:None) 'payement_state/'>], [<URLResolver <module 'website.urls.base' from '/home/ymane/Téléchargements/projet_complet_easytrans_et_git/EASYTRANS/website/urls/base.py'> (None:None) ''>, <URLResolver <module 'website.urls.userspace' from '/home/ymane/Téléchargements/projet_complet_easytrans_et_git/EASYTRANS/website/urls/userspace.py'> (None:None) 'back-office/'>], [<URLResolver <module 'website.urls.base' from '/home/ymane/Téléchargements/projet_complet_easytrans_et_git/EASYTRANS/website/urls/base.py'> (None:None) ''>, <URLPattern '^media/(?P<path>.*)$'>], [<URLPattern '^media/(?P<path>.*)$'>], [<URLPattern '^static/(?P<path>.*)$'>]], 'path': 'favicon.ico'}

During handling of the above exception, another exception occurred:

Traceback (most recent call last):
  File "/home/ymane/.local/lib/python3.8/site-packages/django/template/base.py", line 828, in _resolve_lookup
    current = current[bit]
TypeError: 'URLResolver' object is not subscriptable

During handling of the above exception, another exception occurred:

Traceback (most recent call last):
  File "/home/ymane/.local/lib/python3.8/site-packages/django/template/base.py", line 836, in _resolve_lookup
    current = getattr(current, bit)
AttributeError: 'URLResolver' object has no attribute 'name'

During handling of the above exception, another exception occurred:

Traceback (most recent call last):
  File "/home/ymane/.local/lib/python3.8/site-packages/django/template/base.py", line 842, in _resolve_lookup
    current = current[int(bit)]
ValueError: invalid literal for int() with base 10: 'name'

During handling of the above exception, another exception occurred:

Traceback (most recent call last):
  File "/home/ymane/.local/lib/python3.8/site-packages/django/template/base.py", line 847, in _resolve_lookup
    raise VariableDoesNotExist("Failed lookup for key "
django.template.base.VariableDoesNotExist: Failed lookup for key [name] in <URLResolver <module 'website.urls.payement_state' from '/home/ymane/Téléchargements/projet_complet_easytrans_et_git/EASYTRANS/website/urls/payement_state.py'> (None:None) 'payement_state/'>
[ DEBUG ][ 2022-06-16 23:08:43,756 ][ base ] ==> Exception while resolving variable 'name' in template 'unknown'.
Traceback (most recent call last):
  File "/home/ymane/.local/lib/python3.8/site-packages/django/core/handlers/exception.py", line 34, in inner
    response = get_response(request)
  File "/home/ymane/.local/lib/python3.8/site-packages/django/core/handlers/base.py", line 100, in _get_response
    resolver_match = resolver.resolve(request.path_info)
  File "/home/ymane/.local/lib/python3.8/site-packages/django/urls/resolvers.py", line 575, in resolve
    raise Resolver404({'tried': tried, 'path': new_path})
django.urls.exceptions.Resolver404: {'tried': [[<URLResolver <URLPattern list> (admin:admin) 'admin-back-office/'>], [<URLResolver <module 'api.urls.base' from '/home/ymane/Téléchargements/projet_complet_easytrans_et_git/EASYTRANS/api/urls/base.py'> (None:None) 'api/v1/'>], [<URLResolver <module 'django.conf.urls.i18n' from '/home/ymane/.local/lib/python3.8/site-packages/django/conf/urls/i18n.py'> (None:None) 'i18n/'>], [<URLResolver <module 'session_security.urls' from '/home/ymane/Téléchargements/projet_complet_easytrans_et_git/EASYTRANS/session_security/urls.py'> (None:None) 'session_security/'>], [<URLResolver <module 'oauth.urls.base' from '/home/ymane/Téléchargements/projet_complet_easytrans_et_git/EASYTRANS/oauth/urls/base.py'> (None:None) 'oauth/'>], [<URLResolver <module 'sentry.urls.base' from '/home/ymane/Téléchargements/projet_complet_easytrans_et_git/EASYTRANS/sentry/urls/base.py'> (None:None) 'sentry/'>], [<URLResolver <module 'website.urls.base' from '/home/ymane/Téléchargements/projet_complet_easytrans_et_git/EASYTRANS/website/urls/base.py'> (None:None) ''>, <URLResolver <module 'website.urls.frontspace' from '/home/ymane/Téléchargements/projet_complet_easytrans_et_git/EASYTRANS/website/urls/frontspace.py'> (None:None) '^'>, <URLPattern '' [name='frontspace']>], [<URLResolver <module 'website.urls.base' from '/home/ymane/Téléchargements/projet_complet_easytrans_et_git/EASYTRANS/website/urls/base.py'> (None:None) ''>, <URLResolver <module 'website.urls.frontspace' from '/home/ymane/Téléchargements/projet_complet_easytrans_et_git/EASYTRANS/website/urls/frontspace.py'> (None:None) '^'>, <URLPattern 'ajax/load-lieu_depart/' [name='ajax_load_lieu_depart']>], [<URLResolver <module 'website.urls.base' from '/home/ymane/Téléchargements/projet_complet_easytrans_et_git/EASYTRANS/website/urls/base.py'> (None:None) ''>, <URLResolver <module 'website.urls.frontspace' from '/home/ymane/Téléchargements/projet_complet_easytrans_et_git/EASYTRANS/website/urls/frontspace.py'> (None:None) '^'>, <URLPattern 'ajax/load-destination/' [name='ajax_load_destination']>], [<URLResolver <module 'website.urls.base' from '/home/ymane/Téléchargements/projet_complet_easytrans_et_git/EASYTRANS/website/urls/base.py'> (None:None) ''>, <URLResolver <module 'website.urls.frontspace' from '/home/ymane/Téléchargements/projet_complet_easytrans_et_git/EASYTRANS/website/urls/frontspace.py'> (None:None) '^'>, <URLPattern '^media/(?P<path>.*)$'>], [<URLResolver <module 'website.urls.base' from '/home/ymane/Téléchargements/projet_complet_easytrans_et_git/EASYTRANS/website/urls/base.py'> (None:None) ''>, <URLResolver <module 'website.urls.frontspace' from '/home/ymane/Téléchargements/projet_complet_easytrans_et_git/EASYTRANS/website/urls/frontspace.py'> (None:None) '^'>, <URLPattern '^static/(?P<path>.*)$'>], [<URLResolver <module 'website.urls.base' from '/home/ymane/Téléchargements/projet_complet_easytrans_et_git/EASYTRANS/website/urls/base.py'> (None:None) ''>, <URLResolver <module 'website.urls.waiting_page' from '/home/ymane/Téléchargements/projet_complet_easytrans_et_git/EASYTRANS/website/urls/waiting_page.py'> (None:None) 'wait/'>], [<URLResolver <module 'website.urls.base' from '/home/ymane/Téléchargements/projet_complet_easytrans_et_git/EASYTRANS/website/urls/base.py'> (None:None) ''>, <URLResolver <module 'website.urls.payement_state' from '/home/ymane/Téléchargements/projet_complet_easytrans_et_git/EASYTRANS/website/urls/payement_state.py'> (None:None) 'payement_state/'>], [<URLResolver <module 'website.urls.base' from '/home/ymane/Téléchargements/projet_complet_easytrans_et_git/EASYTRANS/website/urls/base.py'> (None:None) ''>, <URLResolver <module 'website.urls.userspace' from '/home/ymane/Téléchargements/projet_complet_easytrans_et_git/EASYTRANS/website/urls/userspace.py'> (None:None) 'back-office/'>], [<URLResolver <module 'website.urls.base' from '/home/ymane/Téléchargements/projet_complet_easytrans_et_git/EASYTRANS/website/urls/base.py'> (None:None) ''>, <URLPattern '^media/(?P<path>.*)$'>], [<URLPattern '^media/(?P<path>.*)$'>], [<URLPattern '^static/(?P<path>.*)$'>]], 'path': 'favicon.ico'}

During handling of the above exception, another exception occurred:

Traceback (most recent call last):
  File "/home/ymane/.local/lib/python3.8/site-packages/django/template/base.py", line 828, in _resolve_lookup
    current = current[bit]
TypeError: 'URLResolver' object is not subscriptable

During handling of the above exception, another exception occurred:

Traceback (most recent call last):
  File "/home/ymane/.local/lib/python3.8/site-packages/django/template/base.py", line 836, in _resolve_lookup
    current = getattr(current, bit)
AttributeError: 'URLResolver' object has no attribute 'name'

During handling of the above exception, another exception occurred:

Traceback (most recent call last):
  File "/home/ymane/.local/lib/python3.8/site-packages/django/template/base.py", line 842, in _resolve_lookup
    current = current[int(bit)]
ValueError: invalid literal for int() with base 10: 'name'

During handling of the above exception, another exception occurred:

Traceback (most recent call last):
  File "/home/ymane/.local/lib/python3.8/site-packages/django/template/base.py", line 847, in _resolve_lookup
    raise VariableDoesNotExist("Failed lookup for key "
django.template.base.VariableDoesNotExist: Failed lookup for key [name] in <URLResolver <module 'website.urls.userspace' from '/home/ymane/Téléchargements/projet_complet_easytrans_et_git/EASYTRANS/website/urls/userspace.py'> (None:None) 'back-office/'>
